#
# A fatal error has been detected by the Java Runtime Environment:
#
#  SIGSEGV (0xb) at pc=0x00007f78a548030e, pid=3538, tid=140157125220096
#
# JRE version: 6.0_31-b31
# Java VM: OpenJDK 64-Bit Server VM (23.25-b01 mixed mode linux-amd64 compressed oops)
# Problematic frame:
# C  [libgdk-x11-2.0.so.0+0x7230e]  gdk_window_enable_synchronized_configure+0xe
#
# Failed to write core dump. Core dumps have been disabled. To enable core dumping, try "ulimit -c unlimited" before starting Java again
#
# If you would like to submit a bug report, please include
# instructions how to reproduce the bug and visit:
#   https://bugs.launchpad.net/ubuntu/+source/openjdk-6/
# The crash happened outside the Java Virtual Machine in native code.
# See problematic frame for where to report the bug.
#

---------------  T H R E A D  ---------------

Current thread (0x00007f78d8009800):  JavaThread "main" [_thread_in_native, id=3539, stack(0x00007f78df995000,0x00007f78dfa96000)]

siginfo:si_signo=SIGSEGV: si_errno=0, si_code=1 (SEGV_MAPERR), si_addr=0x0000000000000018

Registers:
RAX=0x0000000000000000, RBX=0x00007f78d8240000, RCX=0x00007f78dfa95700, RDX=0x0000000000000000
RSP=0x00007f78dfa93e10, RBP=0x00007f78d82400f0, RSI=0x0000000000000000, RDI=0x0000000000000000
R8 =0x00007f78d82396d0, R9 =0x0000000000000001, R10=0x00007f78dfa93bc0, R11=0x00007f78a5480300
R12=0x00007f78d8240000, R13=0x0000000000000000, R14=0x0000000000000260, R15=0x0000000000000000
RIP=0x00007f78a548030e, EFLAGS=0x0000000000010202, CSGSFS=0x0000000000000033, ERR=0x0000000000000004
  TRAPNO=0x000000000000000e

Top of Stack: (sp=0x00007f78dfa93e10)
0x00007f78dfa93e10:   0000000000000001 00007f78d8240000
0x00007f78dfa93e20:   00007f78d82400f0 00007f789cde741c
0x00007f78dfa93e30:   00007f78d8256270 00007f780000fc02
0x00007f78dfa93e40:   000001c7d8240000 0000000000000127
0x00007f78dfa93e50:   0000000000000000 0000000000000000
0x00007f78dfa93e60:   00007f7800000001 0000003000000020
0x00007f78dfa93e70:   00007f78d823ea50 00007f78d823ea30
0x00007f78dfa93e80:   00000000d821b010 00007f78a5e082d0
0x00007f78dfa93e90:   00007f78d8240000 0000000000000000
0x00007f78dfa93ea0:   00007f78dfa94158 00007f78a5e09eca
0x00007f78dfa93eb0:   00007f78d821c2a0 00007f78a5e082d0
0x00007f78dfa93ec0:   00007f78d8240000 0000000000000000
0x00007f78dfa93ed0:   00007f78dfa94188 00007f78a5e09eca
0x00007f78dfa93ee0:   0000000000000000 000000007d12684b
0x00007f78dfa93ef0:   0000000000000000 0000000000000000
0x00007f78dfa93f00:   00007f7800000002 00000000a5b3ce33
0x00007f78dfa93f10:   0000000040000002 0000000000000000
0x00007f78dfa93f20:   0000000500000005 00007f78a5e0ed65
0x00007f78dfa93f30:   00007f78d821b0a0 00007f78a5b3ce33
0x00007f78dfa93f40:   00007f78dfa94158 00007f78a5b885d1
0x00007f78dfa93f50:   00007f78d821b010 00007f78d821a230
0x00007f78dfa93f60:   00007f78dfa94170 00007f78dfa94188
0x00007f78dfa93f70:   00007f78d821c2a0 00007f78dfa94090
0x00007f78dfa93f80:   0000000000000000 00007f78a5e22741
0x00007f78dfa93f90:   0000000000000000 0000000000000004
0x00007f78dfa93fa0:   0000000000000004 00000000dfa94118
0x00007f78dfa93fb0:   00007f7800000001 00007f78d8240000
0x00007f78dfa93fc0:   0000000000000000 0000000000000004
0x00007f78dfa93fd0:   00007f78a5b0e790 0c1ec59955b16d00
0x00007f78dfa93fe0:   00007f78a54142d0 00007f78dfa94234
0x00007f78dfa93ff0:   00007f78dfa94230 0000000000000000
0x00007f78dfa94000:   00007f78d8240000 00000000000001c7 

Instructions: (pc=0x00007f78a548030e)
0x00007f78a54802ee:   00 48 83 c4 38 e9 b8 8f ff ff 0f 1f 84 00 00 00
0x00007f78a54802fe:   00 00 48 89 5c 24 f0 48 89 6c 24 f8 48 83 ec 18
0x00007f78a548030e:   48 8b 5f 18 48 89 fd e8 26 9c ff ff 48 85 db 74
0x00007f78a548031e:   22 48 8b 13 48 85 d2 74 05 48 39 02 74 0f 48 89 

Register to memory mapping:

RAX=0x0000000000000000 is an unknown value
RBX=0x00007f78d8240000 is an unknown value
RCX=0x00007f78dfa95700 is pointing into the stack for thread: 0x00007f78d8009800
RDX=0x0000000000000000 is an unknown value
RSP=0x00007f78dfa93e10 is pointing into the stack for thread: 0x00007f78d8009800
RBP=0x00007f78d82400f0 is an unknown value
RSI=0x0000000000000000 is an unknown value
RDI=0x0000000000000000 is an unknown value
R8 =0x00007f78d82396d0 is an unknown value
R9 =0x0000000000000001 is an unknown value
R10=0x00007f78dfa93bc0 is pointing into the stack for thread: 0x00007f78d8009800
R11=0x00007f78a5480300: gdk_window_enable_synchronized_configure+0 in /usr/lib/x86_64-linux-gnu/libgdk-x11-2.0.so.0 at 0x00007f78a540e000
R12=0x00007f78d8240000 is an unknown value
R13=0x0000000000000000 is an unknown value
R14=0x0000000000000260 is an unknown value
R15=0x0000000000000000 is an unknown value


Stack: [0x00007f78df995000,0x00007f78dfa96000],  sp=0x00007f78dfa93e10,  free space=1019k
Native frames: (J=compiled Java code, j=interpreted, Vv=VM code, C=native code)
C  [libgdk-x11-2.0.so.0+0x7230e]  gdk_window_enable_synchronized_configure+0xe

Java frames: (J=compiled Java code, j=interpreted, Vv=VM code)
j  org.eclipse.equinox.launcher.JNIBridge._show_splash(Ljava/lang/String;)V+0
j  org.eclipse.equinox.launcher.JNIBridge.showSplash(Ljava/lang/String;)Z+2
j  org.eclipse.equinox.launcher.Main.handleSplash([Ljava/net/URL;)V+157
j  org.eclipse.equinox.launcher.Main.basicRun([Ljava/lang/String;)V+116
j  org.eclipse.equinox.launcher.Main.run([Ljava/lang/String;)I+4
j  org.eclipse.equinox.launcher.Main.main([Ljava/lang/String;)V+10
v  ~StubRoutines::call_stub

---------------  P R O C E S S  ---------------

Java Threads: ( => current thread )
  0x00007f78d8118800 JavaThread "Low Memory Detector" daemon [_thread_blocked, id=3564, stack(0x00007f78a635c000,0x00007f78a645d000)]
  0x00007f78d8116000 JavaThread "C2 CompilerThread1" daemon [_thread_blocked, id=3563, stack(0x00007f78a645d000,0x00007f78a655e000)]
  0x00007f78d8113800 JavaThread "C2 CompilerThread0" daemon [_thread_blocked, id=3562, stack(0x00007f78a655e000,0x00007f78a665f000)]
  0x00007f78d8111000 JavaThread "Signal Dispatcher" daemon [_thread_blocked, id=3561, stack(0x00007f78a665f000,0x00007f78a6760000)]
  0x00007f78d80c2000 JavaThread "Finalizer" daemon [_thread_blocked, id=3560, stack(0x00007f78a68e9000,0x00007f78a69ea000)]
  0x00007f78d80c0000 JavaThread "Reference Handler" daemon [_thread_blocked, id=3559, stack(0x00007f78a69ea000,0x00007f78a6aeb000)]
=>0x00007f78d8009800 JavaThread "main" [_thread_in_native, id=3539, stack(0x00007f78df995000,0x00007f78dfa96000)]

Other Threads:
  0x00007f78d80b1000 VMThread [stack: 0x00007f78a6aeb000,0x00007f78a6bec000] [id=3558]
  0x00007f78d8123000 WatcherThread [stack: 0x00007f78a625b000,0x00007f78a635c000] [id=3565]

VM state:not at safepoint (normal execution)

VM Mutex/Monitor currently owned by a thread: None

Heap
 PSYoungGen      total 11968K, used 1030K [0x00000000f8000000, 0x00000000f8d50000, 0x0000000100000000)
  eden space 10304K, 10% used [0x00000000f8000000,0x00000000f8101bb8,0x00000000f8a10000)
  from space 1664K, 0% used [0x00000000f8bb0000,0x00000000f8bb0000,0x00000000f8d50000)
  to   space 1664K, 0% used [0x00000000f8a10000,0x00000000f8a10000,0x00000000f8bb0000)
 ParOldGen       total 27328K, used 0K [0x00000000e8000000, 0x00000000e9ab0000, 0x00000000f8000000)
  object space 27328K, 0% used [0x00000000e8000000,0x00000000e8000000,0x00000000e9ab0000)
 PSPermGen       total 21248K, used 3222K [0x00000000d8000000, 0x00000000d94c0000, 0x00000000e8000000)
  object space 21248K, 15% used [0x00000000d8000000,0x00000000d83258c0,0x00000000d94c0000)

Card table byte_map: [0x00007f78dc60c000,0x00007f78dc74d000] byte_map_base: 0x00007f78dbf4c000

Polling page: 0x00007f78dfaa8000

Code Cache  [0x00007f78d5000000, 0x00007f78d5270000, 0x00007f78d8000000)
 total_blobs=177 nmethods=4 adapters=127 free_code_cache=48762Kb largest_free_block=49916928

Compilation events (8 events):
Event: 0.158 Thread 0x00007f78d8113800    1             java.util.Properties$LineReader::readLine (452 bytes)
Event: 0.185 Thread 0x00007f78d8113800 nmethod 1 0x00007f78d505e250 code [0x00007f78d505e3e0, 0x00007f78d505ebb8]
Event: 0.198 Thread 0x00007f78d8116000    2             java.lang.String::hashCode (60 bytes)
Event: 0.198 Thread 0x00007f78d8113800    3             java.lang.String::indexOf (151 bytes)
Event: 0.203 Thread 0x00007f78d8116000 nmethod 2 0x00007f78d505df10 code [0x00007f78d505e040, 0x00007f78d505e1d8]
Event: 0.211 Thread 0x00007f78d8113800 nmethod 3 0x00007f78d5062ad0 code [0x00007f78d5062c20, 0x00007f78d50630c8]
Event: 0.221 Thread 0x00007f78d8116000    4             sun.nio.cs.UTF_8$Decoder::decodeArrayLoop (553 bytes)
Event: 0.248 Thread 0x00007f78d8116000 nmethod 4 0x00007f78d5061250 code [0x00007f78d5061480, 0x00007f78d5061f58]

GC Heap History (0 events):
No events

Deoptimization events (3 events):
Event: 0.196 Thread 0x00007f78d8009800 Uncommon trap -34 fr.pc 0x00007f78d505ea38
Event: 0.196 Thread 0x00007f78d8009800 Uncommon trap -34 fr.pc 0x00007f78d505ea38
Event: 0.196 Thread 0x00007f78d8009800 Uncommon trap -34 fr.pc 0x00007f78d505ea38

Internal exceptions (10 events):
Event: 0.135 Thread 0x00007f78d8009800 Threw 0x00000000f804f598 at /build/buildd/openjdk-6-6b31-1.13.3/build/openjdk/hotspot/src/share/vm/prims/jvm.cpp:1235
Event: 0.183 Thread 0x00007f78d8009800 Threw 0x00000000f809e780 at /build/buildd/openjdk-6-6b31-1.13.3/build/openjdk/hotspot/src/share/vm/classfile/systemDictionary.cpp:1
Event: 0.183 Thread 0x00007f78d8009800 Threw 0x00000000f809eb18 at /build/buildd/openjdk-6-6b31-1.13.3/build/openjdk/hotspot/src/share/vm/prims/jvm.cpp:1235
Event: 0.184 Thread 0x00007f78d8009800 Threw 0x00000000f80a17e8 at /build/buildd/openjdk-6-6b31-1.13.3/build/openjdk/hotspot/src/share/vm/classfile/systemDictionary.cpp:1
Event: 0.184 Thread 0x00007f78d8009800 Threw 0x00000000f80a1b70 at /build/buildd/openjdk-6-6b31-1.13.3/build/openjdk/hotspot/src/share/vm/prims/jvm.cpp:1235
Event: 0.189 Thread 0x00007f78d8009800 Threw 0x00000000f80a56c8 at /build/buildd/openjdk-6-6b31-1.13.3/build/openjdk/hotspot/src/share/vm/classfile/systemDictionary.cpp:1
Event: 0.189 Thread 0x00007f78d8009800 Threw 0x00000000f80a5a50 at /build/buildd/openjdk-6-6b31-1.13.3/build/openjdk/hotspot/src/share/vm/prims/jvm.cpp:1235
Event: 0.199 Thread 0x00007f78d8009800 Threw 0x00000000f80c0a40 at /build/buildd/openjdk-6-6b31-1.13.3/build/openjdk/hotspot/src/share/vm/classfile/systemDictionary.cpp:1
Event: 0.199 Thread 0x00007f78d8009800 Threw 0x00000000f80c0da0 at /build/buildd/openjdk-6-6b31-1.13.3/build/openjdk/hotspot/src/share/vm/prims/jvm.cpp:1235
Event: 0.224 Thread 0x00007f78d8009800 Threw 0x00000000f80ec0f0 at /build/buildd/openjdk-6-6b31-1.13.3/build/openjdk/hotspot/src/share/vm/prims/nativeLookup.cpp:376

Events (10 events):
Event: 0.215 loading class 0x00007f78d8210db0 done
Event: 0.215 loading class 0x00007f78d810b140 done
Event: 0.215 loading class 0x00007f78d8211370
Event: 0.215 loading class 0x00007f78d8211590
Event: 0.215 loading class 0x00007f78d8211590 done
Event: 0.215 loading class 0x00007f78d8211370 done
Event: 0.216 loading class 0x00007f78d8210d70
Event: 0.216 loading class 0x00007f78d8210d70 done
Event: 0.216 loading class 0x00007f78d8211640
Event: 0.216 loading class 0x00007f78d8211640 done


Dynamic libraries:
00400000-00409000 r-xp 00000000 08:01 22286766                           /usr/lib/jvm/java-6-openjdk-amd64/jre/bin/java
00608000-00609000 r--p 00008000 08:01 22286766                           /usr/lib/jvm/java-6-openjdk-amd64/jre/bin/java
00609000-0060a000 rw-p 00009000 08:01 22286766                           /usr/lib/jvm/java-6-openjdk-amd64/jre/bin/java
0114e000-0116f000 rw-p 00000000 00:00 0                                  [heap]
d8000000-d94c0000 rw-p 00000000 00:00 0 
d94c0000-e8000000 rw-p 00000000 00:00 0 
e8000000-e9ab0000 rw-p 00000000 00:00 0 
e9ab0000-f8000000 rw-p 00000000 00:00 0 
f8000000-f8d50000 rw-p 00000000 00:00 0 
f8d50000-100000000 rw-p 00000000 00:00 0 
7f785c000000-7f785c021000 rw-p 00000000 00:00 0 
7f785c021000-7f7860000000 ---p 00000000 00:00 0 
7f7860000000-7f7860021000 rw-p 00000000 00:00 0 
7f7860021000-7f7864000000 ---p 00000000 00:00 0 
7f7864000000-7f786411a000 rw-p 00000000 00:00 0 
7f786411a000-7f7868000000 ---p 00000000 00:00 0 
7f7868000000-7f7868070000 rw-p 00000000 00:00 0 
7f7868070000-7f786c000000 ---p 00000000 00:00 0 
7f786c000000-7f786c021000 rw-p 00000000 00:00 0 
7f786c021000-7f7870000000 ---p 00000000 00:00 0 
7f7870000000-7f7870021000 rw-p 00000000 00:00 0 
7f7870021000-7f7874000000 ---p 00000000 00:00 0 
7f7874000000-7f7874021000 rw-p 00000000 00:00 0 
7f7874021000-7f7878000000 ---p 00000000 00:00 0 
7f7878000000-7f7878021000 rw-p 00000000 00:00 0 
7f7878021000-7f787c000000 ---p 00000000 00:00 0 
7f787c000000-7f787c021000 rw-p 00000000 00:00 0 
7f787c021000-7f7880000000 ---p 00000000 00:00 0 
7f7880000000-7f7880021000 rw-p 00000000 00:00 0 
7f7880021000-7f7884000000 ---p 00000000 00:00 0 
7f7884000000-7f7884021000 rw-p 00000000 00:00 0 
7f7884021000-7f7888000000 ---p 00000000 00:00 0 
7f7888000000-7f7888021000 rw-p 00000000 00:00 0 
7f7888021000-7f788c000000 ---p 00000000 00:00 0 
7f788c000000-7f788c021000 rw-p 00000000 00:00 0 
7f788c021000-7f7890000000 ---p 00000000 00:00 0 
7f7890000000-7f7890021000 rw-p 00000000 00:00 0 
7f7890021000-7f7894000000 ---p 00000000 00:00 0 
7f7898000000-7f7898021000 rw-p 00000000 00:00 0 
7f7898021000-7f789c000000 ---p 00000000 00:00 0 
7f789c75c000-7f789c75f000 r-xp 00000000 08:01 22022526                   /usr/lib/x86_64-linux-gnu/gdk-pixbuf-2.0/2.10.0/loaders/libpixbufloader-bmp.so
7f789c75f000-7f789c95f000 ---p 00003000 08:01 22022526                   /usr/lib/x86_64-linux-gnu/gdk-pixbuf-2.0/2.10.0/loaders/libpixbufloader-bmp.so
7f789c95f000-7f789c960000 r--p 00003000 08:01 22022526                   /usr/lib/x86_64-linux-gnu/gdk-pixbuf-2.0/2.10.0/loaders/libpixbufloader-bmp.so
7f789c960000-7f789c961000 rw-p 00004000 08:01 22022526                   /usr/lib/x86_64-linux-gnu/gdk-pixbuf-2.0/2.10.0/loaders/libpixbufloader-bmp.so
7f789c961000-7f789c980000 r-xp 00000000 08:01 20448133                   /usr/lib/x86_64-linux-gnu/libatk-1.0.so.0.20409.1
7f789c980000-7f789cb80000 ---p 0001f000 08:01 20448133                   /usr/lib/x86_64-linux-gnu/libatk-1.0.so.0.20409.1
7f789cb80000-7f789cb82000 r--p 0001f000 08:01 20448133                   /usr/lib/x86_64-linux-gnu/libatk-1.0.so.0.20409.1
7f789cb82000-7f789cb83000 rw-p 00021000 08:01 20448133                   /usr/lib/x86_64-linux-gnu/libatk-1.0.so.0.20409.1
7f789cb83000-7f789cfb1000 r-xp 00000000 08:01 20450051                   /usr/lib/x86_64-linux-gnu/libgtk-x11-2.0.so.0.2400.10
7f789cfb1000-7f789d1b0000 ---p 0042e000 08:01 20450051                   /usr/lib/x86_64-linux-gnu/libgtk-x11-2.0.so.0.2400.10
7f789d1b0000-7f789d1b7000 r--p 0042d000 08:01 20450051                   /usr/lib/x86_64-linux-gnu/libgtk-x11-2.0.so.0.2400.10
7f789d1b7000-7f789d1bb000 rw-p 00434000 08:01 20450051                   /usr/lib/x86_64-linux-gnu/libgtk-x11-2.0.so.0.2400.10
7f789d1bb000-7f789d1bd000 rw-p 00000000 00:00 0 
7f789d1bd000-7f789d1c2000 r-xp 00000000 08:01 20454925                   /usr/lib/x86_64-linux-gnu/libXdmcp.so.6.0.0
7f789d1c2000-7f789d3c1000 ---p 00005000 08:01 20454925                   /usr/lib/x86_64-linux-gnu/libXdmcp.so.6.0.0
7f789d3c1000-7f789d3c2000 r--p 00004000 08:01 20454925                   /usr/lib/x86_64-linux-gnu/libXdmcp.so.6.0.0
7f789d3c2000-7f789d3c3000 rw-p 00005000 08:01 20454925                   /usr/lib/x86_64-linux-gnu/libXdmcp.so.6.0.0
7f789d3c3000-7f789d3c5000 r-xp 00000000 08:01 20454923                   /usr/lib/x86_64-linux-gnu/libXau.so.6.0.0
7f789d3c5000-7f789d5c4000 ---p 00002000 08:01 20454923                   /usr/lib/x86_64-linux-gnu/libXau.so.6.0.0
7f789d5c4000-7f789d5c5000 r--p 00001000 08:01 20454923                   /usr/lib/x86_64-linux-gnu/libXau.so.6.0.0
7f789d5c5000-7f789d5c6000 rw-p 00002000 08:01 20454923                   /usr/lib/x86_64-linux-gnu/libXau.so.6.0.0
7f789d5c6000-7f789d5e3000 r-xp 00000000 08:01 20454927                   /usr/lib/x86_64-linux-gnu/libxcb.so.1.1.0
7f789d5e3000-7f789d7e2000 ---p 0001d000 08:01 20454927                   /usr/lib/x86_64-linux-gnu/libxcb.so.1.1.0
7f789d7e2000-7f789d7e3000 r--p 0001c000 08:01 20454927                   /usr/lib/x86_64-linux-gnu/libxcb.so.1.1.0
7f789d7e3000-7f789d7e4000 rw-p 0001d000 08:01 20454927                   /usr/lib/x86_64-linux-gnu/libxcb.so.1.1.0
7f789d7e4000-7f789d7ec000 r-xp 00000000 08:01 20448145                   /usr/lib/x86_64-linux-gnu/libxcb-render.so.0.0.0
7f789d7ec000-7f789d9ec000 ---p 00008000 08:01 20448145                   /usr/lib/x86_64-linux-gnu/libxcb-render.so.0.0.0
7f789d9ec000-7f789d9ed000 r--p 00008000 08:01 20448145                   /usr/lib/x86_64-linux-gnu/libxcb-render.so.0.0.0
7f789d9ed000-7f789d9ee000 rw-p 00009000 08:01 20448145                   /usr/lib/x86_64-linux-gnu/libxcb-render.so.0.0.0
7f789d9ee000-7f789d9f0000 r-xp 00000000 08:01 20448147                   /usr/lib/x86_64-linux-gnu/libxcb-shm.so.0.0.0
7f789d9f0000-7f789dbef000 ---p 00002000 08:01 20448147                   /usr/lib/x86_64-linux-gnu/libxcb-shm.so.0.0.0
7f789dbef000-7f789dbf0000 r--p 00001000 08:01 20448147                   /usr/lib/x86_64-linux-gnu/libxcb-shm.so.0.0.0
7f789dbf0000-7f789dbf1000 rw-p 00002000 08:01 20448147                   /usr/lib/x86_64-linux-gnu/libxcb-shm.so.0.0.0
7f789dbf1000-7f789dc17000 r-xp 00000000 08:01 50069564                   /lib/x86_64-linux-gnu/libpng12.so.0.46.0
7f789dc17000-7f789de17000 ---p 00026000 08:01 50069564                   /lib/x86_64-linux-gnu/libpng12.so.0.46.0
7f789de17000-7f789de18000 r--p 00026000 08:01 50069564                   /lib/x86_64-linux-gnu/libpng12.so.0.46.0
7f789de18000-7f789de19000 rw-p 00027000 08:01 50069564                   /lib/x86_64-linux-gnu/libpng12.so.0.46.0
7f789de19000-7f789dea9000 r-xp 00000000 08:01 20448143                   /usr/lib/x86_64-linux-gnu/libpixman-1.so.0.30.2
7f789dea9000-7f789e0a8000 ---p 00090000 08:01 20448143                   /usr/lib/x86_64-linux-gnu/libpixman-1.so.0.30.2
7f789e0a8000-7f789e0af000 r--p 0008f000 08:01 20448143                   /usr/lib/x86_64-linux-gnu/libpixman-1.so.0.30.2
7f789e0af000-7f789e0b0000 rw-p 00096000 08:01 20448143                   /usr/lib/x86_64-linux-gnu/libpixman-1.so.0.30.2
7f789e0b0000-7f789e0d7000 r-xp 00000000 08:01 50069736                   /lib/x86_64-linux-gnu/libexpat.so.1.5.2
7f789e0d7000-7f789e2d7000 ---p 00027000 08:01 50069736                   /lib/x86_64-linux-gnu/libexpat.so.1.5.2
7f789e2d7000-7f789e2d9000 r--p 00027000 08:01 50069736                   /lib/x86_64-linux-gnu/libexpat.so.1.5.2
7f789e2d9000-7f789e2da000 rw-p 00029000 08:01 50069736                   /lib/x86_64-linux-gnu/libexpat.so.1.5.2
7f789e2da000-7f789e2f2000 r-xp 00000000 08:01 50073061                   /lib/x86_64-linux-gnu/libresolv-2.15.so
7f789e2f2000-7f789e4f2000 ---p 00018000 08:01 50073061                   /lib/x86_64-linux-gnu/libresolv-2.15.so
7f789e4f2000-7f789e4f3000 r--p 00018000 08:01 50073061                   /lib/x86_64-linux-gnu/libresolv-2.15.so
7f789e4f3000-7f789e4f4000 rw-p 00019000 08:01 50073061                   /lib/x86_64-linux-gnu/libresolv-2.15.so
7f789e4f4000-7f789e4f6000 rw-p 00000000 00:00 0 
7f789e4f6000-7f789e513000 r-xp 00000000 08:01 50069567                   /lib/x86_64-linux-gnu/libselinux.so.1
7f789e513000-7f789e712000 ---p 0001d000 08:01 50069567                   /lib/x86_64-linux-gnu/libselinux.so.1
7f789e712000-7f789e713000 r--p 0001c000 08:01 50069567                   /lib/x86_64-linux-gnu/libselinux.so.1
7f789e713000-7f789e714000 rw-p 0001d000 08:01 50069567                   /lib/x86_64-linux-gnu/libselinux.so.1
7f789e714000-7f789e715000 rw-p 00000000 00:00 0 
7f789e715000-7f789e718000 r-xp 00000000 08:01 20447978                   /usr/lib/x86_64-linux-gnu/libgmodule-2.0.so.0.3200.3
7f789e718000-7f789e917000 ---p 00003000 08:01 20447978                   /usr/lib/x86_64-linux-gnu/libgmodule-2.0.so.0.3200.3
7f789e917000-7f789e918000 r--p 00002000 08:01 20447978                   /usr/lib/x86_64-linux-gnu/libgmodule-2.0.so.0.3200.3
7f789e918000-7f789e919000 rw-p 00003000 08:01 20447978                   /usr/lib/x86_64-linux-gnu/libgmodule-2.0.so.0.3200.3
7f789e919000-7f789e9af000 r-xp 00000000 08:01 20453965                   /usr/lib/x86_64-linux-gnu/libfreetype.so.6.8.0
7f789e9af000-7f789ebae000 ---p 00096000 08:01 20453965                   /usr/lib/x86_64-linux-gnu/libfreetype.so.6.8.0
7f789ebae000-7f789ebb4000 r--p 00095000 08:01 20453965                   /usr/lib/x86_64-linux-gnu/libfreetype.so.6.8.0
7f789ebb4000-7f789ebb5000 rw-p 0009b000 08:01 20453965                   /usr/lib/x86_64-linux-gnu/libfreetype.so.6.8.0
7f789ebb5000-7f789ebde000 r-xp 00000000 08:01 20449887                   /usr/lib/x86_64-linux-gnu/libpangoft2-1.0.so.0.3000.0
7f789ebde000-7f789eddd000 ---p 00029000 08:01 20449887                   /usr/lib/x86_64-linux-gnu/libpangoft2-1.0.so.0.3000.0
7f789eddd000-7f789edde000 r--p 00028000 08:01 20449887                   /usr/lib/x86_64-linux-gnu/libpangoft2-1.0.so.0.3000.0
7f789edde000-7f789eddf000 rw-p 00029000 08:01 20449887                   /usr/lib/x86_64-linux-gnu/libpangoft2-1.0.so.0.3000.0
7f789eddf000-7f789ef0f000 r-xp 00000000 08:01 20459453                   /usr/lib/x86_64-linux-gnu/libX11.so.6.3.0
7f789ef0f000-7f789f10f000 ---p 00130000 08:01 20459453                   /usr/lib/x86_64-linux-gnu/libX11.so.6.3.0
7f789f10f000-7f789f110000 r--p 00130000 08:01 20459453                   /usr/lib/x86_64-linux-gnu/libX11.so.6.3.0
7f789f110000-7f789f114000 rw-p 00131000 08:01 20459453                   /usr/lib/x86_64-linux-gnu/libX11.so.6.3.0
7f789f114000-7f789f1cd000 r-xp 00000000 08:01 20448151                   /usr/lib/x86_64-linux-gnu/libcairo.so.2.11000.2
7f789f1cd000-7f789f3cc000 ---p 000b9000 08:01 20448151                   /usr/lib/x86_64-linux-gnu/libcairo.so.2.11000.2
7f789f3cc000-7f789f3ce000 r--p 000b8000 08:01 20448151                   /usr/lib/x86_64-linux-gnu/libcairo.so.2.11000.2
7f789f3ce000-7f789f3cf000 rw-p 000ba000 08:01 20448151                   /usr/lib/x86_64-linux-gnu/libcairo.so.2.11000.2
7f789f3cf000-7f789f3d2000 rw-p 00000000 00:00 0 
7f789f3d2000-7f789f3d7000 r-xp 00000000 08:01 20449852                   /usr/lib/x86_64-linux-gnu/libXfixes.so.3.1.0
7f789f3d7000-7f789f5d6000 ---p 00005000 08:01 20449852                   /usr/lib/x86_64-linux-gnu/libXfixes.so.3.1.0
7f789f5d6000-7f789f5d7000 r--p 00004000 08:01 20449852                   /usr/lib/x86_64-linux-gnu/libXfixes.so.3.1.0
7f789f5d7000-7f789f5d8000 rw-p 00005000 08:01 20449852                   /usr/lib/x86_64-linux-gnu/libXfixes.so.3.1.0
7f789f5d8000-7f789f5da000 r-xp 00000000 08:01 20448734                   /usr/lib/x86_64-linux-gnu/libXdamage.so.1.1.0
7f789f5da000-7f789f7d9000 ---p 00002000 08:01 20448734                   /usr/lib/x86_64-linux-gnu/libXdamage.so.1.1.0
7f789f7d9000-7f789f7da000 r--p 00001000 08:01 20448734                   /usr/lib/x86_64-linux-gnu/libXdamage.so.1.1.0
7f789f7da000-7f789f7db000 rw-p 00002000 08:01 20448734                   /usr/lib/x86_64-linux-gnu/libXdamage.so.1.1.0
7f789f7db000-7f789f7dd000 r-xp 00000000 08:01 20449896                   /usr/lib/x86_64-linux-gnu/libXcomposite.so.1.0.0
7f789f7dd000-7f789f9dc000 ---p 00002000 08:01 20449896                   /usr/lib/x86_64-linux-gnu/libXcomposite.so.1.0.0
7f789f9dc000-7f789f9dd000 r--p 00001000 08:01 20449896                   /usr/lib/x86_64-linux-gnu/libXcomposite.so.1.0.0
7f789f9dd000-7f789f9de000 rw-p 00002000 08:01 20449896                   /usr/lib/x86_64-linux-gnu/libXcomposite.so.1.0.0
7f789f9de000-7f789f9e7000 r-xp 00000000 08:01 20450027                   /usr/lib/x86_64-linux-gnu/libXcursor.so.1.0.2
7f789f9e7000-7f789fbe6000 ---p 00009000 08:01 20450027                   /usr/lib/x86_64-linux-gnu/libXcursor.so.1.0.2
7f789fbe6000-7f789fbe7000 r--p 00008000 08:01 20450027                   /usr/lib/x86_64-linux-gnu/libXcursor.so.1.0.2
7f789fbe7000-7f789fbe8000 rw-p 00009000 08:01 20450027                   /usr/lib/x86_64-linux-gnu/libXcursor.so.1.0.2
7f789fbe8000-7f789fbef000 r-xp 00000000 08:01 20450040                   /usr/lib/x86_64-linux-gnu/libXrandr.so.2.2.0
7f789fbef000-7f789fdee000 ---p 00007000 08:01 20450040                   /usr/lib/x86_64-linux-gnu/libXrandr.so.2.2.0
7f789fdee000-7f789fdef000 r--p 00006000 08:01 20450040                   /usr/lib/x86_64-linux-gnu/libXrandr.so.2.2.0
7f789fdef000-7f789fdf0000 rw-p 00007000 08:01 20450040                   /usr/lib/x86_64-linux-gnu/libXrandr.so.2.2.0
7f789fdf0000-7f789fdff000 r-xp 00000000 08:01 20450033                   /usr/lib/x86_64-linux-gnu/libXi.so.6.1.0
7f789fdff000-7f789fffe000 ---p 0000f000 08:01 20450033                   /usr/lib/x86_64-linux-gnu/libXi.so.6.1.0
7f789fffe000-7f789ffff000 r--p 0000e000 08:01 20450033                   /usr/lib/x86_64-linux-gnu/libXi.so.6.1.0
7f789ffff000-7f78a0000000 rw-p 0000f000 08:01 20450033                   /usr/lib/x86_64-linux-gnu/libXi.so.6.1.0
7f78a0000000-7f78a0021000 rw-p 00000000 00:00 0 
7f78a0021000-7f78a4000000 ---p 00000000 00:00 0 
7f78a41f6000-7f78a41f8000 r-xp 00000000 08:01 20450037                   /usr/lib/x86_64-linux-gnu/libXinerama.so.1.0.0
7f78a41f8000-7f78a43f7000 ---p 00002000 08:01 20450037                   /usr/lib/x86_64-linux-gnu/libXinerama.so.1.0.0
7f78a43f7000-7f78a43f8000 r--p 00001000 08:01 20450037                   /usr/lib/x86_64-linux-gnu/libXinerama.so.1.0.0
7f78a43f8000-7f78a43f9000 rw-p 00002000 08:01 20450037                   /usr/lib/x86_64-linux-gnu/libXinerama.so.1.0.0
7f78a43f9000-7f78a4402000 r-xp 00000000 08:01 20448149                   /usr/lib/x86_64-linux-gnu/libXrender.so.1.3.0
7f78a4402000-7f78a4601000 ---p 00009000 08:01 20448149                   /usr/lib/x86_64-linux-gnu/libXrender.so.1.3.0
7f78a4601000-7f78a4602000 r--p 00008000 08:01 20448149                   /usr/lib/x86_64-linux-gnu/libXrender.so.1.3.0
7f78a4602000-7f78a4603000 rw-p 00009000 08:01 20448149                   /usr/lib/x86_64-linux-gnu/libXrender.so.1.3.0
7f78a4603000-7f78a4613000 r-xp 00000000 08:01 20454934                   /usr/lib/x86_64-linux-gnu/libXext.so.6.4.0
7f78a4613000-7f78a4812000 ---p 00010000 08:01 20454934                   /usr/lib/x86_64-linux-gnu/libXext.so.6.4.0
7f78a4812000-7f78a4813000 r--p 0000f000 08:01 20454934                   /usr/lib/x86_64-linux-gnu/libXext.so.6.4.0
7f78a4813000-7f78a4814000 rw-p 00010000 08:01 20454934                   /usr/lib/x86_64-linux-gnu/libXext.so.6.4.0
7f78a4814000-7f78a4848000 r-xp 00000000 08:01 20448140                   /usr/lib/x86_64-linux-gnu/libfontconfig.so.1.4.4
7f78a4848000-7f78a4a48000 ---p 00034000 08:01 20448140                   /usr/lib/x86_64-linux-gnu/libfontconfig.so.1.4.4
7f78a4a48000-7f78a4a49000 r--p 00034000 08:01 20448140                   /usr/lib/x86_64-linux-gnu/libfontconfig.so.1.4.4
7f78a4a49000-7f78a4a4a000 rw-p 00035000 08:01 20448140                   /usr/lib/x86_64-linux-gnu/libfontconfig.so.1.4.4
7f78a4a4a000-7f78a4b92000 r-xp 00000000 08:01 20447990                   /usr/lib/x86_64-linux-gnu/libgio-2.0.so.0.3200.3
7f78a4b92000-7f78a4d91000 ---p 00148000 08:01 20447990                   /usr/lib/x86_64-linux-gnu/libgio-2.0.so.0.3200.3
7f78a4d91000-7f78a4d95000 r--p 00147000 08:01 20447990                   /usr/lib/x86_64-linux-gnu/libgio-2.0.so.0.3200.3
7f78a4d95000-7f78a4d97000 rw-p 0014b000 08:01 20447990                   /usr/lib/x86_64-linux-gnu/libgio-2.0.so.0.3200.3
7f78a4d97000-7f78a4d99000 rw-p 00000000 00:00 0 
7f78a4d99000-7f78a4db7000 r-xp 00000000 08:01 20448164                   /usr/lib/x86_64-linux-gnu/libgdk_pixbuf-2.0.so.0.2600.1
7f78a4db7000-7f78a4fb7000 ---p 0001e000 08:01 20448164                   /usr/lib/x86_64-linux-gnu/libgdk_pixbuf-2.0.so.0.2600.1
7f78a4fb7000-7f78a4fb8000 r--p 0001e000 08:01 20448164                   /usr/lib/x86_64-linux-gnu/libgdk_pixbuf-2.0.so.0.2600.1
7f78a4fb8000-7f78a4fb9000 rw-p 0001f000 08:01 20448164                   /usr/lib/x86_64-linux-gnu/libgdk_pixbuf-2.0.so.0.2600.1
7f78a4fb9000-7f78a4fff000 r-xp 00000000 08:01 20449889                   /usr/lib/x86_64-linux-gnu/libpango-1.0.so.0.3000.0
7f78a4fff000-7f78a51ff000 ---p 00046000 08:01 20449889                   /usr/lib/x86_64-linux-gnu/libpango-1.0.so.0.3000.0
7f78a51ff000-7f78a5201000 r--p 00046000 08:01 20449889                   /usr/lib/x86_64-linux-gnu/libpango-1.0.so.0.3000.0
7f78a5201000-7f78a5202000 rw-p 00048000 08:01 20449889                   /usr/lib/x86_64-linux-gnu/libpango-1.0.so.0.3000.0
7f78a5202000-7f78a520d000 r-xp 00000000 08:01 20449890                   /usr/lib/x86_64-linux-gnu/libpangocairo-1.0.so.0.3000.0
7f78a520d000-7f78a540c000 ---p 0000b000 08:01 20449890                   /usr/lib/x86_64-linux-gnu/libpangocairo-1.0.so.0.3000.0
7f78a540c000-7f78a540d000 r--p 0000a000 08:01 20449890                   /usr/lib/x86_64-linux-gnu/libpangocairo-1.0.so.0.3000.0
7f78a540d000-7f78a540e000 rw-p 0000b000 08:01 20449890                   /usr/lib/x86_64-linux-gnu/libpangocairo-1.0.so.0.3000.0
7f78a540e000-7f78a54bb000 r-xp 00000000 08:01 20450049                   /usr/lib/x86_64-linux-gnu/libgdk-x11-2.0.so.0.2400.10
7f78a54bb000-7f78a56ba000 ---p 000ad000 08:01 20450049                   /usr/lib/x86_64-linux-gnu/libgdk-x11-2.0.so.0.2400.10
7f78a56ba000-7f78a56be000 r--p 000ac000 08:01 20450049                   /usr/lib/x86_64-linux-gnu/libgdk-x11-2.0.so.0.2400.10
7f78a56be000-7f78a56c0000 rw-p 000b0000 08:01 20450049                   /usr/lib/x86_64-linux-gnu/libgdk-x11-2.0.so.0.2400.10
7f78a56c0000-7f78a56fc000 r-xp 00000000 08:01 50069593                   /lib/x86_64-linux-gnu/libpcre.so.3.12.1
7f78a56fc000-7f78a58fb000 ---p 0003c000 08:01 50069593                   /lib/x86_64-linux-gnu/libpcre.so.3.12.1
7f78a58fb000-7f78a58fc000 r--p 0003b000 08:01 50069593                   /lib/x86_64-linux-gnu/libpcre.so.3.12.1
7f78a58fc000-7f78a58fd000 rw-p 0003c000 08:01 50069593                   /lib/x86_64-linux-gnu/libpcre.so.3.12.1
7f78a58fd000-7f78a5904000 r-xp 00000000 08:01 20448672                   /usr/lib/x86_64-linux-gnu/libffi.so.6.0.0
7f78a5904000-7f78a5b03000 ---p 00007000 08:01 20448672                   /usr/lib/x86_64-linux-gnu/libffi.so.6.0.0
7f78a5b03000-7f78a5b04000 r--p 00006000 08:01 20448672                   /usr/lib/x86_64-linux-gnu/libffi.so.6.0.0
7f78a5b04000-7f78a5b05000 rw-p 00007000 08:01 20448672                   /usr/lib/x86_64-linux-gnu/libffi.so.6.0.0
7f78a5b05000-7f78a5bf7000 r-xp 00000000 08:01 50069550                   /lib/x86_64-linux-gnu/libglib-2.0.so.0.3200.3
7f78a5bf7000-7f78a5df7000 ---p 000f2000 08:01 50069550                   /lib/x86_64-linux-gnu/libglib-2.0.so.0.3200.3
7f78a5df7000-7f78a5df8000 r--p 000f2000 08:01 50069550                   /lib/x86_64-linux-gnu/libglib-2.0.so.0.3200.3
7f78a5df8000-7f78a5df9000 rw-p 000f3000 08:01 50069550                   /lib/x86_64-linux-gnu/libglib-2.0.so.0.3200.3
7f78a5df9000-7f78a5dfa000 rw-p 00000000 00:00 0 
7f78a5dfa000-7f78a5e47000 r-xp 00000000 08:01 20447993                   /usr/lib/x86_64-linux-gnu/libgobject-2.0.so.0.3200.3
7f78a5e47000-7f78a6047000 ---p 0004d000 08:01 20447993                   /usr/lib/x86_64-linux-gnu/libgobject-2.0.so.0.3200.3
7f78a6047000-7f78a6048000 r--p 0004d000 08:01 20447993                   /usr/lib/x86_64-linux-gnu/libgobject-2.0.so.0.3200.3
7f78a6048000-7f78a6049000 rw-p 0004e000 08:01 20447993                   /usr/lib/x86_64-linux-gnu/libgobject-2.0.so.0.3200.3
7f78a6049000-7f78a605a000 r-xp 00000000 08:01 22415240                   /usr/lib/eclipse/plugins/org.eclipse.equinox.launcher.gtk.linux.x86_64_1.1.100.dist/eclipse_1408.so
7f78a605a000-7f78a6259000 ---p 00011000 08:01 22415240                   /usr/lib/eclipse/plugins/org.eclipse.equinox.launcher.gtk.linux.x86_64_1.1.100.dist/eclipse_1408.so
7f78a6259000-7f78a625a000 r--p 00010000 08:01 22415240                   /usr/lib/eclipse/plugins/org.eclipse.equinox.launcher.gtk.linux.x86_64_1.1.100.dist/eclipse_1408.so
7f78a625a000-7f78a625b000 rw-p 00011000 08:01 22415240                   /usr/lib/eclipse/plugins/org.eclipse.equinox.launcher.gtk.linux.x86_64_1.1.100.dist/eclipse_1408.so
7f78a625b000-7f78a625c000 ---p 00000000 00:00 0 
7f78a625c000-7f78a635c000 rw-p 00000000 00:00 0                          [stack:3565]
7f78a635c000-7f78a635f000 ---p 00000000 00:00 0 
7f78a635f000-7f78a645d000 rw-p 00000000 00:00 0                          [stack:3564]
7f78a645d000-7f78a6460000 ---p 00000000 00:00 0 
7f78a6460000-7f78a655e000 rw-p 00000000 00:00 0                          [stack:3563]
7f78a655e000-7f78a6561000 ---p 00000000 00:00 0 
7f78a6561000-7f78a665f000 rw-p 00000000 00:00 0                          [stack:3562]
7f78a665f000-7f78a6662000 ---p 00000000 00:00 0 
7f78a6662000-7f78a6760000 rw-p 00000000 00:00 0                          [stack:3561]
7f78a6760000-7f78a68e9000 r--p 00000000 08:01 20453574                   /usr/lib/locale/locale-archive
7f78a68e9000-7f78a68ec000 ---p 00000000 00:00 0 
7f78a68ec000-7f78a69ea000 rw-p 00000000 00:00 0                          [stack:3560]
7f78a69ea000-7f78a69ed000 ---p 00000000 00:00 0 
7f78a69ed000-7f78a6aeb000 rw-p 00000000 00:00 0                          [stack:3559]
7f78a6aeb000-7f78a6aec000 ---p 00000000 00:00 0 
7f78a6aec000-7f78a8000000 rw-p 00000000 00:00 0                          [stack:3558]
7f78a8000000-7f78a8021000 rw-p 00000000 00:00 0 
7f78a8021000-7f78ac000000 ---p 00000000 00:00 0 
7f78ac000000-7f78ac021000 rw-p 00000000 00:00 0 
7f78ac021000-7f78b0000000 ---p 00000000 00:00 0 
7f78b0000000-7f78b0021000 rw-p 00000000 00:00 0 
7f78b0021000-7f78b4000000 ---p 00000000 00:00 0 
7f78b400b000-7f78b406e000 rw-p 00000000 00:00 0 
7f78b406e000-7f78b4089000 r--s 00000000 08:01 21894359                   /usr/share/mime/mime.cache
7f78b408a000-7f78b8000000 rw-p 00000000 00:00 0 
7f78b8000000-7f78b8021000 rw-p 00000000 00:00 0 
7f78b8021000-7f78bc000000 ---p 00000000 00:00 0 
7f78bc000000-7f78bc021000 rw-p 00000000 00:00 0 
7f78bc021000-7f78c0000000 ---p 00000000 00:00 0 
7f78c0000000-7f78c0021000 rw-p 00000000 00:00 0 
7f78c0021000-7f78c4000000 ---p 00000000 00:00 0 
7f78c4000000-7f78c4021000 rw-p 00000000 00:00 0 
7f78c4021000-7f78c8000000 ---p 00000000 00:00 0 
7f78c8000000-7f78c8021000 rw-p 00000000 00:00 0 
7f78c8021000-7f78cc000000 ---p 00000000 00:00 0 
7f78cc000000-7f78cc021000 rw-p 00000000 00:00 0 
7f78cc021000-7f78d0000000 ---p 00000000 00:00 0 
7f78d0000000-7f78d0021000 rw-p 00000000 00:00 0 
7f78d0021000-7f78d4000000 ---p 00000000 00:00 0 
7f78d4000000-7f78d4004000 r--s 0003c000 08:01 21497711                   /usr/lib/jvm/java-6-openjdk-common/jre/lib/jsse.jar
7f78d4004000-7f78d4005000 r--s 00007000 08:01 21889545                   /usr/share/java/java-atk-wrapper.jar
7f78d4005000-7f78d4007000 r--s 0000f000 08:01 22286173                   /usr/lib/jvm/java-6-openjdk-common/jre/lib/ext/pulse-java.jar
7f78d4007000-7f78d415c000 rw-p 00000000 00:00 0 
7f78d415c000-7f78d42f3000 r--s 01a14000 08:01 22286760                   /usr/lib/jvm/java-6-openjdk-amd64/jre/lib/rt.jar
7f78d42f3000-7f78d42f4000 ---p 00000000 00:00 0 
7f78d42f4000-7f78d43f4000 rw-p 00000000 00:00 0                          [stack:3557]
7f78d43f4000-7f78d43f5000 ---p 00000000 00:00 0 
7f78d43f5000-7f78d44f5000 rw-p 00000000 00:00 0                          [stack:3556]
7f78d44f5000-7f78d44f6000 ---p 00000000 00:00 0 
7f78d44f6000-7f78d45f6000 rw-p 00000000 00:00 0                          [stack:3555]
7f78d45f6000-7f78d45f7000 ---p 00000000 00:00 0 
7f78d45f7000-7f78d46f7000 rw-p 00000000 00:00 0                          [stack:3554]
7f78d46f7000-7f78d46f8000 ---p 00000000 00:00 0 
7f78d46f8000-7f78d47f8000 rw-p 00000000 00:00 0                          [stack:3553]
7f78d47f8000-7f78d47f9000 ---p 00000000 00:00 0 
7f78d47f9000-7f78d48f9000 rw-p 00000000 00:00 0                          [stack:3552]
7f78d48f9000-7f78d48fa000 ---p 00000000 00:00 0 
7f78d48fa000-7f78d49fa000 rw-p 00000000 00:00 0                          [stack:3551]
7f78d49fa000-7f78d49fb000 ---p 00000000 00:00 0 
7f78d49fb000-7f78d4afb000 rw-p 00000000 00:00 0                          [stack:3550]
7f78d4afb000-7f78d4afc000 ---p 00000000 00:00 0 
7f78d4afc000-7f78d4bfc000 rw-p 00000000 00:00 0                          [stack:3549]
7f78d4bfc000-7f78d4bfd000 ---p 00000000 00:00 0 
7f78d4bfd000-7f78d4cfd000 rw-p 00000000 00:00 0                          [stack:3548]
7f78d4cfd000-7f78d4cfe000 ---p 00000000 00:00 0 
7f78d4cfe000-7f78d4dfe000 rw-p 00000000 00:00 0                          [stack:3547]
7f78d4dfe000-7f78d4dff000 ---p 00000000 00:00 0 
7f78d4dff000-7f78d4eff000 rw-p 00000000 00:00 0                          [stack:3546]
7f78d4eff000-7f78d4f00000 ---p 00000000 00:00 0 
7f78d4f00000-7f78d5000000 rw-p 00000000 00:00 0                          [stack:3545]
7f78d5000000-7f78d5270000 rwxp 00000000 00:00 0 
7f78d5270000-7f78d825e000 rw-p 00000000 00:00 0 
7f78d825e000-7f78dc000000 ---p 00000000 00:00 0 
7f78dc000000-7f78dc003000 r--s 00077000 08:01 22286174                   /usr/lib/jvm/java-6-openjdk-common/jre/lib/ext/localedata.jar
7f78dc003000-7f78dc007000 r--s 00039000 08:01 22286171                   /usr/lib/jvm/java-6-openjdk-common/jre/lib/ext/sunpkcs11.jar
7f78dc007000-7f78dc008000 ---p 00000000 00:00 0 
7f78dc008000-7f78dc108000 rw-p 00000000 00:00 0                          [stack:3544]
7f78dc108000-7f78dc109000 ---p 00000000 00:00 0 
7f78dc109000-7f78dc209000 rw-p 00000000 00:00 0                          [stack:3543]
7f78dc209000-7f78dc20a000 ---p 00000000 00:00 0 
7f78dc20a000-7f78dc30a000 rw-p 00000000 00:00 0                          [stack:3542]
7f78dc30a000-7f78dc30b000 ---p 00000000 00:00 0 
7f78dc30b000-7f78dc40b000 rw-p 00000000 00:00 0                          [stack:3541]
7f78dc40b000-7f78dc40c000 ---p 00000000 00:00 0 
7f78dc40c000-7f78dc517000 rw-p 00000000 00:00 0                          [stack:3540]
7f78dc517000-7f78dc58c000 rw-p 00000000 00:00 0 
7f78dc58c000-7f78dc59a000 rw-p 00000000 00:00 0 
7f78dc59a000-7f78dc60c000 rw-p 00000000 00:00 0 
7f78dc60c000-7f78dc617000 rw-p 00000000 00:00 0 
7f78dc617000-7f78dc68c000 rw-p 00000000 00:00 0 
7f78dc68c000-7f78dc69a000 rw-p 00000000 00:00 0 
7f78dc69a000-7f78dc70c000 rw-p 00000000 00:00 0 
7f78dc70c000-7f78dc713000 rw-p 00000000 00:00 0 
7f78dc713000-7f78dc74c000 rw-p 00000000 00:00 0 
7f78dc74c000-7f78dc74d000 rw-p 00000000 00:00 0 
7f78dc74d000-7f78dc754000 r-xp 00000000 08:01 22286720                   /usr/lib/jvm/java-6-openjdk-amd64/jre/lib/amd64/libzip.so
7f78dc754000-7f78dc953000 ---p 00007000 08:01 22286720                   /usr/lib/jvm/java-6-openjdk-amd64/jre/lib/amd64/libzip.so
7f78dc953000-7f78dc954000 r--p 00006000 08:01 22286720                   /usr/lib/jvm/java-6-openjdk-amd64/jre/lib/amd64/libzip.so
7f78dc954000-7f78dc955000 rw-p 00007000 08:01 22286720                   /usr/lib/jvm/java-6-openjdk-amd64/jre/lib/amd64/libzip.so
7f78dc955000-7f78dc961000 r-xp 00000000 08:01 50073060                   /lib/x86_64-linux-gnu/libnss_files-2.15.so
7f78dc961000-7f78dcb60000 ---p 0000c000 08:01 50073060                   /lib/x86_64-linux-gnu/libnss_files-2.15.so
7f78dcb60000-7f78dcb61000 r--p 0000b000 08:01 50073060                   /lib/x86_64-linux-gnu/libnss_files-2.15.so
7f78dcb61000-7f78dcb62000 rw-p 0000c000 08:01 50073060                   /lib/x86_64-linux-gnu/libnss_files-2.15.so
7f78dcb62000-7f78dcb6c000 r-xp 00000000 08:01 50073064                   /lib/x86_64-linux-gnu/libnss_nis-2.15.so
7f78dcb6c000-7f78dcd6c000 ---p 0000a000 08:01 50073064                   /lib/x86_64-linux-gnu/libnss_nis-2.15.so
7f78dcd6c000-7f78dcd6d000 r--p 0000a000 08:01 50073064                   /lib/x86_64-linux-gnu/libnss_nis-2.15.so
7f78dcd6d000-7f78dcd6e000 rw-p 0000b000 08:01 50073064                   /lib/x86_64-linux-gnu/libnss_nis-2.15.so
7f78dcd6e000-7f78dcd85000 r-xp 00000000 08:01 50073076                   /lib/x86_64-linux-gnu/libnsl-2.15.so
7f78dcd85000-7f78dcf84000 ---p 00017000 08:01 50073076                   /lib/x86_64-linux-gnu/libnsl-2.15.so
7f78dcf84000-7f78dcf85000 r--p 00016000 08:01 50073076                   /lib/x86_64-linux-gnu/libnsl-2.15.so
7f78dcf85000-7f78dcf86000 rw-p 00017000 08:01 50073076                   /lib/x86_64-linux-gnu/libnsl-2.15.so
7f78dcf86000-7f78dcf88000 rw-p 00000000 00:00 0 
7f78dcf88000-7f78dcf90000 r-xp 00000000 08:01 50073058                   /lib/x86_64-linux-gnu/libnss_compat-2.15.so
7f78dcf90000-7f78dd18f000 ---p 00008000 08:01 50073058                   /lib/x86_64-linux-gnu/libnss_compat-2.15.so
7f78dd18f000-7f78dd190000 r--p 00007000 08:01 50073058                   /lib/x86_64-linux-gnu/libnss_compat-2.15.so
7f78dd190000-7f78dd191000 rw-p 00008000 08:01 50073058                   /lib/x86_64-linux-gnu/libnss_compat-2.15.so
7f78dd191000-7f78dd1be000 r-xp 00000000 08:01 22286718                   /usr/lib/jvm/java-6-openjdk-amd64/jre/lib/amd64/libjava.so
7f78dd1be000-7f78dd3bd000 ---p 0002d000 08:01 22286718                   /usr/lib/jvm/java-6-openjdk-amd64/jre/lib/amd64/libjava.so
7f78dd3bd000-7f78dd3be000 r--p 0002c000 08:01 22286718                   /usr/lib/jvm/java-6-openjdk-amd64/jre/lib/amd64/libjava.so
7f78dd3be000-7f78dd3c1000 rw-p 0002d000 08:01 22286718                   /usr/lib/jvm/java-6-openjdk-amd64/jre/lib/amd64/libjava.so
7f78dd3c1000-7f78dd3cf000 r-xp 00000000 08:01 22286736                   /usr/lib/jvm/java-6-openjdk-amd64/jre/lib/amd64/libverify.so
7f78dd3cf000-7f78dd5ce000 ---p 0000e000 08:01 22286736                   /usr/lib/jvm/java-6-openjdk-amd64/jre/lib/amd64/libverify.so
7f78dd5ce000-7f78dd5d0000 r--p 0000d000 08:01 22286736                   /usr/lib/jvm/java-6-openjdk-amd64/jre/lib/amd64/libverify.so
7f78dd5d0000-7f78dd5d1000 rw-p 0000f000 08:01 22286736                   /usr/lib/jvm/java-6-openjdk-amd64/jre/lib/amd64/libverify.so
7f78dd5d1000-7f78dd5d8000 r-xp 00000000 08:01 50073063                   /lib/x86_64-linux-gnu/librt-2.15.so
7f78dd5d8000-7f78dd7d7000 ---p 00007000 08:01 50073063                   /lib/x86_64-linux-gnu/librt-2.15.so
7f78dd7d7000-7f78dd7d8000 r--p 00006000 08:01 50073063                   /lib/x86_64-linux-gnu/librt-2.15.so
7f78dd7d8000-7f78dd7d9000 rw-p 00007000 08:01 50073063                   /lib/x86_64-linux-gnu/librt-2.15.so
7f78dd7d9000-7f78dd7ee000 r-xp 00000000 08:01 50069548                   /lib/x86_64-linux-gnu/libgcc_s.so.1
7f78dd7ee000-7f78dd9ed000 ---p 00015000 08:01 50069548                   /lib/x86_64-linux-gnu/libgcc_s.so.1
7f78dd9ed000-7f78dd9ee000 r--p 00014000 08:01 50069548                   /lib/x86_64-linux-gnu/libgcc_s.so.1
7f78dd9ee000-7f78dd9ef000 rw-p 00015000 08:01 50069548                   /lib/x86_64-linux-gnu/libgcc_s.so.1
7f78dd9ef000-7f78ddaea000 r-xp 00000000 08:01 50073067                   /lib/x86_64-linux-gnu/libm-2.15.so
7f78ddaea000-7f78ddce9000 ---p 000fb000 08:01 50073067                   /lib/x86_64-linux-gnu/libm-2.15.so
7f78ddce9000-7f78ddcea000 r--p 000fa000 08:01 50073067                   /lib/x86_64-linux-gnu/libm-2.15.so
7f78ddcea000-7f78ddceb000 rw-p 000fb000 08:01 50073067                   /lib/x86_64-linux-gnu/libm-2.15.so
7f78ddceb000-7f78dddcd000 r-xp 00000000 08:01 20452197                   /usr/lib/x86_64-linux-gnu/libstdc++.so.6.0.16
7f78dddcd000-7f78ddfcc000 ---p 000e2000 08:01 20452197                   /usr/lib/x86_64-linux-gnu/libstdc++.so.6.0.16
7f78ddfcc000-7f78ddfd4000 r--p 000e1000 08:01 20452197                   /usr/lib/x86_64-linux-gnu/libstdc++.so.6.0.16
7f78ddfd4000-7f78ddfd6000 rw-p 000e9000 08:01 20452197                   /usr/lib/x86_64-linux-gnu/libstdc++.so.6.0.16
7f78ddfd6000-7f78ddfeb000 rw-p 00000000 00:00 0 
7f78ddfeb000-7f78de9c0000 r-xp 00000000 08:01 22286744                   /usr/lib/jvm/java-6-openjdk-amd64/jre/lib/amd64/server/libjvm.so
7f78de9c0000-7f78debc0000 ---p 009d5000 08:01 22286744                   /usr/lib/jvm/java-6-openjdk-amd64/jre/lib/amd64/server/libjvm.so
7f78debc0000-7f78dec3f000 r--p 009d5000 08:01 22286744                   /usr/lib/jvm/java-6-openjdk-amd64/jre/lib/amd64/server/libjvm.so
7f78dec3f000-7f78dec62000 rw-p 00a54000 08:01 22286744                   /usr/lib/jvm/java-6-openjdk-amd64/jre/lib/amd64/server/libjvm.so
7f78dec62000-7f78dec8c000 rw-p 00000000 00:00 0 
7f78dec8c000-7f78deca2000 r-xp 00000000 08:01 50069733                   /lib/x86_64-linux-gnu/libz.so.1.2.3.4
7f78deca2000-7f78deea1000 ---p 00016000 08:01 50069733                   /lib/x86_64-linux-gnu/libz.so.1.2.3.4
7f78deea1000-7f78deea2000 r--p 00015000 08:01 50069733                   /lib/x86_64-linux-gnu/libz.so.1.2.3.4
7f78deea2000-7f78deea3000 rw-p 00016000 08:01 50069733                   /lib/x86_64-linux-gnu/libz.so.1.2.3.4
7f78deea3000-7f78df058000 r-xp 00000000 08:01 50073056                   /lib/x86_64-linux-gnu/libc-2.15.so
7f78df058000-7f78df258000 ---p 001b5000 08:01 50073056                   /lib/x86_64-linux-gnu/libc-2.15.so
7f78df258000-7f78df25c000 r--p 001b5000 08:01 50073056                   /lib/x86_64-linux-gnu/libc-2.15.so
7f78df25c000-7f78df25e000 rw-p 001b9000 08:01 50073056                   /lib/x86_64-linux-gnu/libc-2.15.so
7f78df25e000-7f78df263000 rw-p 00000000 00:00 0 
7f78df263000-7f78df265000 r-xp 00000000 08:01 50073071                   /lib/x86_64-linux-gnu/libdl-2.15.so
7f78df265000-7f78df465000 ---p 00002000 08:01 50073071                   /lib/x86_64-linux-gnu/libdl-2.15.so
7f78df465000-7f78df466000 r--p 00002000 08:01 50073071                   /lib/x86_64-linux-gnu/libdl-2.15.so
7f78df466000-7f78df467000 rw-p 00003000 08:01 50073071                   /lib/x86_64-linux-gnu/libdl-2.15.so
7f78df467000-7f78df46b000 r-xp 00000000 08:01 22286747                   /usr/lib/jvm/java-6-openjdk-amd64/jre/lib/amd64/jli/libjli.so
7f78df46b000-7f78df66a000 ---p 00004000 08:01 22286747                   /usr/lib/jvm/java-6-openjdk-amd64/jre/lib/amd64/jli/libjli.so
7f78df66a000-7f78df66b000 r--p 00003000 08:01 22286747                   /usr/lib/jvm/java-6-openjdk-amd64/jre/lib/amd64/jli/libjli.so
7f78df66b000-7f78df66c000 rw-p 00004000 08:01 22286747                   /usr/lib/jvm/java-6-openjdk-amd64/jre/lib/amd64/jli/libjli.so
7f78df66c000-7f78df684000 r-xp 00000000 08:01 50073065                   /lib/x86_64-linux-gnu/libpthread-2.15.so
7f78df684000-7f78df883000 ---p 00018000 08:01 50073065                   /lib/x86_64-linux-gnu/libpthread-2.15.so
7f78df883000-7f78df884000 r--p 00017000 08:01 50073065                   /lib/x86_64-linux-gnu/libpthread-2.15.so
7f78df884000-7f78df885000 rw-p 00018000 08:01 50073065                   /lib/x86_64-linux-gnu/libpthread-2.15.so
7f78df885000-7f78df889000 rw-p 00000000 00:00 0 
7f78df889000-7f78df8ab000 r-xp 00000000 08:01 50073068                   /lib/x86_64-linux-gnu/ld-2.15.so
7f78df8ab000-7f78df8ad000 r--s 00001000 08:01 22286172                   /usr/lib/jvm/java-6-openjdk-common/jre/lib/ext/dnsns.jar
7f78df8ad000-7f78df8df000 rw-p 00000000 00:00 0 
7f78df8df000-7f78df995000 rw-p 00000000 00:00 0 
7f78df995000-7f78df998000 ---p 00000000 00:00 0 
7f78df998000-7f78dfa9b000 rw-p 00000000 00:00 0                          [stack:3539]
7f78dfa9b000-7f78dfa9e000 r--s 00031000 08:01 22286170                   /usr/lib/jvm/java-6-openjdk-common/jre/lib/ext/sunjce_provider.jar
7f78dfa9e000-7f78dfa9f000 r--s 0000a000 08:01 21894532                   /usr/lib/eclipse/plugins/org.eclipse.equinox.launcher_1.2.0.dist.jar
7f78dfa9f000-7f78dfaa7000 rw-s 00000000 08:01 13107216                   /tmp/hsperfdata_cona/3538
7f78dfaa7000-7f78dfaa8000 rw-p 00000000 00:00 0 
7f78dfaa8000-7f78dfaa9000 r--p 00000000 00:00 0 
7f78dfaa9000-7f78dfaab000 rw-p 00000000 00:00 0 
7f78dfaab000-7f78dfaac000 r--p 00022000 08:01 50073068                   /lib/x86_64-linux-gnu/ld-2.15.so
7f78dfaac000-7f78dfaae000 rw-p 00023000 08:01 50073068                   /lib/x86_64-linux-gnu/ld-2.15.so
7fff78bf6000-7fff78c2c000 rw-p 00000000 00:00 0                          [stack]
7fff78d2f000-7fff78d31000 r-xp 00000000 00:00 0                          [vdso]
ffffffffff600000-ffffffffff601000 r-xp 00000000 00:00 0                  [vsyscall]

VM Arguments:
jvm_args: -Xms40m -Xmx384m -Dorg.eclipse.equinox.p2.reconciler.dropins.directory=/usr/share/eclipse/dropins -XX:MaxPermSize=256m 
java_command: /usr/lib/eclipse//plugins/org.eclipse.equinox.launcher_1.2.0.dist.jar -os linux -ws gtk -arch x86_64 -showsplash -launcher /usr/lib/eclipse/eclipse -name Eclipse --launcher.library /usr/lib/eclipse//plugins/org.eclipse.equinox.launcher.gtk.linux.x86_64_1.1.100.dist/eclipse_1408.so -startup /usr/lib/eclipse//plugins/org.eclipse.equinox.launcher_1.2.0.dist.jar --launcher.overrideVmargs -exitdata 140002 -vm /usr/bin/java -vmargs -Xms40m -Xmx384m -Dorg.eclipse.equinox.p2.reconciler.dropins.directory=/usr/share/eclipse/dropins -XX:MaxPermSize=256m -jar /usr/lib/eclipse//plugins/org.eclipse.equinox.launcher_1.2.0.dist.jar
Launcher Type: SUN_STANDARD

Environment Variables:
PATH=/usr/local/sbin:/usr/local/bin:/usr/sbin:/usr/bin:/sbin:/bin:/usr/games
LD_LIBRARY_PATH=/usr/lib/jvm/java-6-openjdk-amd64/jre/lib/amd64/server:/usr/lib/jvm/java-6-openjdk-amd64/jre/lib/amd64:/usr/lib/jvm/java-6-openjdk-amd64/jre/../lib/amd64
SHELL=/bin/bash
DISPLAY=localhost:14.0

Signal Handlers:
SIGSEGV: [libjvm.so+0x83cfa0], sa_mask[0]=0x7ffbfeff, sa_flags=0x10000004
SIGBUS: [libjvm.so+0x83cfa0], sa_mask[0]=0x7ffbfeff, sa_flags=0x10000004
SIGFPE: [libjvm.so+0x6dddb0], sa_mask[0]=0x7ffbfeff, sa_flags=0x10000004
SIGPIPE: SIG_IGN, sa_mask[0]=0x00001000, sa_flags=0x10000000
SIGXFSZ: [libjvm.so+0x6dddb0], sa_mask[0]=0x7ffbfeff, sa_flags=0x10000004
SIGILL: [libjvm.so+0x6dddb0], sa_mask[0]=0x7ffbfeff, sa_flags=0x10000004
SIGUSR1: SIG_DFL, sa_mask[0]=0x00000000, sa_flags=0x00000000
SIGUSR2: [libjvm.so+0x6de1f0], sa_mask[0]=0x00000000, sa_flags=0x10000004
SIGHUP: [libjvm.so+0x6de330], sa_mask[0]=0x7ffbfeff, sa_flags=0x10000004
SIGINT: [libjvm.so+0x6de330], sa_mask[0]=0x7ffbfeff, sa_flags=0x10000004
SIGTERM: [libjvm.so+0x6de330], sa_mask[0]=0x7ffbfeff, sa_flags=0x10000004
SIGQUIT: [libjvm.so+0x6de330], sa_mask[0]=0x7ffbfeff, sa_flags=0x10000004


---------------  S Y S T E M  ---------------

OS:Ubuntu 12.04 (precise)
uname:Linux 3.8.0-29-generic #42~precise1-Ubuntu SMP Wed Aug 14 16:19:23 UTC 2013 x86_64
libc:glibc 2.15 NPTL 2.15 
rlimit: STACK 8192k, CORE 0k, NPROC 256878, NOFILE 4096, AS infinity
load average:0.00 0.01 0.05

/proc/meminfo:
MemTotal:       32899196 kB
MemFree:        14335096 kB
Buffers:          194528 kB
Cached:         13833728 kB
SwapCached:        14020 kB
Active:         16889776 kB
Inactive:         944816 kB
Active(anon):    3782304 kB
Inactive(anon):    24104 kB
Active(file):   13107472 kB
Inactive(file):   920712 kB
Unevictable:           0 kB
Mlocked:               0 kB
SwapTotal:      33507324 kB
SwapFree:       33475836 kB
Dirty:               132 kB
Writeback:             0 kB
AnonPages:       3800728 kB
Mapped:            29920 kB
Shmem:                72 kB
Slab:             472996 kB
SReclaimable:     423556 kB
SUnreclaim:        49440 kB
KernelStack:        3064 kB
PageTables:        13212 kB
NFS_Unstable:          0 kB
Bounce:                0 kB
WritebackTmp:          0 kB
CommitLimit:    49956920 kB
Committed_AS:    4348008 kB
VmallocTotal:   34359738367 kB
VmallocUsed:      352488 kB
VmallocChunk:   34342351676 kB
HardwareCorrupted:     0 kB
AnonHugePages:         0 kB
HugePages_Total:       0
HugePages_Free:        0
HugePages_Rsvd:        0
HugePages_Surp:        0
Hugepagesize:       2048 kB
DirectMap4k:      103360 kB
DirectMap2M:     2996224 kB
DirectMap1G:    30408704 kB


CPU:total 24 (6 cores per cpu, 2 threads per core) family 6 model 45 stepping 7, cmov, cx8, fxsr, mmx, sse, sse2, sse3, ssse3, sse4.1, sse4.2, popcnt, avx, ht, tsc, tscinvbit, tscinv

/proc/cpuinfo:
processor	: 0
vendor_id	: GenuineIntel
cpu family	: 6
model		: 45
model name	: Intel(R) Xeon(R) CPU E5-2640 0 @ 2.50GHz
stepping	: 7
microcode	: 0x710
cpu MHz		: 2499.917
cache size	: 15360 KB
physical id	: 0
siblings	: 12
core id		: 0
cpu cores	: 6
apicid		: 0
initial apicid	: 0
fpu		: yes
fpu_exception	: yes
cpuid level	: 13
wp		: yes
flags		: fpu vme de pse tsc msr pae mce cx8 apic sep mtrr pge mca cmov pat pse36 clflush dts acpi mmx fxsr sse sse2 ss ht tm pbe syscall nx pdpe1gb rdtscp lm constant_tsc arch_perfmon pebs bts rep_good nopl xtopology nonstop_tsc aperfmperf eagerfpu pni pclmulqdq dtes64 monitor ds_cpl vmx smx est tm2 ssse3 cx16 xtpr pdcm pcid dca sse4_1 sse4_2 x2apic popcnt tsc_deadline_timer aes xsave avx lahf_lm ida arat xsaveopt pln pts dtherm tpr_shadow vnmi flexpriority ept vpid
bogomips	: 4999.83
clflush size	: 64
cache_alignment	: 64
address sizes	: 46 bits physical, 48 bits virtual
power management:

processor	: 1
vendor_id	: GenuineIntel
cpu family	: 6
model		: 45
model name	: Intel(R) Xeon(R) CPU E5-2640 0 @ 2.50GHz
stepping	: 7
microcode	: 0x710
cpu MHz		: 2499.917
cache size	: 15360 KB
physical id	: 1
siblings	: 12
core id		: 0
cpu cores	: 6
apicid		: 32
initial apicid	: 32
fpu		: yes
fpu_exception	: yes
cpuid level	: 13
wp		: yes
flags		: fpu vme de pse tsc msr pae mce cx8 apic sep mtrr pge mca cmov pat pse36 clflush dts acpi mmx fxsr sse sse2 ss ht tm pbe syscall nx pdpe1gb rdtscp lm constant_tsc arch_perfmon pebs bts rep_good nopl xtopology nonstop_tsc aperfmperf eagerfpu pni pclmulqdq dtes64 monitor ds_cpl vmx smx est tm2 ssse3 cx16 xtpr pdcm pcid dca sse4_1 sse4_2 x2apic popcnt tsc_deadline_timer aes xsave avx lahf_lm ida arat xsaveopt pln pts dtherm tpr_shadow vnmi flexpriority ept vpid
bogomips	: 5001.05
clflush size	: 64
cache_alignment	: 64
address sizes	: 46 bits physical, 48 bits virtual
power management:

processor	: 2
vendor_id	: GenuineIntel
cpu family	: 6
model		: 45
model name	: Intel(R) Xeon(R) CPU E5-2640 0 @ 2.50GHz
stepping	: 7
microcode	: 0x710
cpu MHz		: 2499.917
cache size	: 15360 KB
physical id	: 0
siblings	: 12
core id		: 1
cpu cores	: 6
apicid		: 2
initial apicid	: 2
fpu		: yes
fpu_exception	: yes
cpuid level	: 13
wp		: yes
flags		: fpu vme de pse tsc msr pae mce cx8 apic sep mtrr pge mca cmov pat pse36 clflush dts acpi mmx fxsr sse sse2 ss ht tm pbe syscall nx pdpe1gb rdtscp lm constant_tsc arch_perfmon pebs bts rep_good nopl xtopology nonstop_tsc aperfmperf eagerfpu pni pclmulqdq dtes64 monitor ds_cpl vmx smx est tm2 ssse3 cx16 xtpr pdcm pcid dca sse4_1 sse4_2 x2apic popcnt tsc_deadline_timer aes xsave avx lahf_lm ida arat xsaveopt pln pts dtherm tpr_shadow vnmi flexpriority ept vpid
bogomips	: 4999.83
clflush size	: 64
cache_alignment	: 64
address sizes	: 46 bits physical, 48 bits virtual
power management:

processor	: 3
vendor_id	: GenuineIntel
cpu family	: 6
model		: 45
model name	: Intel(R) Xeon(R) CPU E5-2640 0 @ 2.50GHz
stepping	: 7
microcode	: 0x710
cpu MHz		: 2499.917
cache size	: 15360 KB
physical id	: 1
siblings	: 12
core id		: 1
cpu cores	: 6
apicid		: 34
initial apicid	: 34
fpu		: yes
fpu_exception	: yes
cpuid level	: 13
wp		: yes
flags		: fpu vme de pse tsc msr pae mce cx8 apic sep mtrr pge mca cmov pat pse36 clflush dts acpi mmx fxsr sse sse2 ss ht tm pbe syscall nx pdpe1gb rdtscp lm constant_tsc arch_perfmon pebs bts rep_good nopl xtopology nonstop_tsc aperfmperf eagerfpu pni pclmulqdq dtes64 monitor ds_cpl vmx smx est tm2 ssse3 cx16 xtpr pdcm pcid dca sse4_1 sse4_2 x2apic popcnt tsc_deadline_timer aes xsave avx lahf_lm ida arat xsaveopt pln pts dtherm tpr_shadow vnmi flexpriority ept vpid
bogomips	: 5001.05
clflush size	: 64
cache_alignment	: 64
address sizes	: 46 bits physical, 48 bits virtual
power management:

processor	: 4
vendor_id	: GenuineIntel
cpu family	: 6
model		: 45
model name	: Intel(R) Xeon(R) CPU E5-2640 0 @ 2.50GHz
stepping	: 7
microcode	: 0x710
cpu MHz		: 2499.917
cache size	: 15360 KB
physical id	: 0
siblings	: 12
core id		: 2
cpu cores	: 6
apicid		: 4
initial apicid	: 4
fpu		: yes
fpu_exception	: yes
cpuid level	: 13
wp		: yes
flags		: fpu vme de pse tsc msr pae mce cx8 apic sep mtrr pge mca cmov pat pse36 clflush dts acpi mmx fxsr sse sse2 ss ht tm pbe syscall nx pdpe1gb rdtscp lm constant_tsc arch_perfmon pebs bts rep_good nopl xtopology nonstop_tsc aperfmperf eagerfpu pni pclmulqdq dtes64 monitor ds_cpl vmx smx est tm2 ssse3 cx16 xtpr pdcm pcid dca sse4_1 sse4_2 x2apic popcnt tsc_deadline_timer aes xsave avx lahf_lm ida arat xsaveopt pln pts dtherm tpr_shadow vnmi flexpriority ept vpid
bogomips	: 4999.83
clflush size	: 64
cache_alignment	: 64
address sizes	: 46 bits physical, 48 bits virtual
power management:

processor	: 5
vendor_id	: GenuineIntel
cpu family	: 6
model		: 45
model name	: Intel(R) Xeon(R) CPU E5-2640 0 @ 2.50GHz
stepping	: 7
microcode	: 0x710
cpu MHz		: 2499.917
cache size	: 15360 KB
physical id	: 1
siblings	: 12
core id		: 2
cpu cores	: 6
apicid		: 36
initial apicid	: 36
fpu		: yes
fpu_exception	: yes
cpuid level	: 13
wp		: yes
flags		: fpu vme de pse tsc msr pae mce cx8 apic sep mtrr pge mca cmov pat pse36 clflush dts acpi mmx fxsr sse sse2 ss ht tm pbe syscall nx pdpe1gb rdtscp lm constant_tsc arch_perfmon pebs bts rep_good nopl xtopology nonstop_tsc aperfmperf eagerfpu pni pclmulqdq dtes64 monitor ds_cpl vmx smx est tm2 ssse3 cx16 xtpr pdcm pcid dca sse4_1 sse4_2 x2apic popcnt tsc_deadline_timer aes xsave avx lahf_lm ida arat xsaveopt pln pts dtherm tpr_shadow vnmi flexpriority ept vpid
bogomips	: 5001.05
clflush size	: 64
cache_alignment	: 64
address sizes	: 46 bits physical, 48 bits virtual
power management:

processor	: 6
vendor_id	: GenuineIntel
cpu family	: 6
model		: 45
model name	: Intel(R) Xeon(R) CPU E5-2640 0 @ 2.50GHz
stepping	: 7
microcode	: 0x710
cpu MHz		: 2499.917
cache size	: 15360 KB
physical id	: 0
siblings	: 12
core id		: 3
cpu cores	: 6
apicid		: 6
initial apicid	: 6
fpu		: yes
fpu_exception	: yes
cpuid level	: 13
wp		: yes
flags		: fpu vme de pse tsc msr pae mce cx8 apic sep mtrr pge mca cmov pat pse36 clflush dts acpi mmx fxsr sse sse2 ss ht tm pbe syscall nx pdpe1gb rdtscp lm constant_tsc arch_perfmon pebs bts rep_good nopl xtopology nonstop_tsc aperfmperf eagerfpu pni pclmulqdq dtes64 monitor ds_cpl vmx smx est tm2 ssse3 cx16 xtpr pdcm pcid dca sse4_1 sse4_2 x2apic popcnt tsc_deadline_timer aes xsave avx lahf_lm ida arat xsaveopt pln pts dtherm tpr_shadow vnmi flexpriority ept vpid
bogomips	: 4999.83
clflush size	: 64
cache_alignment	: 64
address sizes	: 46 bits physical, 48 bits virtual
power management:

processor	: 7
vendor_id	: GenuineIntel
cpu family	: 6
model		: 45
model name	: Intel(R) Xeon(R) CPU E5-2640 0 @ 2.50GHz
stepping	: 7
microcode	: 0x710
cpu MHz		: 2499.917
cache size	: 15360 KB
physical id	: 1
siblings	: 12
core id		: 3
cpu cores	: 6
apicid		: 38
initial apicid	: 38
fpu		: yes
fpu_exception	: yes
cpuid level	: 13
wp		: yes
flags		: fpu vme de pse tsc msr pae mce cx8 apic sep mtrr pge mca cmov pat pse36 clflush dts acpi mmx fxsr sse sse2 ss ht tm pbe syscall nx pdpe1gb rdtscp lm constant_tsc arch_perfmon pebs bts rep_good nopl xtopology nonstop_tsc aperfmperf eagerfpu pni pclmulqdq dtes64 monitor ds_cpl vmx smx est tm2 ssse3 cx16 xtpr pdcm pcid dca sse4_1 sse4_2 x2apic popcnt tsc_deadline_timer aes xsave avx lahf_lm ida arat xsaveopt pln pts dtherm tpr_shadow vnmi flexpriority ept vpid
bogomips	: 5001.05
clflush size	: 64
cache_alignment	: 64
address sizes	: 46 bits physical, 48 bits virtual
power management:

processor	: 8
vendor_id	: GenuineIntel
cpu family	: 6
model		: 45
model name	: Intel(R) Xeon(R) CPU E5-2640 0 @ 2.50GHz
stepping	: 7
microcode	: 0x710
cpu MHz		: 2499.917
cache size	: 15360 KB
physical id	: 0
siblings	: 12
core id		: 4
cpu cores	: 6
apicid		: 8
initial apicid	: 8
fpu		: yes
fpu_exception	: yes
cpuid level	: 13
wp		: yes
flags		: fpu vme de pse tsc msr pae mce cx8 apic sep mtrr pge mca cmov pat pse36 clflush dts acpi mmx fxsr sse sse2 ss ht tm pbe syscall nx pdpe1gb rdtscp lm constant_tsc arch_perfmon pebs bts rep_good nopl xtopology nonstop_tsc aperfmperf eagerfpu pni pclmulqdq dtes64 monitor ds_cpl vmx smx est tm2 ssse3 cx16 xtpr pdcm pcid dca sse4_1 sse4_2 x2apic popcnt tsc_deadline_timer aes xsave avx lahf_lm ida arat xsaveopt pln pts dtherm tpr_shadow vnmi flexpriority ept vpid
bogomips	: 4999.83
clflush size	: 64
cache_alignment	: 64
address sizes	: 46 bits physical, 48 bits virtual
power management:

processor	: 9
vendor_id	: GenuineIntel
cpu family	: 6
model		: 45
model name	: Intel(R) Xeon(R) CPU E5-2640 0 @ 2.50GHz
stepping	: 7
microcode	: 0x710
cpu MHz		: 2499.917
cache size	: 15360 KB
physical id	: 1
siblings	: 12
core id		: 4
cpu cores	: 6
apicid		: 40
initial apicid	: 40
fpu		: yes
fpu_exception	: yes
cpuid level	: 13
wp		: yes
flags		: fpu vme de pse tsc msr pae mce cx8 apic sep mtrr pge mca cmov pat pse36 clflush dts acpi mmx fxsr sse sse2 ss ht tm pbe syscall nx pdpe1gb rdtscp lm constant_tsc arch_perfmon pebs bts rep_good nopl xtopology nonstop_tsc aperfmperf eagerfpu pni pclmulqdq dtes64 monitor ds_cpl vmx smx est tm2 ssse3 cx16 xtpr pdcm pcid dca sse4_1 sse4_2 x2apic popcnt tsc_deadline_timer aes xsave avx lahf_lm ida arat xsaveopt pln pts dtherm tpr_shadow vnmi flexpriority ept vpid
bogomips	: 5001.05
clflush size	: 64
cache_alignment	: 64
address sizes	: 46 bits physical, 48 bits virtual
power management:

processor	: 10
vendor_id	: GenuineIntel
cpu family	: 6
model		: 45
model name	: Intel(R) Xeon(R) CPU E5-2640 0 @ 2.50GHz
stepping	: 7
microcode	: 0x710
cpu MHz		: 2499.917
cache size	: 15360 KB
physical id	: 0
siblings	: 12
core id		: 5
cpu cores	: 6
apicid		: 10
initial apicid	: 10
fpu		: yes
fpu_exception	: yes
cpuid level	: 13
wp		: yes
flags		: fpu vme de pse tsc msr pae mce cx8 apic sep mtrr pge mca cmov pat pse36 clflush dts acpi mmx fxsr sse sse2 ss ht tm pbe syscall nx pdpe1gb rdtscp lm constant_tsc arch_perfmon pebs bts rep_good nopl xtopology nonstop_tsc aperfmperf eagerfpu pni pclmulqdq dtes64 monitor ds_cpl vmx smx est tm2 ssse3 cx16 xtpr pdcm pcid dca sse4_1 sse4_2 x2apic popcnt tsc_deadline_timer aes xsave avx lahf_lm ida arat xsaveopt pln pts dtherm tpr_shadow vnmi flexpriority ept vpid
bogomips	: 4999.83
clflush size	: 64
cache_alignment	: 64
address sizes	: 46 bits physical, 48 bits virtual
power management:

processor	: 11
vendor_id	: GenuineIntel
cpu family	: 6
model		: 45
model name	: Intel(R) Xeon(R) CPU E5-2640 0 @ 2.50GHz
stepping	: 7
microcode	: 0x710
cpu MHz		: 2499.917
cache size	: 15360 KB
physical id	: 1
siblings	: 12
core id		: 5
cpu cores	: 6
apicid		: 42
initial apicid	: 42
fpu		: yes
fpu_exception	: yes
cpuid level	: 13
wp		: yes
flags		: fpu vme de pse tsc msr pae mce cx8 apic sep mtrr pge mca cmov pat pse36 clflush dts acpi mmx fxsr sse sse2 ss ht tm pbe syscall nx pdpe1gb rdtscp lm constant_tsc arch_perfmon pebs bts rep_good nopl xtopology nonstop_tsc aperfmperf eagerfpu pni pclmulqdq dtes64 monitor ds_cpl vmx smx est tm2 ssse3 cx16 xtpr pdcm pcid dca sse4_1 sse4_2 x2apic popcnt tsc_deadline_timer aes xsave avx lahf_lm ida arat xsaveopt pln pts dtherm tpr_shadow vnmi flexpriority ept vpid
bogomips	: 5001.05
clflush size	: 64
cache_alignment	: 64
address sizes	: 46 bits physical, 48 bits virtual
power management:

processor	: 12
vendor_id	: GenuineIntel
cpu family	: 6
model		: 45
model name	: Intel(R) Xeon(R) CPU E5-2640 0 @ 2.50GHz
stepping	: 7
microcode	: 0x710
cpu MHz		: 2499.917
cache size	: 15360 KB
physical id	: 0
siblings	: 12
core id		: 0
cpu cores	: 6
apicid		: 1
initial apicid	: 1
fpu		: yes
fpu_exception	: yes
cpuid level	: 13
wp		: yes
flags		: fpu vme de pse tsc msr pae mce cx8 apic sep mtrr pge mca cmov pat pse36 clflush dts acpi mmx fxsr sse sse2 ss ht tm pbe syscall nx pdpe1gb rdtscp lm constant_tsc arch_perfmon pebs bts rep_good nopl xtopology nonstop_tsc aperfmperf eagerfpu pni pclmulqdq dtes64 monitor ds_cpl vmx smx est tm2 ssse3 cx16 xtpr pdcm pcid dca sse4_1 sse4_2 x2apic popcnt tsc_deadline_timer aes xsave avx lahf_lm ida arat xsaveopt pln pts dtherm tpr_shadow vnmi flexpriority ept vpid
bogomips	: 4999.83
clflush size	: 64
cache_alignment	: 64
address sizes	: 46 bits physical, 48 bits virtual
power management:

processor	: 13
vendor_id	: GenuineIntel
cpu family	: 6
model		: 45
model name	: Intel(R) Xeon(R) CPU E5-2640 0 @ 2.50GHz
stepping	: 7
microcode	: 0x710
cpu MHz		: 2499.917
cache size	: 15360 KB
physical id	: 1
siblings	: 12
core id		: 0
cpu cores	: 6
apicid		: 33
initial apicid	: 33
fpu		: yes
fpu_exception	: yes
cpuid level	: 13
wp		: yes
flags		: fpu vme de pse tsc msr pae mce cx8 apic sep mtrr pge mca cmov pat pse36 clflush dts acpi mmx fxsr sse sse2 ss ht tm pbe syscall nx pdpe1gb rdtscp lm constant_tsc arch_perfmon pebs bts rep_good nopl xtopology nonstop_tsc aperfmperf eagerfpu pni pclmulqdq dtes64 monitor ds_cpl vmx smx est tm2 ssse3 cx16 xtpr pdcm pcid dca sse4_1 sse4_2 x2apic popcnt tsc_deadline_timer aes xsave avx lahf_lm ida arat xsaveopt pln pts dtherm tpr_shadow vnmi flexpriority ept vpid
bogomips	: 5001.05
clflush size	: 64
cache_alignment	: 64
address sizes	: 46 bits physical, 48 bits virtual
power management:

processor	: 14
vendor_id	: GenuineIntel
cpu family	: 6
model		: 45
model name	: Intel(R) Xeon(R) CPU E5-2640 0 @ 2.50GHz
stepping	: 7
microcode	: 0x710
cpu MHz		: 2499.917
cache size	: 15360 KB
physical id	: 0
siblings	: 12
core id		: 1
cpu cores	: 6
apicid		: 3
initial apicid	: 3
fpu		: yes
fpu_exception	: yes
cpuid level	: 13
wp		: yes
flags		: fpu vme de pse tsc msr pae mce cx8 apic sep mtrr pge mca cmov pat pse36 clflush dts acpi mmx fxsr sse sse2 ss ht tm pbe syscall nx pdpe1gb rdtscp lm constant_tsc arch_perfmon pebs bts rep_good nopl xtopology nonstop_tsc aperfmperf eagerfpu pni pclmulqdq dtes64 monitor ds_cpl vmx smx est tm2 ssse3 cx16 xtpr pdcm pcid dca sse4_1 sse4_2 x2apic popcnt tsc_deadline_timer aes xsave avx lahf_lm ida arat xsaveopt pln pts dtherm tpr_shadow vnmi flexpriority ept vpid
bogomips	: 4999.83
clflush size	: 64
cache_alignment	: 64
address sizes	: 46 bits physical, 48 bits virtual
power management:

processor	: 15
vendor_id	: GenuineIntel
cpu family	: 6
model		: 45
model name	: Intel(R) Xeon(R) CPU E5-2640 0 @ 2.50GHz
stepping	: 7
microcode	: 0x710
cpu MHz		: 2499.917
cache size	: 15360 KB
physical id	: 1
siblings	: 12
core id		: 1
cpu cores	: 6
apicid		: 35
initial apicid	: 35
fpu		: yes
fpu_exception	: yes
cpuid level	: 13
wp		: yes
flags		: fpu vme de pse tsc msr pae mce cx8 apic sep mtrr pge mca cmov pat pse36 clflush dts acpi mmx fxsr sse sse2 ss ht tm pbe syscall nx pdpe1gb rdtscp lm constant_tsc arch_perfmon pebs bts rep_good nopl xtopology nonstop_tsc aperfmperf eagerfpu pni pclmulqdq dtes64 monitor ds_cpl vmx smx est tm2 ssse3 cx16 xtpr pdcm pcid dca sse4_1 sse4_2 x2apic popcnt tsc_deadline_timer aes xsave avx lahf_lm ida arat xsaveopt pln pts dtherm tpr_shadow vnmi flexpriority ept vpid
bogomips	: 5001.05
clflush size	: 64
cache_alignment	: 64
address sizes	: 46 bits physical, 48 bits virtual
power management:

processor	: 16
vendor_id	: GenuineIntel
cpu family	: 6
model		: 45
model name	: Intel(R) Xeon(R) CPU E5-2640 0 @ 2.50GHz
stepping	: 7
microcode	: 0x710
cpu MHz		: 2499.917
cache size	: 15360 KB
physical id	: 0
siblings	: 12
core id		: 2
cpu cores	: 6
apicid		: 5
initial apicid	: 5
fpu		: yes
fpu_exception	: yes
cpuid level	: 13
wp		: yes
flags		: fpu vme de pse tsc msr pae mce cx8 apic sep mtrr pge mca cmov pat pse36 clflush dts acpi mmx fxsr sse sse2 ss ht tm pbe syscall nx pdpe1gb rdtscp lm constant_tsc arch_perfmon pebs bts rep_good nopl xtopology nonstop_tsc aperfmperf eagerfpu pni pclmulqdq dtes64 monitor ds_cpl vmx smx est tm2 ssse3 cx16 xtpr pdcm pcid dca sse4_1 sse4_2 x2apic popcnt tsc_deadline_timer aes xsave avx lahf_lm ida arat xsaveopt pln pts dtherm tpr_shadow vnmi flexpriority ept vpid
bogomips	: 4999.83
clflush size	: 64
cache_alignment	: 64
address sizes	: 46 bits physical, 48 bits virtual
power management:

processor	: 17
vendor_id	: GenuineIntel
cpu family	: 6
model		: 45
model name	: Intel(R) Xeon(R) CPU E5-2640 0 @ 2.50GHz
stepping	: 7
microcode	: 0x710
cpu MHz		: 2499.917
cache size	: 15360 KB
physical id	: 1
siblings	: 12
core id		: 2
cpu cores	: 6
apicid		: 37
initial apicid	: 37
fpu		: yes
fpu_exception	: yes
cpuid level	: 13
wp		: yes
flags		: fpu vme de pse tsc msr pae mce cx8 apic sep mtrr pge mca cmov pat pse36 clflush dts acpi mmx fxsr sse sse2 ss ht tm pbe syscall nx pdpe1gb rdtscp lm constant_tsc arch_perfmon pebs bts rep_good nopl xtopology nonstop_tsc aperfmperf eagerfpu pni pclmulqdq dtes64 monitor ds_cpl vmx smx est tm2 ssse3 cx16 xtpr pdcm pcid dca sse4_1 sse4_2 x2apic popcnt tsc_deadline_timer aes xsave avx lahf_lm ida arat xsaveopt pln pts dtherm tpr_shadow vnmi flexpriority ept vpid
bogomips	: 5001.05
clflush size	: 64
cache_alignment	: 64
address sizes	: 46 bits physical, 48 bits virtual
power management:

processor	: 18
vendor_id	: GenuineIntel
cpu family	: 6
model		: 45
model name	: Intel(R) Xeon(R) CPU E5-2640 0 @ 2.50GHz
stepping	: 7
microcode	: 0x710
cpu MHz		: 2499.917
cache size	: 15360 KB
physical id	: 0
siblings	: 12
core id		: 3
cpu cores	: 6
apicid		: 7
initial apicid	: 7
fpu		: yes
fpu_exception	: yes
cpuid level	: 13
wp		: yes
flags		: fpu vme de pse tsc msr pae mce cx8 apic sep mtrr pge mca cmov pat pse36 clflush dts acpi mmx fxsr sse sse2 ss ht tm pbe syscall nx pdpe1gb rdtscp lm constant_tsc arch_perfmon pebs bts rep_good nopl xtopology nonstop_tsc aperfmperf eagerfpu pni pclmulqdq dtes64 monitor ds_cpl vmx smx est tm2 ssse3 cx16 xtpr pdcm pcid dca sse4_1 sse4_2 x2apic popcnt tsc_deadline_timer aes xsave avx lahf_lm ida arat xsaveopt pln pts dtherm tpr_shadow vnmi flexpriority ept vpid
bogomips	: 4999.83
clflush size	: 64
cache_alignment	: 64
address sizes	: 46 bits physical, 48 bits virtual
power management:

processor	: 19
vendor_id	: GenuineIntel
cpu family	: 6
model		: 45
model name	: Intel(R) Xeon(R) CPU E5-2640 0 @ 2.50GHz
stepping	: 7
microcode	: 0x710
cpu MHz		: 2499.917
cache size	: 15360 KB
physical id	: 1
siblings	: 12
core id		: 3
cpu cores	: 6
apicid		: 39
initial apicid	: 39
fpu		: yes
fpu_exception	: yes
cpuid level	: 13
wp		: yes
flags		: fpu vme de pse tsc msr pae mce cx8 apic sep mtrr pge mca cmov pat pse36 clflush dts acpi mmx fxsr sse sse2 ss ht tm pbe syscall nx pdpe1gb rdtscp lm constant_tsc arch_perfmon pebs bts rep_good nopl xtopology nonstop_tsc aperfmperf eagerfpu pni pclmulqdq dtes64 monitor ds_cpl vmx smx est tm2 ssse3 cx16 xtpr pdcm pcid dca sse4_1 sse4_2 x2apic popcnt tsc_deadline_timer aes xsave avx lahf_lm ida arat xsaveopt pln pts dtherm tpr_shadow vnmi flexpriority ept vpid
bogomips	: 5001.05
clflush size	: 64
cache_alignment	: 64
address sizes	: 46 bits physical, 48 bits virtual
power management:

processor	: 20
vendor_id	: GenuineIntel
cpu family	: 6
model		: 45
model name	: Intel(R) Xeon(R) CPU E5-2640 0 @ 2.50GHz
stepping	: 7
microcode	: 0x710
cpu MHz		: 2499.917
cache size	: 15360 KB
physical id	: 0
siblings	: 12
core id		: 4
cpu cores	: 6
apicid		: 9
initial apicid	: 9
fpu		: yes
fpu_exception	: yes
cpuid level	: 13
wp		: yes
flags		: fpu vme de pse tsc msr pae mce cx8 apic sep mtrr pge mca cmov pat pse36 clflush dts acpi mmx fxsr sse sse2 ss ht tm pbe syscall nx pdpe1gb rdtscp lm constant_tsc arch_perfmon pebs bts rep_good nopl xtopology nonstop_tsc aperfmperf eagerfpu pni pclmulqdq dtes64 monitor ds_cpl vmx smx est tm2 ssse3 cx16 xtpr pdcm pcid dca sse4_1 sse4_2 x2apic popcnt tsc_deadline_timer aes xsave avx lahf_lm ida arat xsaveopt pln pts dtherm tpr_shadow vnmi flexpriority ept vpid
bogomips	: 4999.83
clflush size	: 64
cache_alignment	: 64
address sizes	: 46 bits physical, 48 bits virtual
power management:

processor	: 21
vendor_id	: GenuineIntel
cpu family	: 6
model		: 45
model name	: Intel(R) Xeon(R) CPU E5-2640 0 @ 2.50GHz
stepping	: 7
microcode	: 0x710
cpu MHz		: 2499.917
cache size	: 15360 KB
physical id	: 1
siblings	: 12
core id		: 4
cpu cores	: 6
apicid		: 41
initial apicid	: 41
fpu		: yes
fpu_exception	: yes
cpuid level	: 13
wp		: yes
flags		: fpu vme de pse tsc msr pae mce cx8 apic sep mtrr pge mca cmov pat pse36 clflush dts acpi mmx fxsr sse sse2 ss ht tm pbe syscall nx pdpe1gb rdtscp lm constant_tsc arch_perfmon pebs bts rep_good nopl xtopology nonstop_tsc aperfmperf eagerfpu pni pclmulqdq dtes64 monitor ds_cpl vmx smx est tm2 ssse3 cx16 xtpr pdcm pcid dca sse4_1 sse4_2 x2apic popcnt tsc_deadline_timer aes xsave avx lahf_lm ida arat xsaveopt pln pts dtherm tpr_shadow vnmi flexpriority ept vpid
bogomips	: 5001.05
clflush size	: 64
cache_alignment	: 64
address sizes	: 46 bits physical, 48 bits virtual
power management:

processor	: 22
vendor_id	: GenuineIntel
cpu family	: 6
model		: 45
model name	: Intel(R) Xeon(R) CPU E5-2640 0 @ 2.50GHz
stepping	: 7
microcode	: 0x710
cpu MHz		: 2499.917
cache size	: 15360 KB
physical id	: 0
siblings	: 12
core id		: 5
cpu cores	: 6
apicid		: 11
initial apicid	: 11
fpu		: yes
fpu_exception	: yes
cpuid level	: 13
wp		: yes
flags		: fpu vme de pse tsc msr pae mce cx8 apic sep mtrr pge mca cmov pat pse36 clflush dts acpi mmx fxsr sse sse2 ss ht tm pbe syscall nx pdpe1gb rdtscp lm constant_tsc arch_perfmon pebs bts rep_good nopl xtopology nonstop_tsc aperfmperf eagerfpu pni pclmulqdq dtes64 monitor ds_cpl vmx smx est tm2 ssse3 cx16 xtpr pdcm pcid dca sse4_1 sse4_2 x2apic popcnt tsc_deadline_timer aes xsave avx lahf_lm ida arat xsaveopt pln pts dtherm tpr_shadow vnmi flexpriority ept vpid
bogomips	: 4999.83
clflush size	: 64
cache_alignment	: 64
address sizes	: 46 bits physical, 48 bits virtual
power management:

processor	: 23
vendor_id	: GenuineIntel
cpu family	: 6
model		: 45
model name	: Intel(R) Xeon(R) CPU E5-2640 0 @ 2.50GHz
stepping	: 7
microcode	: 0x710
cpu MHz		: 2499.917
cache size	: 15360 KB
physical id	: 1
siblings	: 12
core id		: 5
cpu cores	: 6
apicid		: 43
initial apicid	: 43
fpu		: yes
fpu_exception	: yes
cpuid level	: 13
wp		: yes
flags		: fpu vme de pse tsc msr pae mce cx8 apic sep mtrr pge mca cmov pat pse36 clflush dts acpi mmx fxsr sse sse2 ss ht tm pbe syscall nx pdpe1gb rdtscp lm constant_tsc arch_perfmon pebs bts rep_good nopl xtopology nonstop_tsc aperfmperf eagerfpu pni pclmulqdq dtes64 monitor ds_cpl vmx smx est tm2 ssse3 cx16 xtpr pdcm pcid dca sse4_1 sse4_2 x2apic popcnt tsc_deadline_timer aes xsave avx lahf_lm ida arat xsaveopt pln pts dtherm tpr_shadow vnmi flexpriority ept vpid
bogomips	: 5001.05
clflush size	: 64
cache_alignment	: 64
address sizes	: 46 bits physical, 48 bits virtual
power management:



Memory: 4k page, physical 32899196k(14335096k free), swap 33507324k(33475836k free)

vm_info: OpenJDK 64-Bit Server VM (23.25-b01) for linux-amd64 JRE (1.6.0_31-b31), built on Apr 18 2014 03:04:29 by "buildd" with gcc 4.6.3

time: Mon Jun 16 11:53:54 2014
elapsed time: 0 seconds

