>>>>>>>>>>>>>>>> [['bool', 'ns3::Ptr<ns3::NetDevice>', 'ns3::Ptr<ns3::Packet const>', 'unsigned short', 'ns3::Address const&', 'ns3::Address const&', 'ns3::NetDevice::PacketType', 'ns3::empty', 'ns3::empty', 'ns3::empty'], ['bool', 'ns3::Ptr<ns3::NetDevice>', 'ns3::Ptr<ns3::Packet const>', 'unsigned short', 'ns3::Address const&', 'ns3::empty', 'ns3::empty', 'ns3::empty', 'ns3::empty', 'ns3::empty'], ['void', 'ns3::Ptr<ns3::Socket>', 'ns3::empty', 'ns3::empty', 'ns3::empty', 'ns3::empty', 'ns3::empty', 'ns3::empty', 'ns3::empty', 'ns3::empty'], ['void', 'ns3::Ptr<ns3::Socket>', 'unsigned int', 'ns3::empty', 'ns3::empty', 'ns3::empty', 'ns3::empty', 'ns3::empty', 'ns3::empty', 'ns3::empty'], ['void', 'ns3::Ptr<ns3::Socket>', 'ns3::Address const&', 'ns3::empty', 'ns3::empty', 'ns3::empty', 'ns3::empty', 'ns3::empty', 'ns3::empty', 'ns3::empty'], ['bool', 'ns3::Ptr<ns3::Socket>', 'ns3::Address const&', 'ns3::empty', 'ns3::empty', 'ns3::empty', 'ns3::empty', 'ns3::empty', 'ns3::empty', 'ns3::empty'], ['void', 'ns3::Ptr<ns3::NetDevice>', 'ns3::Ptr<ns3::Packet const>', 'unsigned short', 'ns3::Address const&', 'ns3::Address const&', 'ns3::NetDevice::PacketType', 'ns3::empty', 'ns3::empty', 'ns3::empty']]
***** registering callback handler: 'ns3::Callback< bool, ns3::Ptr< ns3::NetDevice >, ns3::Ptr< ns3::Packet const >, unsigned short, ns3::Address const &, ns3::Address const &, ns3::NetDevice::PacketType, ns3::empty, ns3::empty, ns3::empty >'
***** registering callback handler: 'ns3::Callback< bool, ns3::Ptr< ns3::NetDevice >, ns3::Ptr< ns3::Packet const >, unsigned short, ns3::Address const &, ns3::empty, ns3::empty, ns3::empty, ns3::empty, ns3::empty >'
***** registering callback handler: 'ns3::Callback< void, ns3::Ptr< ns3::Socket >, ns3::empty, ns3::empty, ns3::empty, ns3::empty, ns3::empty, ns3::empty, ns3::empty, ns3::empty >'
***** registering callback handler: 'ns3::Callback< void, ns3::Ptr< ns3::Socket >, unsigned int, ns3::empty, ns3::empty, ns3::empty, ns3::empty, ns3::empty, ns3::empty, ns3::empty >'
***** registering callback handler: 'ns3::Callback< void, ns3::Ptr< ns3::Socket >, ns3::Address const &, ns3::empty, ns3::empty, ns3::empty, ns3::empty, ns3::empty, ns3::empty, ns3::empty >'
***** registering callback handler: 'ns3::Callback< bool, ns3::Ptr< ns3::Socket >, ns3::Address const &, ns3::empty, ns3::empty, ns3::empty, ns3::empty, ns3::empty, ns3::empty, ns3::empty >'
***** registering callback handler: 'ns3::Callback< void, ns3::Ptr< ns3::NetDevice >, ns3::Ptr< ns3::Packet const >, unsigned short, ns3::Address const &, ns3::Address const &, ns3::NetDevice::PacketType, ns3::empty, ns3::empty, ns3::empty >'
/home/cona/workspace/ndnsim/ns-3/src/applications/bindings/modulegen__gcc_LP64.py:730: Warning: exception TypeConfigurationError('direction not given',) in wrapper <pybindgen.cppmethod.CppConstructor object at 0x1020950>
  cls.add_constructor([param('uint8_t', 'type'), param('uint8_t const *', 'buffer'), param('uint8_t', 'len')])
/home/cona/workspace/ndnsim/ns-3/src/applications/bindings/modulegen__gcc_LP64.py:741: Warning: exception TypeConfigurationError('direction not given',) in wrapper public: retval? ???::CopyAllFrom (params?);
  [param('uint8_t const *', 'buffer'), param('uint8_t', 'len')])
/home/cona/workspace/ndnsim/ns-3/src/applications/bindings/modulegen__gcc_LP64.py:746: Warning: exception TypeConfigurationError('direction not given',) in wrapper public: retval? ???::CopyAllTo (params?) const;
  is_const=True)
/home/cona/workspace/ndnsim/ns-3/src/applications/bindings/modulegen__gcc_LP64.py:750: Warning: exception TypeConfigurationError('direction not given',) in wrapper public: retval? ???::CopyFrom (params?);
  [param('uint8_t const *', 'buffer'), param('uint8_t', 'len')])
/home/cona/workspace/ndnsim/ns-3/src/applications/bindings/modulegen__gcc_LP64.py:755: Warning: exception TypeConfigurationError('direction not given',) in wrapper public: retval? ???::CopyTo (params?) const;
  is_const=True)
/home/cona/workspace/ndnsim/ns-3/src/applications/bindings/modulegen__gcc_LP64.py:817: Warning: exception TypeLookupError(['__gnu_cxx::__normal_iterator< ns3::Ptr< ns3::Application > const, std::vector< ns3::Ptr< ns3::Application > > >'],) in wrapper public: retval? ???::Begin (params?) const;
  is_const=True)
/home/cona/workspace/ndnsim/ns-3/src/applications/bindings/modulegen__gcc_LP64.py:822: Warning: exception TypeLookupError(['__gnu_cxx::__normal_iterator< ns3::Ptr< ns3::Application > const, std::vector< ns3::Ptr< ns3::Application > > >'],) in wrapper public: retval? ???::End (params?) const;
  is_const=True)
/home/cona/workspace/ndnsim/ns-3/src/applications/bindings/modulegen__gcc_LP64.py:1007: Warning: exception TypeLookupError(['std::_List_const_iterator< ns3::AttributeConstructionList::Item >'],) in wrapper public: retval? ???::Begin (params?) const;
  is_const=True)
/home/cona/workspace/ndnsim/ns-3/src/applications/bindings/modulegen__gcc_LP64.py:1012: Warning: exception TypeLookupError(['std::_List_const_iterator< ns3::AttributeConstructionList::Item >'],) in wrapper public: retval? ???::End (params?) const;
  is_const=True)
/home/cona/workspace/ndnsim/ns-3/src/applications/bindings/modulegen__gcc_LP64.py:1128: Warning: exception TypeLookupError(['std::ostream *'],) in wrapper public: retval? ???::CopyData (params?) const;
  is_const=True)
/home/cona/workspace/ndnsim/ns-3/src/applications/bindings/modulegen__gcc_LP64.py:1133: Warning: exception TypeConfigurationError('direction not given',) in wrapper public: retval? ???::CopyData (params?) const;
  is_const=True)
/home/cona/workspace/ndnsim/ns-3/src/applications/bindings/modulegen__gcc_LP64.py:1147: Warning: exception TypeConfigurationError('direction not given',) in wrapper public: retval? ???::Deserialize (params?);
  [param('uint8_t const *', 'buffer'), param('uint32_t', 'size')])
/home/cona/workspace/ndnsim/ns-3/src/applications/bindings/modulegen__gcc_LP64.py:1177: Warning: exception TypeLookupError(['uint8_t *'],) in wrapper public: retval? ???::PeekData (params?) const;
  is_const=True)
/home/cona/workspace/ndnsim/ns-3/src/applications/bindings/modulegen__gcc_LP64.py:1190: Warning: exception TypeConfigurationError('direction not given',) in wrapper public: retval? ???::Serialize (params?) const;
  is_const=True)
/home/cona/workspace/ndnsim/ns-3/src/applications/bindings/modulegen__gcc_LP64.py:1245: Warning: exception TypeConfigurationError('direction not given',) in wrapper public: retval? ???::Read (params?);
  [param('uint8_t *', 'buffer'), param('uint32_t', 'size')])
/home/cona/workspace/ndnsim/ns-3/src/applications/bindings/modulegen__gcc_LP64.py:1289: Warning: exception TypeConfigurationError('direction not given',) in wrapper public: retval? ???::Write (params?);
  [param('uint8_t const *', 'buffer'), param('uint32_t', 'size')])
/home/cona/workspace/ndnsim/ns-3/src/applications/bindings/modulegen__gcc_LP64.py:1507: Warning: exception TypeLookupError(['__gnu_cxx::__normal_iterator< ns3::Ptr< ns3::Channel > const, std::vector< ns3::Ptr< ns3::Channel > > >'],) in wrapper public: retval? ???::Begin (params?);
  is_static=True)
/home/cona/workspace/ndnsim/ns-3/src/applications/bindings/modulegen__gcc_LP64.py:1512: Warning: exception TypeLookupError(['__gnu_cxx::__normal_iterator< ns3::Ptr< ns3::Channel > const, std::vector< ns3::Ptr< ns3::Channel > > >'],) in wrapper public: retval? ???::End (params?);
  is_static=True)
/home/cona/workspace/ndnsim/ns-3/src/applications/bindings/modulegen__gcc_LP64.py:1598: Warning: exception TypeLookupError(['ns3::Ptr< ns3::EventImpl > &'],) in wrapper <pybindgen.cppmethod.CppConstructor object at 0x12f8950>
  cls.add_constructor([param('ns3::Ptr< ns3::EventImpl > const &', 'impl'), param('uint64_t', 'ts'), param('uint32_t', 'context'), param('uint32_t', 'uid')])
/home/cona/workspace/ndnsim/ns-3/src/applications/bindings/modulegen__gcc_LP64.py:1632: Warning: exception TypeConfigurationError('Either caller_owns_return or self.reference_existing_object must be given',) in wrapper public: retval? ???::PeekEventImpl (params?) const;
  is_const=True)
/home/cona/workspace/ndnsim/ns-3/src/applications/bindings/modulegen__gcc_LP64.py:1748: Warning: exception TypeConfigurationError('direction not given',) in wrapper public: retval? ???::Deserialize (params?);
  is_static=True)
/home/cona/workspace/ndnsim/ns-3/src/applications/bindings/modulegen__gcc_LP64.py:1813: Warning: exception TypeLookupError(['std::ostream &'],) in wrapper public: retval? ???::Print (params?) const;
  is_const=True)
/home/cona/workspace/ndnsim/ns-3/src/applications/bindings/modulegen__gcc_LP64.py:1818: Warning: exception TypeConfigurationError('direction not given',) in wrapper public: retval? ???::Serialize (params?) const;
  is_const=True)
/home/cona/workspace/ndnsim/ns-3/src/applications/bindings/modulegen__gcc_LP64.py:1885: Warning: exception TypeLookupError(['std::ostream &'],) in wrapper public: retval? ???::Print (params?) const;
  is_const=True)
/home/cona/workspace/ndnsim/ns-3/src/applications/bindings/modulegen__gcc_LP64.py:1902: Warning: exception TypeConfigurationError('direction not given',) in wrapper <pybindgen.cppmethod.CppConstructor object at 0x1408110>
  cls.add_constructor([param('uint8_t *', 'address')])
/home/cona/workspace/ndnsim/ns-3/src/applications/bindings/modulegen__gcc_LP64.py:1920: Warning: exception TypeConfigurationError('direction not given',) in wrapper public: retval? ???::Deserialize (params?);
  is_static=True)
/home/cona/workspace/ndnsim/ns-3/src/applications/bindings/modulegen__gcc_LP64.py:1945: Warning: exception TypeConfigurationError('direction not given',) in wrapper public: retval? ???::GetBytes (params?) const;
  is_const=True)
/home/cona/workspace/ndnsim/ns-3/src/applications/bindings/modulegen__gcc_LP64.py:2049: Warning: exception TypeLookupError(['std::ostream &'],) in wrapper public: retval? ???::Print (params?) const;
  is_const=True)
/home/cona/workspace/ndnsim/ns-3/src/applications/bindings/modulegen__gcc_LP64.py:2054: Warning: exception TypeConfigurationError('direction not given',) in wrapper public: retval? ???::Serialize (params?) const;
  is_const=True)
/home/cona/workspace/ndnsim/ns-3/src/applications/bindings/modulegen__gcc_LP64.py:2062: Warning: exception TypeConfigurationError('direction not given',) in wrapper public: retval? ???::Set (params?);
  [param('uint8_t *', 'address')])
/home/cona/workspace/ndnsim/ns-3/src/applications/bindings/modulegen__gcc_LP64.py:2072: Warning: exception TypeConfigurationError('direction not given',) in wrapper <pybindgen.cppmethod.CppConstructor object at 0x14edfd0>
  cls.add_constructor([param('uint8_t *', 'prefix')])
/home/cona/workspace/ndnsim/ns-3/src/applications/bindings/modulegen__gcc_LP64.py:2085: Warning: exception TypeConfigurationError('direction not given',) in wrapper public: retval? ???::GetBytes (params?) const;
  is_const=True)
/home/cona/workspace/ndnsim/ns-3/src/applications/bindings/modulegen__gcc_LP64.py:2120: Warning: exception TypeLookupError(['std::ostream &'],) in wrapper public: retval? ???::Print (params?) const;
  is_const=True)
/home/cona/workspace/ndnsim/ns-3/src/applications/bindings/modulegen__gcc_LP64.py:2147: Warning: exception TypeConfigurationError('direction not given',) in wrapper public: retval? ???::CopyFrom (params?);
  [param('uint8_t const *', 'buffer')])
/home/cona/workspace/ndnsim/ns-3/src/applications/bindings/modulegen__gcc_LP64.py:2152: Warning: exception TypeConfigurationError('direction not given',) in wrapper public: retval? ???::CopyTo (params?) const;
  is_const=True)
/home/cona/workspace/ndnsim/ns-3/src/applications/bindings/modulegen__gcc_LP64.py:2218: Warning: exception TypeConfigurationError('direction not given',) in wrapper public: retval? ???::CopyFrom (params?);
  [param('uint8_t const *', 'buffer')])
/home/cona/workspace/ndnsim/ns-3/src/applications/bindings/modulegen__gcc_LP64.py:2223: Warning: exception TypeConfigurationError('direction not given',) in wrapper public: retval? ???::CopyTo (params?) const;
  is_const=True)
/home/cona/workspace/ndnsim/ns-3/src/applications/bindings/modulegen__gcc_LP64.py:2258: Warning: exception TypeLookupError(['__gnu_cxx::__normal_iterator< ns3::Ptr< ns3::NetDevice > const, std::vector< ns3::Ptr< ns3::NetDevice > > >'],) in wrapper public: retval? ???::Begin (params?) const;
  is_const=True)
/home/cona/workspace/ndnsim/ns-3/src/applications/bindings/modulegen__gcc_LP64.py:2263: Warning: exception TypeLookupError(['__gnu_cxx::__normal_iterator< ns3::Ptr< ns3::NetDevice > const, std::vector< ns3::Ptr< ns3::NetDevice > > >'],) in wrapper public: retval? ???::End (params?) const;
  is_const=True)
/home/cona/workspace/ndnsim/ns-3/src/applications/bindings/modulegen__gcc_LP64.py:2309: Warning: exception TypeLookupError(['__gnu_cxx::__normal_iterator< ns3::Ptr< ns3::Node > const, std::vector< ns3::Ptr< ns3::Node > > >'],) in wrapper public: retval? ???::Begin (params?) const;
  is_const=True)
/home/cona/workspace/ndnsim/ns-3/src/applications/bindings/modulegen__gcc_LP64.py:2322: Warning: exception TypeLookupError(['__gnu_cxx::__normal_iterator< ns3::Ptr< ns3::Node > const, std::vector< ns3::Ptr< ns3::Node > > >'],) in wrapper public: retval? ???::End (params?) const;
  is_const=True)
/home/cona/workspace/ndnsim/ns-3/src/applications/bindings/modulegen__gcc_LP64.py:2354: Warning: exception TypeLookupError(['__gnu_cxx::__normal_iterator< ns3::Ptr< ns3::Node > const, std::vector< ns3::Ptr< ns3::Node > > >'],) in wrapper public: retval? ???::Begin (params?);
  is_static=True)
/home/cona/workspace/ndnsim/ns-3/src/applications/bindings/modulegen__gcc_LP64.py:2359: Warning: exception TypeLookupError(['__gnu_cxx::__normal_iterator< ns3::Ptr< ns3::Node > const, std::vector< ns3::Ptr< ns3::Node > > >'],) in wrapper public: retval? ???::End (params?);
  is_static=True)
/home/cona/workspace/ndnsim/ns-3/src/applications/bindings/modulegen__gcc_LP64.py:2442: Warning: exception TypeConfigurationError('Missing transfer_ownership option',) in wrapper public: retval? ???::Delete (params?);
  is_static=True)
/home/cona/workspace/ndnsim/ns-3/src/applications/bindings/modulegen__gcc_LP64.py:2574: Warning: exception TypeConfigurationError('direction not given',) in wrapper public: retval? ???::Deserialize (params?);
  [param('uint8_t const *', 'buffer'), param('uint32_t', 'size')])
/home/cona/workspace/ndnsim/ns-3/src/applications/bindings/modulegen__gcc_LP64.py:2615: Warning: exception TypeConfigurationError('direction not given',) in wrapper public: retval? ???::Serialize (params?) const;
  is_const=True)
bindings/python/ns3modulegen-modular.py:27: UserWarning: exception TypeLookupError(['uint8_t [ 20 ]'],) in wrapper None
  warnings.warn("exception %r in wrapper %s" % (exception, wrapper))
bindings/python/ns3modulegen-modular.py:27: UserWarning: exception TypeConfigurationError('Either caller_owns_return or self.reference_existing_object must be given',) in wrapper None
  warnings.warn("exception %r in wrapper %s" % (exception, wrapper))
/home/cona/workspace/ndnsim/ns-3/src/applications/bindings/modulegen__gcc_LP64.py:2843: Warning: exception TypeLookupError(['std::_List_iterator< ns3::Ptr< ns3::PbbAddressTlv > >'],) in wrapper public: retval? ???::Begin (params?);
  [])
/home/cona/workspace/ndnsim/ns-3/src/applications/bindings/modulegen__gcc_LP64.py:2848: Warning: exception TypeLookupError(['std::_List_const_iterator< ns3::Ptr< ns3::PbbAddressTlv > >'],) in wrapper public: retval? ???::Begin (params?) const;
  is_const=True)
/home/cona/workspace/ndnsim/ns-3/src/applications/bindings/modulegen__gcc_LP64.py:2865: Warning: exception TypeLookupError(['std::_List_iterator< ns3::Ptr< ns3::PbbAddressTlv > >'],) in wrapper public: retval? ???::End (params?);
  [])
/home/cona/workspace/ndnsim/ns-3/src/applications/bindings/modulegen__gcc_LP64.py:2870: Warning: exception TypeLookupError(['std::_List_const_iterator< ns3::Ptr< ns3::PbbAddressTlv > >'],) in wrapper public: retval? ???::End (params?) const;
  is_const=True)
/home/cona/workspace/ndnsim/ns-3/src/applications/bindings/modulegen__gcc_LP64.py:2874: Warning: exception TypeLookupError(['std::_List_iterator< ns3::Ptr< ns3::PbbAddressTlv > >'],) in wrapper public: retval? ???::Erase (params?);
  [param('std::_List_iterator< ns3::Ptr< ns3::PbbAddressTlv > >', 'position')])
/home/cona/workspace/ndnsim/ns-3/src/applications/bindings/modulegen__gcc_LP64.py:2878: Warning: exception TypeLookupError(['std::_List_iterator< ns3::Ptr< ns3::PbbAddressTlv > >'],) in wrapper public: retval? ???::Erase (params?);
  [param('std::_List_iterator< ns3::Ptr< ns3::PbbAddressTlv > >', 'first'), param('std::_List_iterator< ns3::Ptr< ns3::PbbAddressTlv > >', 'last')])
/home/cona/workspace/ndnsim/ns-3/src/applications/bindings/modulegen__gcc_LP64.py:2892: Warning: exception TypeLookupError(['std::_List_iterator< ns3::Ptr< ns3::PbbAddressTlv > >'],) in wrapper public: retval? ???::Insert (params?);
  [param('std::_List_iterator< ns3::Ptr< ns3::PbbAddressTlv > >', 'position'), param('ns3::Ptr< ns3::PbbAddressTlv > const', 'tlv')])
/home/cona/workspace/ndnsim/ns-3/src/applications/bindings/modulegen__gcc_LP64.py:2905: Warning: exception TypeLookupError(['std::ostream &'],) in wrapper public: retval? ???::Print (params?) const;
  is_const=True)
/home/cona/workspace/ndnsim/ns-3/src/applications/bindings/modulegen__gcc_LP64.py:2910: Warning: exception TypeLookupError(['std::ostream &'],) in wrapper public: retval? ???::Print (params?) const;
  is_const=True)
/home/cona/workspace/ndnsim/ns-3/src/applications/bindings/modulegen__gcc_LP64.py:2946: Warning: exception TypeLookupError(['std::_List_iterator< ns3::Ptr< ns3::PbbTlv > >'],) in wrapper public: retval? ???::Begin (params?);
  [])
/home/cona/workspace/ndnsim/ns-3/src/applications/bindings/modulegen__gcc_LP64.py:2951: Warning: exception TypeLookupError(['std::_List_const_iterator< ns3::Ptr< ns3::PbbTlv > >'],) in wrapper public: retval? ???::Begin (params?) const;
  is_const=True)
/home/cona/workspace/ndnsim/ns-3/src/applications/bindings/modulegen__gcc_LP64.py:2968: Warning: exception TypeLookupError(['std::_List_iterator< ns3::Ptr< ns3::PbbTlv > >'],) in wrapper public: retval? ???::End (params?);
  [])
/home/cona/workspace/ndnsim/ns-3/src/applications/bindings/modulegen__gcc_LP64.py:2973: Warning: exception TypeLookupError(['std::_List_const_iterator< ns3::Ptr< ns3::PbbTlv > >'],) in wrapper public: retval? ???::End (params?) const;
  is_const=True)
/home/cona/workspace/ndnsim/ns-3/src/applications/bindings/modulegen__gcc_LP64.py:2977: Warning: exception TypeLookupError(['std::_List_iterator< ns3::Ptr< ns3::PbbTlv > >'],) in wrapper public: retval? ???::Erase (params?);
  [param('std::_List_iterator< ns3::Ptr< ns3::PbbTlv > >', 'position')])
/home/cona/workspace/ndnsim/ns-3/src/applications/bindings/modulegen__gcc_LP64.py:2981: Warning: exception TypeLookupError(['std::_List_iterator< ns3::Ptr< ns3::PbbTlv > >'],) in wrapper public: retval? ???::Erase (params?);
  [param('std::_List_iterator< ns3::Ptr< ns3::PbbTlv > >', 'first'), param('std::_List_iterator< ns3::Ptr< ns3::PbbTlv > >', 'last')])
/home/cona/workspace/ndnsim/ns-3/src/applications/bindings/modulegen__gcc_LP64.py:2995: Warning: exception TypeLookupError(['std::_List_iterator< ns3::Ptr< ns3::PbbTlv > >'],) in wrapper public: retval? ???::Insert (params?);
  [param('std::_List_iterator< ns3::Ptr< ns3::PbbTlv > >', 'position'), param('ns3::Ptr< ns3::PbbTlv > const', 'tlv')])
/home/cona/workspace/ndnsim/ns-3/src/applications/bindings/modulegen__gcc_LP64.py:3008: Warning: exception TypeLookupError(['std::ostream &'],) in wrapper public: retval? ???::Print (params?) const;
  is_const=True)
/home/cona/workspace/ndnsim/ns-3/src/applications/bindings/modulegen__gcc_LP64.py:3013: Warning: exception TypeLookupError(['std::ostream &'],) in wrapper public: retval? ???::Print (params?) const;
  is_const=True)
/home/cona/workspace/ndnsim/ns-3/src/applications/bindings/modulegen__gcc_LP64.py:3049: Warning: exception TypeLookupError(['uint32_t &'],) in wrapper public: retval? ???::Diff (params?);
  is_static=True)
/home/cona/workspace/ndnsim/ns-3/src/applications/bindings/modulegen__gcc_LP64.py:3103: Warning: exception TypeConfigurationError('direction not given',) in wrapper public: retval? ???::Read (params?);
  [param('uint8_t * const', 'data'), param('uint32_t', 'maxBytes'), param('uint32_t &', 'tsSec'), param('uint32_t &', 'tsUsec'), param('uint32_t &', 'inclLen'), param('uint32_t &', 'origLen'), param('uint32_t &', 'readLen')])
/home/cona/workspace/ndnsim/ns-3/src/applications/bindings/modulegen__gcc_LP64.py:3107: Warning: exception TypeConfigurationError('direction not given',) in wrapper public: retval? ???::Write (params?);
  [param('uint32_t', 'tsSec'), param('uint32_t', 'tsUsec'), param('uint8_t const * const', 'data'), param('uint32_t', 'totalLen')])
/home/cona/workspace/ndnsim/ns-3/src/applications/bindings/modulegen__gcc_LP64.py:3247: Warning: exception TypeLookupError(['ns3::Ptr< ns3::SimulatorImpl >', 'ns3::SimulatorImpl *'],) in wrapper public: retval? ???::GetImplementation (params?);
  is_static=True)
/home/cona/workspace/ndnsim/ns-3/src/applications/bindings/modulegen__gcc_LP64.py:3282: Warning: exception TypeLookupError(['ns3::Ptr< ns3::SimulatorImpl >', 'ns3::SimulatorImpl *'],) in wrapper public: retval? ???::SetImplementation (params?);
  is_static=True)
/home/cona/workspace/ndnsim/ns-3/src/applications/bindings/modulegen__gcc_LP64.py:3401: Warning: exception TypeLookupError(['std::ostream &'],) in wrapper public: virtual retval? ???::Print (params?) const = 0;
  is_pure_virtual=True, is_const=True, is_virtual=True)
/home/cona/workspace/ndnsim/ns-3/src/applications/bindings/modulegen__gcc_LP64.py:3413: Warning: exception TypeConfigurationError('direction not given',) in wrapper <pybindgen.cppmethod.CppConstructor object at 0x1a478d0>
  cls.add_constructor([param('uint8_t *', 'start'), param('uint8_t *', 'end')])
/home/cona/workspace/ndnsim/ns-3/src/applications/bindings/modulegen__gcc_LP64.py:3421: Warning: exception TypeConfigurationError('direction not given',) in wrapper public: retval? ???::Read (params?);
  [param('uint8_t *', 'buffer'), param('uint32_t', 'size')])
/home/cona/workspace/ndnsim/ns-3/src/applications/bindings/modulegen__gcc_LP64.py:3449: Warning: exception TypeConfigurationError('direction not given',) in wrapper public: retval? ???::Write (params?);
  [param('uint8_t const *', 'buffer'), param('uint32_t', 'size')])
/home/cona/workspace/ndnsim/ns-3/src/applications/bindings/modulegen__gcc_LP64.py:3514: Warning: exception TypeLookupError(['ns3::Callback< ns3::ObjectBase *, ns3::empty, ns3::empty, ns3::empty, ns3::empty, ns3::empty, ns3::empty, ns3::empty, ns3::empty, ns3::empty >'],) in wrapper public: retval? ???::GetConstructor (params?) const;
  is_const=True)
/home/cona/workspace/ndnsim/ns-3/src/applications/bindings/modulegen__gcc_LP64.py:3706: Warning: exception TypeConfigurationError('direction not given',) in wrapper public: retval? ???::SetFill (params?);
  [param('ns3::Ptr< ns3::Application >', 'app'), param('uint8_t *', 'fill'), param('uint32_t', 'fillLength'), param('uint32_t', 'dataLength')])
bindings/python/ns3modulegen-modular.py:27: UserWarning: exception TypeLookupError(['short unsigned int'],) in wrapper None
  warnings.warn("exception %r in wrapper %s" % (exception, wrapper))
/home/cona/workspace/ndnsim/ns-3/src/applications/bindings/modulegen__gcc_LP64.py:3936: Warning: exception TypeLookupError(['std::ostream &'],) in wrapper public: virtual retval? ???::Print (params?) const = 0;
  is_pure_virtual=True, is_const=True, is_virtual=True)
/home/cona/workspace/ndnsim/ns-3/src/applications/bindings/modulegen__gcc_LP64.py:3973: Warning: exception TypeLookupError(['std::ostream &'],) in wrapper public: virtual retval? ???::Print (params?) const;
  is_const=True, is_virtual=True)
/home/cona/workspace/ndnsim/ns-3/src/applications/bindings/modulegen__gcc_LP64.py:4026: Warning: exception TypeLookupError(['std::ostream &'],) in wrapper public: virtual retval? ???::Print (params?) const;
  is_const=True, is_virtual=True)
/home/cona/workspace/ndnsim/ns-3/src/applications/bindings/modulegen__gcc_LP64.py:4063: Warning: exception TypeLookupError(['std::ostream &'],) in wrapper public: virtual retval? ???::Print (params?) const = 0;
  is_pure_virtual=True, is_const=True, is_virtual=True)
/home/cona/workspace/ndnsim/ns-3/src/applications/bindings/modulegen__gcc_LP64.py:4104: Warning: exception TypeLookupError(['std::ostream &'],) in wrapper public: virtual retval? ???::Print (params?) const;
  is_const=True, is_virtual=True)
/home/cona/workspace/ndnsim/ns-3/src/applications/bindings/modulegen__gcc_LP64.py:4195: Warning: exception TypeLookupError(['std::_List_const_iterator< ns3::Ptr< ns3::Packet > >'],) in wrapper public: retval? ???::Begin (params?) const;
  is_const=True)
/home/cona/workspace/ndnsim/ns-3/src/applications/bindings/modulegen__gcc_LP64.py:4205: Warning: exception TypeLookupError(['std::_List_const_iterator< ns3::Ptr< ns3::Packet > >'],) in wrapper public: retval? ???::End (params?) const;
  is_const=True)
/home/cona/workspace/ndnsim/ns-3/src/applications/bindings/modulegen__gcc_LP64.py:4272: Warning: exception TypeLookupError(['std::ostream &'],) in wrapper public: virtual retval? ???::Print (params?) const;
  is_const=True, is_virtual=True)
/home/cona/workspace/ndnsim/ns-3/src/applications/bindings/modulegen__gcc_LP64.py:4333: Warning: exception TypeConfigurationError('direction not given',) in wrapper public: retval? ???::Write (params?);
  [param('ns3::Time', 't'), param('uint8_t const *', 'buffer'), param('uint32_t', 'length')])
/home/cona/workspace/ndnsim/ns-3/src/applications/bindings/modulegen__gcc_LP64.py:4516: Warning: exception TypeLookupError(['std::ostream &'],) in wrapper public: virtual retval? ???::Print (params?) const;
  is_const=True, is_virtual=True)
/home/cona/workspace/ndnsim/ns-3/src/applications/bindings/modulegen__gcc_LP64.py:4588: Warning: exception TypeLookupError(['ns3::RngStream *'],) in wrapper protected: retval? ???::Peek (params?) const;
  is_const=True, visibility='protected')
/home/cona/workspace/ndnsim/ns-3/src/applications/bindings/modulegen__gcc_LP64.py:4702: Warning: exception TypeLookupError(['std::ostream &'],) in wrapper private: virtual retval? ???::Print (params?) const;
  is_const=True, visibility='private', is_virtual=True)
/home/cona/workspace/ndnsim/ns-3/src/applications/bindings/modulegen__gcc_LP64.py:5076: Warning: exception TypeConfigurationError('direction not given',) in wrapper public: retval? ???::Recv (params?);
  [param('uint8_t *', 'buf'), param('uint32_t', 'size'), param('uint32_t', 'flags')])
/home/cona/workspace/ndnsim/ns-3/src/applications/bindings/modulegen__gcc_LP64.py:5089: Warning: exception TypeConfigurationError('direction not given',) in wrapper public: retval? ???::RecvFrom (params?);
  [param('uint8_t *', 'buf'), param('uint32_t', 'size'), param('uint32_t', 'flags'), param('ns3::Address &', 'fromAddress')])
/home/cona/workspace/ndnsim/ns-3/src/applications/bindings/modulegen__gcc_LP64.py:5102: Warning: exception TypeConfigurationError('direction not given',) in wrapper public: retval? ???::Send (params?);
  [param('uint8_t const *', 'buf'), param('uint32_t', 'size'), param('uint32_t', 'flags')])
/home/cona/workspace/ndnsim/ns-3/src/applications/bindings/modulegen__gcc_LP64.py:5111: Warning: exception TypeConfigurationError('direction not given',) in wrapper public: retval? ???::SendTo (params?);
  [param('uint8_t const *', 'buf'), param('uint32_t', 'size'), param('uint32_t', 'flags'), param('ns3::Address const &', 'address')])
/home/cona/workspace/ndnsim/ns-3/src/applications/bindings/modulegen__gcc_LP64.py:5295: Warning: exception TypeLookupError(['std::ostream &'],) in wrapper public: virtual retval? ???::Print (params?) const;
  is_const=True, is_virtual=True)
/home/cona/workspace/ndnsim/ns-3/src/applications/bindings/modulegen__gcc_LP64.py:5358: Warning: exception TypeLookupError(['std::ostream &'],) in wrapper public: virtual retval? ???::Print (params?) const;
  is_const=True, is_virtual=True)
/home/cona/workspace/ndnsim/ns-3/src/applications/bindings/modulegen__gcc_LP64.py:5404: Warning: exception TypeLookupError(['std::ostream &'],) in wrapper public: virtual retval? ???::Print (params?) const;
  is_const=True, is_virtual=True)
/home/cona/workspace/ndnsim/ns-3/src/applications/bindings/modulegen__gcc_LP64.py:5450: Warning: exception TypeLookupError(['std::ostream &'],) in wrapper public: virtual retval? ???::Print (params?) const;
  is_const=True, is_virtual=True)
/home/cona/workspace/ndnsim/ns-3/src/applications/bindings/modulegen__gcc_LP64.py:5496: Warning: exception TypeLookupError(['std::ostream &'],) in wrapper public: virtual retval? ???::Print (params?) const;
  is_const=True, is_virtual=True)
/home/cona/workspace/ndnsim/ns-3/src/applications/bindings/modulegen__gcc_LP64.py:5550: Warning: exception TypeLookupError(['std::ostream &'],) in wrapper public: virtual retval? ???::Print (params?) const;
  is_const=True, is_virtual=True)
/home/cona/workspace/ndnsim/ns-3/src/applications/bindings/modulegen__gcc_LP64.py:5766: Warning: exception TypeLookupError(['std::ostream &'],) in wrapper public: virtual retval? ???::Print (params?) const = 0;
  is_pure_virtual=True, is_const=True, is_virtual=True)
/home/cona/workspace/ndnsim/ns-3/src/applications/bindings/modulegen__gcc_LP64.py:6365: Warning: exception TypeLookupError(['ns3::DataCollector &'],) in wrapper public: virtual retval? ???::Output (params?) = 0;
  is_pure_virtual=True, is_virtual=True)
/home/cona/workspace/ndnsim/ns-3/src/applications/bindings/modulegen__gcc_LP64.py:6674: Warning: exception TypeLookupError(['std::ostream &'],) in wrapper public: virtual retval? ???::Print (params?) const;
  is_const=True, is_virtual=True)
/home/cona/workspace/ndnsim/ns-3/src/applications/bindings/modulegen__gcc_LP64.py:6749: Warning: exception TypeLookupError(['std::ostream &'],) in wrapper public: virtual retval? ???::Print (params?) const;
  is_const=True, is_virtual=True)
/home/cona/workspace/ndnsim/ns-3/src/applications/bindings/modulegen__gcc_LP64.py:7204: Warning: exception TypeLookupError(['ns3::Callback< void, ns3::empty, ns3::empty, ns3::empty, ns3::empty, ns3::empty, ns3::empty, ns3::empty, ns3::empty, ns3::empty >'],) in wrapper public: virtual retval? ???::AddLinkChangeCallback (params?) = 0;
  is_pure_virtual=True, is_virtual=True)
/home/cona/workspace/ndnsim/ns-3/src/applications/bindings/modulegen__gcc_LP64.py:7429: Warning: exception TypeLookupError(['ns3::Callback< void, ns3::Ptr< ns3::NetDevice >, ns3::empty, ns3::empty, ns3::empty, ns3::empty, ns3::empty, ns3::empty, ns3::empty, ns3::empty >'],) in wrapper public: retval? ???::RegisterDeviceAdditionListener (params?);
  [param('ns3::Callback< void, ns3::Ptr< ns3::NetDevice >, ns3::empty, ns3::empty, ns3::empty, ns3::empty, ns3::empty, ns3::empty, ns3::empty, ns3::empty >', 'listener')])
/home/cona/workspace/ndnsim/ns-3/src/applications/bindings/modulegen__gcc_LP64.py:7437: Warning: exception TypeLookupError(['ns3::Callback< void, ns3::Ptr< ns3::NetDevice >, ns3::empty, ns3::empty, ns3::empty, ns3::empty, ns3::empty, ns3::empty, ns3::empty, ns3::empty >'],) in wrapper public: retval? ???::UnregisterDeviceAdditionListener (params?);
  [param('ns3::Callback< void, ns3::Ptr< ns3::NetDevice >, ns3::empty, ns3::empty, ns3::empty, ns3::empty, ns3::empty, ns3::empty, ns3::empty, ns3::empty >', 'listener')])
/home/cona/workspace/ndnsim/ns-3/src/applications/bindings/modulegen__gcc_LP64.py:7585: Warning: exception TypeLookupError(['std::ostream *'],) in wrapper <pybindgen.cppmethod.CppConstructor object at 0x2be7450>
  cls.add_constructor([param('std::ostream *', 'os')])
/home/cona/workspace/ndnsim/ns-3/src/applications/bindings/modulegen__gcc_LP64.py:7589: Warning: exception TypeLookupError(['std::ostream *'],) in wrapper public: retval? ???::GetStream (params?);
  [])
/home/cona/workspace/ndnsim/ns-3/src/applications/bindings/modulegen__gcc_LP64.py:7601: Warning: exception TypeConfigurationError('direction not given',) in wrapper <pybindgen.cppmethod.CppConstructor object at 0x2be7590>
  cls.add_constructor([param('uint8_t const *', 'buffer'), param('uint32_t', 'size'), param('bool', 'magic')])
/home/cona/workspace/ndnsim/ns-3/src/applications/bindings/modulegen__gcc_LP64.py:7603: Warning: exception TypeConfigurationError('direction not given',) in wrapper <pybindgen.cppmethod.CppConstructor object at 0x2be75d0>
  cls.add_constructor([param('uint8_t const *', 'buffer'), param('uint32_t', 'size')])
/home/cona/workspace/ndnsim/ns-3/src/applications/bindings/modulegen__gcc_LP64.py:7644: Warning: exception TypeConfigurationError('direction not given',) in wrapper public: retval? ???::CopyData (params?) const;
  is_const=True)
/home/cona/workspace/ndnsim/ns-3/src/applications/bindings/modulegen__gcc_LP64.py:7649: Warning: exception TypeLookupError(['std::ostream *'],) in wrapper public: retval? ???::CopyData (params?) const;
  is_const=True)
/home/cona/workspace/ndnsim/ns-3/src/applications/bindings/modulegen__gcc_LP64.py:7704: Warning: exception TypeLookupError(['uint8_t *'],) in wrapper public: retval? ???::PeekData (params?) const;
  deprecated=True, is_const=True)
/home/cona/workspace/ndnsim/ns-3/src/applications/bindings/modulegen__gcc_LP64.py:7723: Warning: exception TypeLookupError(['std::ostream &'],) in wrapper public: retval? ???::Print (params?) const;
  is_const=True)
/home/cona/workspace/ndnsim/ns-3/src/applications/bindings/modulegen__gcc_LP64.py:7728: Warning: exception TypeLookupError(['std::ostream &'],) in wrapper public: retval? ???::PrintByteTags (params?) const;
  is_const=True)
/home/cona/workspace/ndnsim/ns-3/src/applications/bindings/modulegen__gcc_LP64.py:7733: Warning: exception TypeLookupError(['std::ostream &'],) in wrapper public: retval? ???::PrintPacketTags (params?) const;
  is_const=True)
/home/cona/workspace/ndnsim/ns-3/src/applications/bindings/modulegen__gcc_LP64.py:7766: Warning: exception TypeConfigurationError('direction not given',) in wrapper public: retval? ???::Serialize (params?) const;
  is_const=True)
/home/cona/workspace/ndnsim/ns-3/src/applications/bindings/modulegen__gcc_LP64.py:8011: Warning: exception TypeLookupError(['std::_List_iterator< ns3::Address >'],) in wrapper public: retval? ???::AddressBegin (params?);
  [])
/home/cona/workspace/ndnsim/ns-3/src/applications/bindings/modulegen__gcc_LP64.py:8016: Warning: exception TypeLookupError(['std::_List_const_iterator< ns3::Address >'],) in wrapper public: retval? ???::AddressBegin (params?) const;
  is_const=True)
/home/cona/workspace/ndnsim/ns-3/src/applications/bindings/modulegen__gcc_LP64.py:8029: Warning: exception TypeLookupError(['std::_List_iterator< ns3::Address >'],) in wrapper public: retval? ???::AddressEnd (params?);
  [])
/home/cona/workspace/ndnsim/ns-3/src/applications/bindings/modulegen__gcc_LP64.py:8034: Warning: exception TypeLookupError(['std::_List_const_iterator< ns3::Address >'],) in wrapper public: retval? ???::AddressEnd (params?) const;
  is_const=True)
/home/cona/workspace/ndnsim/ns-3/src/applications/bindings/modulegen__gcc_LP64.py:8038: Warning: exception TypeLookupError(['std::_List_iterator< ns3::Address >'],) in wrapper public: retval? ???::AddressErase (params?);
  [param('std::_List_iterator< ns3::Address >', 'position')])
/home/cona/workspace/ndnsim/ns-3/src/applications/bindings/modulegen__gcc_LP64.py:8042: Warning: exception TypeLookupError(['std::_List_iterator< ns3::Address >'],) in wrapper public: retval? ???::AddressErase (params?);
  [param('std::_List_iterator< ns3::Address >', 'first'), param('std::_List_iterator< ns3::Address >', 'last')])
/home/cona/workspace/ndnsim/ns-3/src/applications/bindings/modulegen__gcc_LP64.py:8051: Warning: exception TypeLookupError(['std::_List_iterator< ns3::Address >'],) in wrapper public: retval? ???::AddressInsert (params?);
  [param('std::_List_iterator< ns3::Address >', 'position'), param('ns3::Address const', 'value')])
/home/cona/workspace/ndnsim/ns-3/src/applications/bindings/modulegen__gcc_LP64.py:8090: Warning: exception TypeLookupError(['std::_List_iterator< unsigned char >'],) in wrapper public: retval? ???::PrefixBegin (params?);
  [])
/home/cona/workspace/ndnsim/ns-3/src/applications/bindings/modulegen__gcc_LP64.py:8095: Warning: exception TypeLookupError(['std::_List_const_iterator< unsigned char >'],) in wrapper public: retval? ???::PrefixBegin (params?) const;
  is_const=True)
/home/cona/workspace/ndnsim/ns-3/src/applications/bindings/modulegen__gcc_LP64.py:8108: Warning: exception TypeLookupError(['std::_List_iterator< unsigned char >'],) in wrapper public: retval? ???::PrefixEnd (params?);
  [])
/home/cona/workspace/ndnsim/ns-3/src/applications/bindings/modulegen__gcc_LP64.py:8113: Warning: exception TypeLookupError(['std::_List_const_iterator< unsigned char >'],) in wrapper public: retval? ???::PrefixEnd (params?) const;
  is_const=True)
/home/cona/workspace/ndnsim/ns-3/src/applications/bindings/modulegen__gcc_LP64.py:8117: Warning: exception TypeLookupError(['std::_List_iterator< unsigned char >'],) in wrapper public: retval? ???::PrefixErase (params?);
  [param('std::_List_iterator< unsigned char >', 'position')])
/home/cona/workspace/ndnsim/ns-3/src/applications/bindings/modulegen__gcc_LP64.py:8121: Warning: exception TypeLookupError(['std::_List_iterator< unsigned char >'],) in wrapper public: retval? ???::PrefixErase (params?);
  [param('std::_List_iterator< unsigned char >', 'first'), param('std::_List_iterator< unsigned char >', 'last')])
/home/cona/workspace/ndnsim/ns-3/src/applications/bindings/modulegen__gcc_LP64.py:8130: Warning: exception TypeLookupError(['std::_List_iterator< unsigned char >'],) in wrapper public: retval? ???::PrefixInsert (params?);
  [param('std::_List_iterator< unsigned char >', 'position'), param('uint8_t const', 'value')])
/home/cona/workspace/ndnsim/ns-3/src/applications/bindings/modulegen__gcc_LP64.py:8156: Warning: exception TypeLookupError(['std::ostream &'],) in wrapper public: retval? ???::Print (params?) const;
  is_const=True)
/home/cona/workspace/ndnsim/ns-3/src/applications/bindings/modulegen__gcc_LP64.py:8161: Warning: exception TypeLookupError(['std::ostream &'],) in wrapper public: retval? ???::Print (params?) const;
  is_const=True)
/home/cona/workspace/ndnsim/ns-3/src/applications/bindings/modulegen__gcc_LP64.py:8175: Warning: exception TypeLookupError(['ns3::Ptr< ns3::PbbAddressTlv >'],) in wrapper public: retval? ???::TlvBack (params?) const;
  is_const=True)
/home/cona/workspace/ndnsim/ns-3/src/applications/bindings/modulegen__gcc_LP64.py:8179: Warning: exception TypeLookupError(['std::_List_iterator< ns3::Ptr< ns3::PbbAddressTlv > >'],) in wrapper public: retval? ???::TlvBegin (params?);
  [])
/home/cona/workspace/ndnsim/ns-3/src/applications/bindings/modulegen__gcc_LP64.py:8184: Warning: exception TypeLookupError(['std::_List_const_iterator< ns3::Ptr< ns3::PbbAddressTlv > >'],) in wrapper public: retval? ???::TlvBegin (params?) const;
  is_const=True)
/home/cona/workspace/ndnsim/ns-3/src/applications/bindings/modulegen__gcc_LP64.py:8197: Warning: exception TypeLookupError(['std::_List_iterator< ns3::Ptr< ns3::PbbAddressTlv > >'],) in wrapper public: retval? ???::TlvEnd (params?);
  [])
/home/cona/workspace/ndnsim/ns-3/src/applications/bindings/modulegen__gcc_LP64.py:8202: Warning: exception TypeLookupError(['std::_List_const_iterator< ns3::Ptr< ns3::PbbAddressTlv > >'],) in wrapper public: retval? ???::TlvEnd (params?) const;
  is_const=True)
/home/cona/workspace/ndnsim/ns-3/src/applications/bindings/modulegen__gcc_LP64.py:8206: Warning: exception TypeLookupError(['std::_List_iterator< ns3::Ptr< ns3::PbbAddressTlv > >'],) in wrapper public: retval? ???::TlvErase (params?);
  [param('std::_List_iterator< ns3::Ptr< ns3::PbbAddressTlv > >', 'position')])
/home/cona/workspace/ndnsim/ns-3/src/applications/bindings/modulegen__gcc_LP64.py:8210: Warning: exception TypeLookupError(['std::_List_iterator< ns3::Ptr< ns3::PbbAddressTlv > >'],) in wrapper public: retval? ???::TlvErase (params?);
  [param('std::_List_iterator< ns3::Ptr< ns3::PbbAddressTlv > >', 'first'), param('std::_List_iterator< ns3::Ptr< ns3::PbbAddressTlv > >', 'last')])
/home/cona/workspace/ndnsim/ns-3/src/applications/bindings/modulegen__gcc_LP64.py:8219: Warning: exception TypeLookupError(['ns3::Ptr< ns3::PbbAddressTlv >'],) in wrapper public: retval? ???::TlvFront (params?) const;
  is_const=True)
/home/cona/workspace/ndnsim/ns-3/src/applications/bindings/modulegen__gcc_LP64.py:8223: Warning: exception TypeLookupError(['std::_List_iterator< ns3::Ptr< ns3::PbbAddressTlv > >'],) in wrapper public: retval? ???::TlvInsert (params?);
  [param('std::_List_iterator< ns3::Ptr< ns3::PbbAddressTlv > >', 'position'), param('ns3::Ptr< ns3::PbbTlv > const', 'value')])
/home/cona/workspace/ndnsim/ns-3/src/applications/bindings/modulegen__gcc_LP64.py:8249: Warning: exception TypeConfigurationError('direction not given',) in wrapper protected: virtual retval? ???::DeserializeAddress (params?) const = 0;
  is_pure_virtual=True, is_const=True, visibility='protected', is_virtual=True)
/home/cona/workspace/ndnsim/ns-3/src/applications/bindings/modulegen__gcc_LP64.py:8259: Warning: exception TypeLookupError(['std::ostream &'],) in wrapper protected: virtual retval? ???::PrintAddress (params?) const = 0;
  is_pure_virtual=True, is_const=True, visibility='protected', is_virtual=True)
/home/cona/workspace/ndnsim/ns-3/src/applications/bindings/modulegen__gcc_LP64.py:8264: Warning: exception TypeConfigurationError('direction not given',) in wrapper protected: virtual retval? ???::SerializeAddress (params?) const = 0;
  is_pure_virtual=True, is_const=True, visibility='protected', is_virtual=True)
/home/cona/workspace/ndnsim/ns-3/src/applications/bindings/modulegen__gcc_LP64.py:8276: Warning: exception TypeConfigurationError('direction not given',) in wrapper protected: virtual retval? ???::DeserializeAddress (params?) const;
  is_const=True, visibility='protected', is_virtual=True)
/home/cona/workspace/ndnsim/ns-3/src/applications/bindings/modulegen__gcc_LP64.py:8286: Warning: exception TypeLookupError(['std::ostream &'],) in wrapper protected: virtual retval? ???::PrintAddress (params?) const;
  is_const=True, visibility='protected', is_virtual=True)
/home/cona/workspace/ndnsim/ns-3/src/applications/bindings/modulegen__gcc_LP64.py:8291: Warning: exception TypeConfigurationError('direction not given',) in wrapper protected: virtual retval? ???::SerializeAddress (params?) const;
  is_const=True, visibility='protected', is_virtual=True)
/home/cona/workspace/ndnsim/ns-3/src/applications/bindings/modulegen__gcc_LP64.py:8303: Warning: exception TypeConfigurationError('direction not given',) in wrapper protected: virtual retval? ???::DeserializeAddress (params?) const;
  is_const=True, visibility='protected', is_virtual=True)
/home/cona/workspace/ndnsim/ns-3/src/applications/bindings/modulegen__gcc_LP64.py:8313: Warning: exception TypeLookupError(['std::ostream &'],) in wrapper protected: virtual retval? ???::PrintAddress (params?) const;
  is_const=True, visibility='protected', is_virtual=True)
/home/cona/workspace/ndnsim/ns-3/src/applications/bindings/modulegen__gcc_LP64.py:8318: Warning: exception TypeConfigurationError('direction not given',) in wrapper protected: virtual retval? ???::SerializeAddress (params?) const;
  is_const=True, visibility='protected', is_virtual=True)
/home/cona/workspace/ndnsim/ns-3/src/applications/bindings/modulegen__gcc_LP64.py:8336: Warning: exception TypeLookupError(['ns3::Ptr< ns3::PbbAddressBlock >'],) in wrapper public: retval? ???::AddressBlockBack (params?) const;
  is_const=True)
/home/cona/workspace/ndnsim/ns-3/src/applications/bindings/modulegen__gcc_LP64.py:8340: Warning: exception TypeLookupError(['std::_List_iterator< ns3::Ptr< ns3::PbbAddressBlock > >'],) in wrapper public: retval? ???::AddressBlockBegin (params?);
  [])
/home/cona/workspace/ndnsim/ns-3/src/applications/bindings/modulegen__gcc_LP64.py:8345: Warning: exception TypeLookupError(['std::_List_const_iterator< ns3::Ptr< ns3::PbbAddressBlock > >'],) in wrapper public: retval? ???::AddressBlockBegin (params?) const;
  is_const=True)
/home/cona/workspace/ndnsim/ns-3/src/applications/bindings/modulegen__gcc_LP64.py:8358: Warning: exception TypeLookupError(['std::_List_iterator< ns3::Ptr< ns3::PbbAddressBlock > >'],) in wrapper public: retval? ???::AddressBlockEnd (params?);
  [])
/home/cona/workspace/ndnsim/ns-3/src/applications/bindings/modulegen__gcc_LP64.py:8363: Warning: exception TypeLookupError(['std::_List_const_iterator< ns3::Ptr< ns3::PbbAddressBlock > >'],) in wrapper public: retval? ???::AddressBlockEnd (params?) const;
  is_const=True)
/home/cona/workspace/ndnsim/ns-3/src/applications/bindings/modulegen__gcc_LP64.py:8367: Warning: exception TypeLookupError(['std::_List_iterator< ns3::Ptr< ns3::PbbAddressBlock > >'],) in wrapper public: retval? ???::AddressBlockErase (params?);
  [param('std::_List_iterator< ns3::Ptr< ns3::PbbAddressBlock > >', 'position')])
/home/cona/workspace/ndnsim/ns-3/src/applications/bindings/modulegen__gcc_LP64.py:8371: Warning: exception TypeLookupError(['std::_List_iterator< ns3::Ptr< ns3::PbbAddressBlock > >'],) in wrapper public: retval? ???::AddressBlockErase (params?);
  [param('std::_List_iterator< ns3::Ptr< ns3::PbbAddressBlock > >', 'first'), param('std::_List_iterator< ns3::Ptr< ns3::PbbAddressBlock > >', 'last')])
/home/cona/workspace/ndnsim/ns-3/src/applications/bindings/modulegen__gcc_LP64.py:8380: Warning: exception TypeLookupError(['ns3::Ptr< ns3::PbbAddressBlock >'],) in wrapper public: retval? ???::AddressBlockFront (params?) const;
  is_const=True)
/home/cona/workspace/ndnsim/ns-3/src/applications/bindings/modulegen__gcc_LP64.py:8465: Warning: exception TypeLookupError(['std::ostream &'],) in wrapper public: retval? ???::Print (params?) const;
  is_const=True)
/home/cona/workspace/ndnsim/ns-3/src/applications/bindings/modulegen__gcc_LP64.py:8470: Warning: exception TypeLookupError(['std::ostream &'],) in wrapper public: retval? ???::Print (params?) const;
  is_const=True)
/home/cona/workspace/ndnsim/ns-3/src/applications/bindings/modulegen__gcc_LP64.py:8504: Warning: exception TypeLookupError(['ns3::Ptr< ns3::PbbTlv >'],) in wrapper public: retval? ???::TlvBack (params?) const;
  is_const=True)
/home/cona/workspace/ndnsim/ns-3/src/applications/bindings/modulegen__gcc_LP64.py:8508: Warning: exception TypeLookupError(['std::_List_iterator< ns3::Ptr< ns3::PbbTlv > >'],) in wrapper public: retval? ???::TlvBegin (params?);
  [])
/home/cona/workspace/ndnsim/ns-3/src/applications/bindings/modulegen__gcc_LP64.py:8513: Warning: exception TypeLookupError(['std::_List_const_iterator< ns3::Ptr< ns3::PbbTlv > >'],) in wrapper public: retval? ???::TlvBegin (params?) const;
  is_const=True)
/home/cona/workspace/ndnsim/ns-3/src/applications/bindings/modulegen__gcc_LP64.py:8526: Warning: exception TypeLookupError(['std::_List_iterator< ns3::Ptr< ns3::PbbTlv > >'],) in wrapper public: retval? ???::TlvEnd (params?);
  [])
/home/cona/workspace/ndnsim/ns-3/src/applications/bindings/modulegen__gcc_LP64.py:8531: Warning: exception TypeLookupError(['std::_List_const_iterator< ns3::Ptr< ns3::PbbTlv > >'],) in wrapper public: retval? ???::TlvEnd (params?) const;
  is_const=True)
/home/cona/workspace/ndnsim/ns-3/src/applications/bindings/modulegen__gcc_LP64.py:8535: Warning: exception TypeLookupError(['std::_List_iterator< ns3::Ptr< ns3::PbbTlv > >'],) in wrapper public: retval? ???::TlvErase (params?);
  [param('std::_List_iterator< ns3::Ptr< ns3::PbbTlv > >', 'position')])
/home/cona/workspace/ndnsim/ns-3/src/applications/bindings/modulegen__gcc_LP64.py:8539: Warning: exception TypeLookupError(['std::_List_iterator< ns3::Ptr< ns3::PbbTlv > >'],) in wrapper public: retval? ???::TlvErase (params?);
  [param('std::_List_iterator< ns3::Ptr< ns3::PbbTlv > >', 'first'), param('std::_List_iterator< ns3::Ptr< ns3::PbbTlv > >', 'last')])
/home/cona/workspace/ndnsim/ns-3/src/applications/bindings/modulegen__gcc_LP64.py:8548: Warning: exception TypeLookupError(['ns3::Ptr< ns3::PbbTlv >'],) in wrapper public: retval? ???::TlvFront (params?) const;
  is_const=True)
/home/cona/workspace/ndnsim/ns-3/src/applications/bindings/modulegen__gcc_LP64.py:8589: Warning: exception TypeLookupError(['std::ostream &'],) in wrapper protected: virtual retval? ???::PrintOriginatorAddress (params?) const = 0;
  is_pure_virtual=True, is_const=True, visibility='protected', is_virtual=True)
/home/cona/workspace/ndnsim/ns-3/src/applications/bindings/modulegen__gcc_LP64.py:8621: Warning: exception TypeLookupError(['std::ostream &'],) in wrapper protected: virtual retval? ???::PrintOriginatorAddress (params?) const;
  is_const=True, visibility='protected', is_virtual=True)
/home/cona/workspace/ndnsim/ns-3/src/applications/bindings/modulegen__gcc_LP64.py:8653: Warning: exception TypeLookupError(['std::ostream &'],) in wrapper protected: virtual retval? ???::PrintOriginatorAddress (params?) const;
  is_const=True, visibility='protected', is_virtual=True)
/home/cona/workspace/ndnsim/ns-3/src/applications/bindings/modulegen__gcc_LP64.py:8676: Warning: exception TypeLookupError(['std::_List_iterator< ns3::Ptr< ns3::PbbTlv > >'],) in wrapper public: retval? ???::Erase (params?);
  [param('std::_List_iterator< ns3::Ptr< ns3::PbbTlv > >', 'position')])
/home/cona/workspace/ndnsim/ns-3/src/applications/bindings/modulegen__gcc_LP64.py:8680: Warning: exception TypeLookupError(['std::_List_iterator< ns3::Ptr< ns3::PbbTlv > >'],) in wrapper public: retval? ???::Erase (params?);
  [param('std::_List_iterator< ns3::Ptr< ns3::PbbTlv > >', 'first'), param('std::_List_iterator< ns3::Ptr< ns3::PbbTlv > >', 'last')])
/home/cona/workspace/ndnsim/ns-3/src/applications/bindings/modulegen__gcc_LP64.py:8684: Warning: exception TypeLookupError(['std::_List_iterator< ns3::Ptr< ns3::PbbMessage > >'],) in wrapper public: retval? ???::Erase (params?);
  [param('std::_List_iterator< ns3::Ptr< ns3::PbbMessage > >', 'position')])
/home/cona/workspace/ndnsim/ns-3/src/applications/bindings/modulegen__gcc_LP64.py:8688: Warning: exception TypeLookupError(['std::_List_iterator< ns3::Ptr< ns3::PbbMessage > >'],) in wrapper public: retval? ???::Erase (params?);
  [param('std::_List_iterator< ns3::Ptr< ns3::PbbMessage > >', 'first'), param('std::_List_iterator< ns3::Ptr< ns3::PbbMessage > >', 'last')])
/home/cona/workspace/ndnsim/ns-3/src/applications/bindings/modulegen__gcc_LP64.py:8727: Warning: exception TypeLookupError(['ns3::Ptr< ns3::PbbMessage >'],) in wrapper public: retval? ???::MessageBack (params?) const;
  is_const=True)
/home/cona/workspace/ndnsim/ns-3/src/applications/bindings/modulegen__gcc_LP64.py:8731: Warning: exception TypeLookupError(['std::_List_iterator< ns3::Ptr< ns3::PbbMessage > >'],) in wrapper public: retval? ???::MessageBegin (params?);
  [])
/home/cona/workspace/ndnsim/ns-3/src/applications/bindings/modulegen__gcc_LP64.py:8736: Warning: exception TypeLookupError(['std::_List_const_iterator< ns3::Ptr< ns3::PbbMessage > >'],) in wrapper public: retval? ???::MessageBegin (params?) const;
  is_const=True)
/home/cona/workspace/ndnsim/ns-3/src/applications/bindings/modulegen__gcc_LP64.py:8749: Warning: exception TypeLookupError(['std::_List_iterator< ns3::Ptr< ns3::PbbMessage > >'],) in wrapper public: retval? ???::MessageEnd (params?);
  [])
/home/cona/workspace/ndnsim/ns-3/src/applications/bindings/modulegen__gcc_LP64.py:8754: Warning: exception TypeLookupError(['std::_List_const_iterator< ns3::Ptr< ns3::PbbMessage > >'],) in wrapper public: retval? ???::MessageEnd (params?) const;
  is_const=True)
/home/cona/workspace/ndnsim/ns-3/src/applications/bindings/modulegen__gcc_LP64.py:8763: Warning: exception TypeLookupError(['ns3::Ptr< ns3::PbbMessage >'],) in wrapper public: retval? ???::MessageFront (params?) const;
  is_const=True)
/home/cona/workspace/ndnsim/ns-3/src/applications/bindings/modulegen__gcc_LP64.py:8789: Warning: exception TypeLookupError(['std::ostream &'],) in wrapper public: virtual retval? ???::Print (params?) const;
  is_const=True, is_virtual=True)
/home/cona/workspace/ndnsim/ns-3/src/applications/bindings/modulegen__gcc_LP64.py:8807: Warning: exception TypeLookupError(['ns3::Ptr< ns3::PbbTlv >'],) in wrapper public: retval? ???::TlvBack (params?) const;
  is_const=True)
/home/cona/workspace/ndnsim/ns-3/src/applications/bindings/modulegen__gcc_LP64.py:8811: Warning: exception TypeLookupError(['std::_List_iterator< ns3::Ptr< ns3::PbbTlv > >'],) in wrapper public: retval? ???::TlvBegin (params?);
  [])
/home/cona/workspace/ndnsim/ns-3/src/applications/bindings/modulegen__gcc_LP64.py:8816: Warning: exception TypeLookupError(['std::_List_const_iterator< ns3::Ptr< ns3::PbbTlv > >'],) in wrapper public: retval? ???::TlvBegin (params?) const;
  is_const=True)
/home/cona/workspace/ndnsim/ns-3/src/applications/bindings/modulegen__gcc_LP64.py:8829: Warning: exception TypeLookupError(['std::_List_iterator< ns3::Ptr< ns3::PbbTlv > >'],) in wrapper public: retval? ???::TlvEnd (params?);
  [])
/home/cona/workspace/ndnsim/ns-3/src/applications/bindings/modulegen__gcc_LP64.py:8834: Warning: exception TypeLookupError(['std::_List_const_iterator< ns3::Ptr< ns3::PbbTlv > >'],) in wrapper public: retval? ???::TlvEnd (params?) const;
  is_const=True)
/home/cona/workspace/ndnsim/ns-3/src/applications/bindings/modulegen__gcc_LP64.py:8843: Warning: exception TypeLookupError(['ns3::Ptr< ns3::PbbTlv >'],) in wrapper public: retval? ???::TlvFront (params?) const;
  is_const=True)
/home/cona/workspace/ndnsim/ns-3/src/applications/bindings/modulegen__gcc_LP64.py:8912: Warning: exception TypeLookupError(['std::ostream &'],) in wrapper public: retval? ???::Print (params?) const;
  is_const=True)
/home/cona/workspace/ndnsim/ns-3/src/applications/bindings/modulegen__gcc_LP64.py:8917: Warning: exception TypeLookupError(['std::ostream &'],) in wrapper public: retval? ???::Print (params?) const;
  is_const=True)
/home/cona/workspace/ndnsim/ns-3/src/applications/bindings/modulegen__gcc_LP64.py:8938: Warning: exception TypeConfigurationError('direction not given',) in wrapper public: retval? ???::SetValue (params?);
  [param('uint8_t const *', 'buffer'), param('uint32_t', 'size')])
/home/cona/workspace/ndnsim/ns-3/src/applications/bindings/modulegen__gcc_LP64.py:9458: Warning: exception TypeLookupError(['ns3::Callback< void, ns3::empty, ns3::empty, ns3::empty, ns3::empty, ns3::empty, ns3::empty, ns3::empty, ns3::empty, ns3::empty >'],) in wrapper public: virtual retval? ???::AddLinkChangeCallback (params?);
  is_virtual=True)
/home/cona/workspace/ndnsim/ns-3/src/applications/bindings/modulegen__gcc_LP64.py:9747: Warning: exception TypeConfigurationError('direction not given',) in wrapper public: retval? ???::SetFill (params?);
  [param('uint8_t *', 'fill'), param('uint32_t', 'fillSize'), param('uint32_t', 'dataSize')])
/home/cona/workspace/ndnsim/pybindgen/pybindgen/cppclass_typehandlers.py:1098: UserWarning: Returning shared pointers is dangerous!  The C++ API should be redesigned to avoid this situation.
  warnings.warn("Returning shared pointers is dangerous!"
