>>>>>>>>>>>>>>>> [['bool', 'ns3::Ptr<ns3::Packet const> const&', 'ns3::empty', 'ns3::empty', 'ns3::empty', 'ns3::empty', 'ns3::empty', 'ns3::empty', 'ns3::empty', 'ns3::empty'], ['void', 'ns3::Ptr<ns3::ndn::Face> const&', 'ns3::Ptr<ns3::Packet const> const&', 'ns3::empty', 'ns3::empty', 'ns3::empty', 'ns3::empty', 'ns3::empty', 'ns3::empty', 'ns3::empty'], ['void', 'ns3::empty', 'ns3::empty', 'ns3::empty', 'ns3::empty', 'ns3::empty', 'ns3::empty', 'ns3::empty', 'ns3::empty', 'ns3::empty'], ['void', 'ns3::Ptr<ns3::NetDevice>', 'ns3::Ptr<ns3::Packet const>', 'unsigned short', 'ns3::Address const&', 'ns3::Address const&', 'ns3::NetDevice::PacketType', 'ns3::empty', 'ns3::empty', 'ns3::empty']]
bindings/python/ns3modulegen-modular.py:27: UserWarning: exception TypeLookupError(['boost::reference_wrapper< std::basic_string< char, std::char_traits< char >, std::allocator< char > > const >'],) in wrapper <pybindgen.Container 'std::list< boost::reference_wrapper< std::string const > >'>
  warnings.warn("exception %r in wrapper %s" % (exception, wrapper))
/home/cona/workspace/ndnsim/ns-3/bindings/python/ns3modulegen_core_customizations.py:225: Warning: ***** Unable to register callback; parameter 'ns3::Ptr<ns3::Packet const> const& arg1' error (used in ns3::Callback< bool, ns3::Ptr<ns3::Packet const> const&, ns3::empty, ns3::empty, ns3::empty, ns3::empty, ns3::empty, ns3::empty, ns3::empty, ns3::empty >): TypeLookupError(['ns3::Ptr< ns3::Packet const > &'],)
  Warning)
/home/cona/workspace/ndnsim/ns-3/bindings/python/ns3modulegen_core_customizations.py:225: Warning: ***** Unable to register callback; parameter 'ns3::Ptr<ns3::ndn::Face> const& arg1' error (used in ns3::Callback< void, ns3::Ptr<ns3::ndn::Face> const&, ns3::Ptr<ns3::Packet const> const&, ns3::empty, ns3::empty, ns3::empty, ns3::empty, ns3::empty, ns3::empty, ns3::empty >): TypeLookupError(['ns3::Ptr< ns3::ndn::Face > &'],)
  Warning)
/home/cona/workspace/ndnsim/ns-3/bindings/python/ns3modulegen_core_customizations.py:225: Warning: ***** Unable to register callback; parameter 'ns3::Ptr<ns3::Packet const> const& arg2' error (used in ns3::Callback< void, ns3::Ptr<ns3::ndn::Face> const&, ns3::Ptr<ns3::Packet const> const&, ns3::empty, ns3::empty, ns3::empty, ns3::empty, ns3::empty, ns3::empty, ns3::empty >): TypeLookupError(['ns3::Ptr< ns3::Packet const > &'],)
  Warning)
***** registering callback handler: 'ns3::Callback< void, ns3::empty, ns3::empty, ns3::empty, ns3::empty, ns3::empty, ns3::empty, ns3::empty, ns3::empty, ns3::empty >'
***** registering callback handler: 'ns3::Callback< void, ns3::Ptr< ns3::NetDevice >, ns3::Ptr< ns3::Packet const >, unsigned short, ns3::Address const &, ns3::Address const &, ns3::NetDevice::PacketType, ns3::empty, ns3::empty, ns3::empty >'
/home/cona/workspace/ndnsim/ns-3/src/ndnSIM/bindings/modulegen__gcc_LP64.py:648: Warning: exception TypeConfigurationError('direction not given',) in wrapper <pybindgen.cppmethod.CppConstructor object at 0x2347250>
  cls.add_constructor([param('uint8_t', 'type'), param('uint8_t const *', 'buffer'), param('uint8_t', 'len')])
/home/cona/workspace/ndnsim/ns-3/src/ndnSIM/bindings/modulegen__gcc_LP64.py:659: Warning: exception TypeConfigurationError('direction not given',) in wrapper public: retval? ???::CopyAllFrom (params?);
  [param('uint8_t const *', 'buffer'), param('uint8_t', 'len')])
/home/cona/workspace/ndnsim/ns-3/src/ndnSIM/bindings/modulegen__gcc_LP64.py:664: Warning: exception TypeConfigurationError('direction not given',) in wrapper public: retval? ???::CopyAllTo (params?) const;
  is_const=True)
/home/cona/workspace/ndnsim/ns-3/src/ndnSIM/bindings/modulegen__gcc_LP64.py:668: Warning: exception TypeConfigurationError('direction not given',) in wrapper public: retval? ???::CopyFrom (params?);
  [param('uint8_t const *', 'buffer'), param('uint8_t', 'len')])
/home/cona/workspace/ndnsim/ns-3/src/ndnSIM/bindings/modulegen__gcc_LP64.py:673: Warning: exception TypeConfigurationError('direction not given',) in wrapper public: retval? ???::CopyTo (params?) const;
  is_const=True)
/home/cona/workspace/ndnsim/ns-3/src/ndnSIM/bindings/modulegen__gcc_LP64.py:735: Warning: exception TypeLookupError(['__gnu_cxx::__normal_iterator< ns3::Ptr< ns3::Application > const, std::vector< ns3::Ptr< ns3::Application > > >'],) in wrapper public: retval? ???::Begin (params?) const;
  is_const=True)
/home/cona/workspace/ndnsim/ns-3/src/ndnSIM/bindings/modulegen__gcc_LP64.py:740: Warning: exception TypeLookupError(['__gnu_cxx::__normal_iterator< ns3::Ptr< ns3::Application > const, std::vector< ns3::Ptr< ns3::Application > > >'],) in wrapper public: retval? ???::End (params?) const;
  is_const=True)
/home/cona/workspace/ndnsim/ns-3/src/ndnSIM/bindings/modulegen__gcc_LP64.py:774: Warning: exception TypeLookupError(['std::_List_const_iterator< ns3::AttributeConstructionList::Item >'],) in wrapper public: retval? ???::Begin (params?) const;
  is_const=True)
/home/cona/workspace/ndnsim/ns-3/src/ndnSIM/bindings/modulegen__gcc_LP64.py:779: Warning: exception TypeLookupError(['std::_List_const_iterator< ns3::AttributeConstructionList::Item >'],) in wrapper public: retval? ???::End (params?) const;
  is_const=True)
/home/cona/workspace/ndnsim/ns-3/src/ndnSIM/bindings/modulegen__gcc_LP64.py:830: Warning: exception TypeLookupError(['std::ostream *'],) in wrapper public: retval? ???::CopyData (params?) const;
  is_const=True)
/home/cona/workspace/ndnsim/ns-3/src/ndnSIM/bindings/modulegen__gcc_LP64.py:835: Warning: exception TypeConfigurationError('direction not given',) in wrapper public: retval? ???::CopyData (params?) const;
  is_const=True)
/home/cona/workspace/ndnsim/ns-3/src/ndnSIM/bindings/modulegen__gcc_LP64.py:849: Warning: exception TypeConfigurationError('direction not given',) in wrapper public: retval? ???::Deserialize (params?);
  [param('uint8_t const *', 'buffer'), param('uint32_t', 'size')])
/home/cona/workspace/ndnsim/ns-3/src/ndnSIM/bindings/modulegen__gcc_LP64.py:879: Warning: exception TypeLookupError(['uint8_t *'],) in wrapper public: retval? ???::PeekData (params?) const;
  is_const=True)
/home/cona/workspace/ndnsim/ns-3/src/ndnSIM/bindings/modulegen__gcc_LP64.py:892: Warning: exception TypeConfigurationError('direction not given',) in wrapper public: retval? ???::Serialize (params?) const;
  is_const=True)
/home/cona/workspace/ndnsim/ns-3/src/ndnSIM/bindings/modulegen__gcc_LP64.py:951: Warning: exception TypeConfigurationError('direction not given',) in wrapper public: retval? ???::Read (params?);
  [param('uint8_t *', 'buffer'), param('uint32_t', 'size')])
/home/cona/workspace/ndnsim/ns-3/src/ndnSIM/bindings/modulegen__gcc_LP64.py:999: Warning: exception TypeConfigurationError('direction not given',) in wrapper public: retval? ???::Write (params?);
  [param('uint8_t const *', 'buffer'), param('uint32_t', 'size')])
/home/cona/workspace/ndnsim/ns-3/src/ndnSIM/bindings/modulegen__gcc_LP64.py:1185: Warning: exception TypeLookupError(['ns3::Ptr< ns3::EventImpl > &'],) in wrapper <pybindgen.cppmethod.CppConstructor object at 0x2556490>
  cls.add_constructor([param('ns3::Ptr< ns3::EventImpl > const &', 'impl'), param('uint64_t', 'ts'), param('uint32_t', 'context'), param('uint32_t', 'uid')])
/home/cona/workspace/ndnsim/ns-3/src/ndnSIM/bindings/modulegen__gcc_LP64.py:1219: Warning: exception TypeConfigurationError('Either caller_owns_return or self.reference_existing_object must be given',) in wrapper public: retval? ???::PeekEventImpl (params?) const;
  is_const=True)
/home/cona/workspace/ndnsim/ns-3/src/ndnSIM/bindings/modulegen__gcc_LP64.py:1249: Warning: exception TypeConfigurationError('direction not given',) in wrapper public: retval? ???::Deserialize (params?);
  is_static=True)
/home/cona/workspace/ndnsim/ns-3/src/ndnSIM/bindings/modulegen__gcc_LP64.py:1314: Warning: exception TypeLookupError(['std::ostream &'],) in wrapper public: retval? ???::Print (params?) const;
  is_const=True)
/home/cona/workspace/ndnsim/ns-3/src/ndnSIM/bindings/modulegen__gcc_LP64.py:1319: Warning: exception TypeConfigurationError('direction not given',) in wrapper public: retval? ???::Serialize (params?) const;
  is_const=True)
/home/cona/workspace/ndnsim/ns-3/src/ndnSIM/bindings/modulegen__gcc_LP64.py:1386: Warning: exception TypeLookupError(['std::ostream &'],) in wrapper public: retval? ???::Print (params?) const;
  is_const=True)
/home/cona/workspace/ndnsim/ns-3/src/ndnSIM/bindings/modulegen__gcc_LP64.py:1403: Warning: exception TypeConfigurationError('direction not given',) in wrapper <pybindgen.cppmethod.CppConstructor object at 0x257f750>
  cls.add_constructor([param('uint8_t *', 'address')])
/home/cona/workspace/ndnsim/ns-3/src/ndnSIM/bindings/modulegen__gcc_LP64.py:1421: Warning: exception TypeConfigurationError('direction not given',) in wrapper public: retval? ???::Deserialize (params?);
  is_static=True)
/home/cona/workspace/ndnsim/ns-3/src/ndnSIM/bindings/modulegen__gcc_LP64.py:1446: Warning: exception TypeConfigurationError('direction not given',) in wrapper public: retval? ???::GetBytes (params?) const;
  is_const=True)
/home/cona/workspace/ndnsim/ns-3/src/ndnSIM/bindings/modulegen__gcc_LP64.py:1530: Warning: exception TypeLookupError(['ns3::Mac48Address'],) in wrapper public: retval? ???::MakeAutoconfiguredAddress (params?);
  is_static=True)
/home/cona/workspace/ndnsim/ns-3/src/ndnSIM/bindings/modulegen__gcc_LP64.py:1535: Warning: exception TypeLookupError(['ns3::Mac48Address'],) in wrapper public: retval? ???::MakeAutoconfiguredLinkLocalAddress (params?);
  is_static=True)
/home/cona/workspace/ndnsim/ns-3/src/ndnSIM/bindings/modulegen__gcc_LP64.py:1550: Warning: exception TypeLookupError(['std::ostream &'],) in wrapper public: retval? ???::Print (params?) const;
  is_const=True)
/home/cona/workspace/ndnsim/ns-3/src/ndnSIM/bindings/modulegen__gcc_LP64.py:1555: Warning: exception TypeConfigurationError('direction not given',) in wrapper public: retval? ???::Serialize (params?) const;
  is_const=True)
/home/cona/workspace/ndnsim/ns-3/src/ndnSIM/bindings/modulegen__gcc_LP64.py:1563: Warning: exception TypeConfigurationError('direction not given',) in wrapper public: retval? ???::Set (params?);
  [param('uint8_t *', 'address')])
/home/cona/workspace/ndnsim/ns-3/src/ndnSIM/bindings/modulegen__gcc_LP64.py:1573: Warning: exception TypeConfigurationError('direction not given',) in wrapper <pybindgen.cppmethod.CppConstructor object at 0x2672190>
  cls.add_constructor([param('uint8_t *', 'prefix')])
/home/cona/workspace/ndnsim/ns-3/src/ndnSIM/bindings/modulegen__gcc_LP64.py:1586: Warning: exception TypeConfigurationError('direction not given',) in wrapper public: retval? ???::GetBytes (params?) const;
  is_const=True)
/home/cona/workspace/ndnsim/ns-3/src/ndnSIM/bindings/modulegen__gcc_LP64.py:1621: Warning: exception TypeLookupError(['std::ostream &'],) in wrapper public: retval? ???::Print (params?) const;
  is_const=True)
/home/cona/workspace/ndnsim/ns-3/src/ndnSIM/bindings/modulegen__gcc_LP64.py:1651: Warning: exception TypeLookupError(['__gnu_cxx::__normal_iterator< ns3::Ptr< ns3::NetDevice > const, std::vector< ns3::Ptr< ns3::NetDevice > > >'],) in wrapper public: retval? ???::Begin (params?) const;
  is_const=True)
/home/cona/workspace/ndnsim/ns-3/src/ndnSIM/bindings/modulegen__gcc_LP64.py:1656: Warning: exception TypeLookupError(['__gnu_cxx::__normal_iterator< ns3::Ptr< ns3::NetDevice > const, std::vector< ns3::Ptr< ns3::NetDevice > > >'],) in wrapper public: retval? ???::End (params?) const;
  is_const=True)
/home/cona/workspace/ndnsim/ns-3/src/ndnSIM/bindings/modulegen__gcc_LP64.py:1702: Warning: exception TypeLookupError(['__gnu_cxx::__normal_iterator< ns3::Ptr< ns3::Node > const, std::vector< ns3::Ptr< ns3::Node > > >'],) in wrapper public: retval? ???::Begin (params?) const;
  is_const=True)
/home/cona/workspace/ndnsim/ns-3/src/ndnSIM/bindings/modulegen__gcc_LP64.py:1715: Warning: exception TypeLookupError(['__gnu_cxx::__normal_iterator< ns3::Ptr< ns3::Node > const, std::vector< ns3::Ptr< ns3::Node > > >'],) in wrapper public: retval? ???::End (params?) const;
  is_const=True)
/home/cona/workspace/ndnsim/ns-3/src/ndnSIM/bindings/modulegen__gcc_LP64.py:1803: Warning: exception TypeConfigurationError('Missing transfer_ownership option',) in wrapper public: retval? ???::Delete (params?);
  is_static=True)
/home/cona/workspace/ndnsim/ns-3/src/ndnSIM/bindings/modulegen__gcc_LP64.py:1876: Warning: exception TypeConfigurationError('direction not given',) in wrapper public: retval? ???::Deserialize (params?);
  [param('uint8_t const *', 'buffer'), param('uint32_t', 'size')])
/home/cona/workspace/ndnsim/ns-3/src/ndnSIM/bindings/modulegen__gcc_LP64.py:1917: Warning: exception TypeConfigurationError('direction not given',) in wrapper public: retval? ???::Serialize (params?) const;
  is_const=True)
bindings/python/ns3modulegen-modular.py:27: UserWarning: exception TypeLookupError(['uint8_t [ 20 ]'],) in wrapper None
  warnings.warn("exception %r in wrapper %s" % (exception, wrapper))
bindings/python/ns3modulegen-modular.py:27: UserWarning: exception TypeConfigurationError('Either caller_owns_return or self.reference_existing_object must be given',) in wrapper None
  warnings.warn("exception %r in wrapper %s" % (exception, wrapper))
/home/cona/workspace/ndnsim/ns-3/src/ndnSIM/bindings/modulegen__gcc_LP64.py:2149: Warning: exception TypeLookupError(['std::ostream &'],) in wrapper public: virtual retval? ???::Print (params?) const = 0;
  is_pure_virtual=True, is_const=True, is_virtual=True)
/home/cona/workspace/ndnsim/ns-3/src/ndnSIM/bindings/modulegen__gcc_LP64.py:2161: Warning: exception TypeConfigurationError('direction not given',) in wrapper <pybindgen.cppmethod.CppConstructor object at 0x28aaf10>
  cls.add_constructor([param('uint8_t *', 'start'), param('uint8_t *', 'end')])
/home/cona/workspace/ndnsim/ns-3/src/ndnSIM/bindings/modulegen__gcc_LP64.py:2169: Warning: exception TypeConfigurationError('direction not given',) in wrapper public: retval? ???::Read (params?);
  [param('uint8_t *', 'buffer'), param('uint32_t', 'size')])
/home/cona/workspace/ndnsim/ns-3/src/ndnSIM/bindings/modulegen__gcc_LP64.py:2197: Warning: exception TypeConfigurationError('direction not given',) in wrapper public: retval? ???::Write (params?);
  [param('uint8_t const *', 'buffer'), param('uint32_t', 'size')])
/home/cona/workspace/ndnsim/ns-3/src/ndnSIM/bindings/modulegen__gcc_LP64.py:2305: Warning: exception TypeLookupError(['ns3::Callback< ns3::ObjectBase *, ns3::empty, ns3::empty, ns3::empty, ns3::empty, ns3::empty, ns3::empty, ns3::empty, ns3::empty, ns3::empty >'],) in wrapper public: retval? ???::GetConstructor (params?) const;
  is_const=True)
bindings/python/ns3modulegen-modular.py:27: UserWarning: exception TypeLookupError(['short unsigned int'],) in wrapper None
  warnings.warn("exception %r in wrapper %s" % (exception, wrapper))
/home/cona/workspace/ndnsim/ns-3/src/ndnSIM/bindings/modulegen__gcc_LP64.py:2623: Warning: exception TypeLookupError(['std::ostream &'],) in wrapper public: virtual retval? ???::Print (params?) const = 0;
  is_pure_virtual=True, is_const=True, is_virtual=True)
/home/cona/workspace/ndnsim/ns-3/src/ndnSIM/bindings/modulegen__gcc_LP64.py:2731: Warning: exception TypeLookupError(['std::ostream &'],) in wrapper public: virtual retval? ???::Print (params?) const = 0;
  is_pure_virtual=True, is_const=True, is_virtual=True)
/home/cona/workspace/ndnsim/ns-3/src/ndnSIM/bindings/modulegen__gcc_LP64.py:2857: Warning: exception TypeLookupError(['std::pair< double, double >'],) in wrapper <pybindgen.cppmethod.CppConstructor object at 0x2bd8f10>
  cls.add_constructor([param('std::pair< double, double >', 'params')])
/home/cona/workspace/ndnsim/ns-3/src/ndnSIM/bindings/modulegen__gcc_LP64.py:2859: Warning: exception TypeLookupError(['std::pair< double, double >'],) in wrapper <pybindgen.cppmethod.CppConstructor object at 0x2bd8f50>
  cls.add_constructor([param('std::pair< double, double >', 'params'), param('double', 'b')])
/home/cona/workspace/ndnsim/ns-3/src/ndnSIM/bindings/modulegen__gcc_LP64.py:3214: Warning: exception TypeLookupError(['std::_List_const_iterator< ns3::TopologyReader::Link >'],) in wrapper public: retval? ???::LinksBegin (params?) const;
  is_const=True)
/home/cona/workspace/ndnsim/ns-3/src/ndnSIM/bindings/modulegen__gcc_LP64.py:3224: Warning: exception TypeLookupError(['std::_List_const_iterator< ns3::TopologyReader::Link >'],) in wrapper public: retval? ???::LinksEnd (params?) const;
  is_const=True)
/home/cona/workspace/ndnsim/ns-3/src/ndnSIM/bindings/modulegen__gcc_LP64.py:3251: Warning: exception TypeLookupError(['std::_Rb_tree_const_iterator< std::pair< std::basic_string< char, std::char_traits< char >, std::allocator< char > > const, std::basic_string< char, std::char_traits< char >, std::allocator< char > > > >'],) in wrapper public: retval? ???::AttributesBegin (params?);
  [])
/home/cona/workspace/ndnsim/ns-3/src/ndnSIM/bindings/modulegen__gcc_LP64.py:3255: Warning: exception TypeLookupError(['std::_Rb_tree_const_iterator< std::pair< std::basic_string< char, std::char_traits< char >, std::allocator< char > > const, std::basic_string< char, std::char_traits< char >, std::allocator< char > > > >'],) in wrapper public: retval? ???::AttributesEnd (params?);
  [])
/home/cona/workspace/ndnsim/ns-3/src/ndnSIM/bindings/modulegen__gcc_LP64.py:3358: Warning: exception TypeLookupError(['std::ostream &'],) in wrapper public: virtual retval? ???::Print (params?) const = 0;
  is_pure_virtual=True, is_const=True, is_virtual=True)
/home/cona/workspace/ndnsim/ns-3/src/ndnSIM/bindings/modulegen__gcc_LP64.py:3383: Warning: exception TypeLookupError(['std::list< ns3::TopologyReader::Link > &'],) in wrapper public: retval? ???::GetLinks (params?) const;
  is_const=True)
/home/cona/workspace/ndnsim/ns-3/src/ndnSIM/bindings/modulegen__gcc_LP64.py:4024: Warning: exception TypeLookupError(['ns3::Ptr< ns3::Channel >', 'ns3::Channel *'],) in wrapper public: virtual retval? ???::GetChannel (params?) const = 0;
  is_pure_virtual=True, is_const=True, is_virtual=True)
/home/cona/workspace/ndnsim/ns-3/src/ndnSIM/bindings/modulegen__gcc_LP64.py:4119: Warning: exception TypeLookupError(['ns3::Callback< bool, ns3::Ptr< ns3::NetDevice >, ns3::Ptr< ns3::Packet const >, short unsigned int, ns3::Address const &, ns3::Address const &, ns3::NetDevice::PacketType, ns3::empty, ns3::empty, ns3::empty >'],) in wrapper public: virtual retval? ???::SetPromiscReceiveCallback (params?) = 0;
  is_pure_virtual=True, is_virtual=True)
/home/cona/workspace/ndnsim/ns-3/src/ndnSIM/bindings/modulegen__gcc_LP64.py:4124: Warning: exception TypeLookupError(['ns3::Callback< bool, ns3::Ptr< ns3::NetDevice >, ns3::Ptr< ns3::Packet const >, short unsigned int, ns3::Address const &, ns3::empty, ns3::empty, ns3::empty, ns3::empty, ns3::empty >'],) in wrapper public: virtual retval? ???::SetReceiveCallback (params?) = 0;
  is_pure_virtual=True, is_virtual=True)
/home/cona/workspace/ndnsim/ns-3/src/ndnSIM/bindings/modulegen__gcc_LP64.py:4234: Warning: exception TypeLookupError(['ns3::Callback< void, ns3::Ptr< ns3::NetDevice >, ns3::empty, ns3::empty, ns3::empty, ns3::empty, ns3::empty, ns3::empty, ns3::empty, ns3::empty >'],) in wrapper public: retval? ???::RegisterDeviceAdditionListener (params?);
  [param('ns3::Callback< void, ns3::Ptr< ns3::NetDevice >, ns3::empty, ns3::empty, ns3::empty, ns3::empty, ns3::empty, ns3::empty, ns3::empty, ns3::empty >', 'listener')])
/home/cona/workspace/ndnsim/ns-3/src/ndnSIM/bindings/modulegen__gcc_LP64.py:4242: Warning: exception TypeLookupError(['ns3::Callback< void, ns3::Ptr< ns3::NetDevice >, ns3::empty, ns3::empty, ns3::empty, ns3::empty, ns3::empty, ns3::empty, ns3::empty, ns3::empty >'],) in wrapper public: retval? ???::UnregisterDeviceAdditionListener (params?);
  [param('ns3::Callback< void, ns3::Ptr< ns3::NetDevice >, ns3::empty, ns3::empty, ns3::empty, ns3::empty, ns3::empty, ns3::empty, ns3::empty, ns3::empty >', 'listener')])
/home/cona/workspace/ndnsim/ns-3/src/ndnSIM/bindings/modulegen__gcc_LP64.py:4308: Warning: exception TypeConfigurationError('direction not given',) in wrapper <pybindgen.cppmethod.CppConstructor object at 0x3210f50>
  cls.add_constructor([param('uint8_t const *', 'buffer'), param('uint32_t', 'size'), param('bool', 'magic')])
/home/cona/workspace/ndnsim/ns-3/src/ndnSIM/bindings/modulegen__gcc_LP64.py:4310: Warning: exception TypeConfigurationError('direction not given',) in wrapper <pybindgen.cppmethod.CppConstructor object at 0x3210f90>
  cls.add_constructor([param('uint8_t const *', 'buffer'), param('uint32_t', 'size')])
/home/cona/workspace/ndnsim/ns-3/src/ndnSIM/bindings/modulegen__gcc_LP64.py:4351: Warning: exception TypeConfigurationError('direction not given',) in wrapper public: retval? ???::CopyData (params?) const;
  is_const=True)
/home/cona/workspace/ndnsim/ns-3/src/ndnSIM/bindings/modulegen__gcc_LP64.py:4356: Warning: exception TypeLookupError(['std::ostream *'],) in wrapper public: retval? ???::CopyData (params?) const;
  is_const=True)
/home/cona/workspace/ndnsim/ns-3/src/ndnSIM/bindings/modulegen__gcc_LP64.py:4411: Warning: exception TypeLookupError(['uint8_t *'],) in wrapper public: retval? ???::PeekData (params?) const;
  deprecated=True, is_const=True)
/home/cona/workspace/ndnsim/ns-3/src/ndnSIM/bindings/modulegen__gcc_LP64.py:4430: Warning: exception TypeLookupError(['std::ostream &'],) in wrapper public: retval? ???::Print (params?) const;
  is_const=True)
/home/cona/workspace/ndnsim/ns-3/src/ndnSIM/bindings/modulegen__gcc_LP64.py:4435: Warning: exception TypeLookupError(['std::ostream &'],) in wrapper public: retval? ???::PrintByteTags (params?) const;
  is_const=True)
/home/cona/workspace/ndnsim/ns-3/src/ndnSIM/bindings/modulegen__gcc_LP64.py:4440: Warning: exception TypeLookupError(['std::ostream &'],) in wrapper public: retval? ???::PrintPacketTags (params?) const;
  is_const=True)
/home/cona/workspace/ndnsim/ns-3/src/ndnSIM/bindings/modulegen__gcc_LP64.py:4473: Warning: exception TypeConfigurationError('direction not given',) in wrapper public: retval? ???::Serialize (params?) const;
  is_const=True)
/home/cona/workspace/ndnsim/ns-3/src/ndnSIM/bindings/modulegen__gcc_LP64.py:4710: Warning: exception TypeLookupError(['ns3::Ptr< ns3::ndn::ContentObject const > &'],) in wrapper public: virtual retval? ???::OnContentObject (params?);
  is_virtual=True)
/home/cona/workspace/ndnsim/ns-3/src/ndnSIM/bindings/modulegen__gcc_LP64.py:4715: Warning: exception TypeLookupError(['ns3::Ptr< ns3::ndn::Interest const > &'],) in wrapper public: virtual retval? ???::OnInterest (params?);
  is_virtual=True)
/home/cona/workspace/ndnsim/ns-3/src/ndnSIM/bindings/modulegen__gcc_LP64.py:4720: Warning: exception TypeLookupError(['ns3::Ptr< ns3::ndn::Interest const > &'],) in wrapper public: virtual retval? ???::OnNack (params?);
  is_virtual=True)
/home/cona/workspace/ndnsim/ns-3/src/ndnSIM/bindings/modulegen__gcc_LP64.py:4724: Warning: exception TypeLookupError(['ns3::Callback< bool, ns3::Ptr< ns3::Packet const >, ns3::empty, ns3::empty, ns3::empty, ns3::empty, ns3::empty, ns3::empty, ns3::empty, ns3::empty >'],) in wrapper public: retval? ???::RegisterProtocolHandler (params?);
  [param('ns3::Callback< bool, ns3::Ptr< ns3::Packet const >, ns3::empty, ns3::empty, ns3::empty, ns3::empty, ns3::empty, ns3::empty, ns3::empty, ns3::empty >', 'handler')])
/home/cona/workspace/ndnsim/ns-3/src/ndnSIM/bindings/modulegen__gcc_LP64.py:4823: Warning: exception TypeLookupError(['std::ostream &'],) in wrapper public: virtual retval? ???::Print (params?) const;
  is_const=True, is_virtual=True)
/home/cona/workspace/ndnsim/ns-3/src/ndnSIM/bindings/modulegen__gcc_LP64.py:4887: Warning: exception TypeLookupError(['std::ostream &'],) in wrapper public: virtual retval? ???::Print (params?) const;
  is_const=True, is_virtual=True)
/home/cona/workspace/ndnsim/ns-3/src/ndnSIM/bindings/modulegen__gcc_LP64.py:4935: Warning: exception TypeLookupError(['boost::tuples::tuple< ns3::Ptr< ns3::Packet >, ns3::Ptr< ns3::ndn::ContentObject const >, ns3::Ptr< ns3::Packet const >, boost::tuples::null_type, boost::tuples::null_type, boost::tuples::null_type, boost::tuples::null_type, boost::tuples::null_type, boost::tuples::null_type, boost::tuples::null_type >'],) in wrapper public: virtual retval? ???::Lookup (params?) = 0;
  is_pure_virtual=True, is_virtual=True)
/home/cona/workspace/ndnsim/ns-3/src/ndnSIM/bindings/modulegen__gcc_LP64.py:4945: Warning: exception TypeLookupError(['std::ostream &'],) in wrapper public: virtual retval? ???::Print (params?) const = 0;
  is_pure_virtual=True, is_const=True, is_virtual=True)
/home/cona/workspace/ndnsim/ns-3/src/ndnSIM/bindings/modulegen__gcc_LP64.py:4984: Warning: exception TypeLookupError(['std::ostream &'],) in wrapper public: virtual retval? ???::Print (params?) const;
  is_const=True, is_virtual=True)
/home/cona/workspace/ndnsim/ns-3/src/ndnSIM/bindings/modulegen__gcc_LP64.py:4988: Warning: exception TypeLookupError(['ns3::Ptr< ns3::Packet const > &'],) in wrapper public: retval? ???::Receive (params?);
  [param('ns3::Ptr< ns3::Packet const > const &', 'p')])
/home/cona/workspace/ndnsim/ns-3/src/ndnSIM/bindings/modulegen__gcc_LP64.py:4993: Warning: exception TypeLookupError(['ns3::Callback< void, ns3::Ptr< ns3::ndn::Face >, ns3::Ptr< ns3::Packet const >, ns3::empty, ns3::empty, ns3::empty, ns3::empty, ns3::empty, ns3::empty, ns3::empty >'],) in wrapper public: virtual retval? ???::RegisterProtocolHandler (params?);
  is_virtual=True)
/home/cona/workspace/ndnsim/ns-3/src/ndnSIM/bindings/modulegen__gcc_LP64.py:5027: Warning: exception TypeLookupError(['ns3::Ptr< ns3::ndn::Face > &'],) in wrapper public: retval? ???::Add (params?);
  [param('ns3::Ptr< ns3::ndn::Face > const &', 'face')])
/home/cona/workspace/ndnsim/ns-3/src/ndnSIM/bindings/modulegen__gcc_LP64.py:5040: Warning: exception TypeLookupError(['__gnu_cxx::__normal_iterator< ns3::Ptr< ns3::ndn::Face > const, std::vector< ns3::Ptr< ns3::ndn::Face > > >'],) in wrapper public: retval? ???::Begin (params?) const;
  is_const=True)
/home/cona/workspace/ndnsim/ns-3/src/ndnSIM/bindings/modulegen__gcc_LP64.py:5045: Warning: exception TypeLookupError(['__gnu_cxx::__normal_iterator< ns3::Ptr< ns3::ndn::Face > const, std::vector< ns3::Ptr< ns3::ndn::Face > > >'],) in wrapper public: retval? ???::End (params?) const;
  is_const=True)
/home/cona/workspace/ndnsim/ns-3/src/ndnSIM/bindings/modulegen__gcc_LP64.py:5050: Warning: exception TypeLookupError(['__gnu_cxx::__normal_iterator< ns3::Ptr< ns3::ndn::Face > const, std::vector< ns3::Ptr< ns3::ndn::Face > > >'],) in wrapper public: retval? ???::Get (params?) const;
  is_const=True)
/home/cona/workspace/ndnsim/ns-3/src/ndnSIM/bindings/modulegen__gcc_LP64.py:5071: Warning: exception TypeLookupError(['ns3::Ptr< ns3::ndn::Name const > &'],) in wrapper public: virtual retval? ???::Add (params?) = 0;
  is_pure_virtual=True, is_virtual=True)
/home/cona/workspace/ndnsim/ns-3/src/ndnSIM/bindings/modulegen__gcc_LP64.py:5136: Warning: exception TypeLookupError(['std::ostream &'],) in wrapper public: virtual retval? ???::Print (params?) const = 0;
  is_pure_virtual=True, is_const=True, is_virtual=True)
/home/cona/workspace/ndnsim/ns-3/src/ndnSIM/bindings/modulegen__gcc_LP64.py:5141: Warning: exception TypeLookupError(['ns3::Ptr< ns3::ndn::Name const > &'],) in wrapper public: virtual retval? ???::Remove (params?) = 0;
  is_pure_virtual=True, is_virtual=True)
/home/cona/workspace/ndnsim/ns-3/src/ndnSIM/bindings/modulegen__gcc_LP64.py:5427: Warning: exception TypeLookupError(['std::ostream &'],) in wrapper public: virtual retval? ???::Print (params?) const;
  is_const=True, is_virtual=True)
/home/cona/workspace/ndnsim/ns-3/src/ndnSIM/bindings/modulegen__gcc_LP64.py:5480: Warning: exception TypeLookupError(['ns3::Ptr< ns3::ndn::Face > &'],) in wrapper public: virtual retval? ???::AddFace (params?);
  is_virtual=True)
/home/cona/workspace/ndnsim/ns-3/src/ndnSIM/bindings/modulegen__gcc_LP64.py:5623: Warning: exception TypeLookupError(['std::list< boost::reference_wrapper< std::string const > > &'],) in wrapper <pybindgen.cppmethod.CppConstructor object at 0x3832b90>
  cls.add_constructor([param('std::list< boost::reference_wrapper< std::string const > > const &', 'components')])
/home/cona/workspace/ndnsim/ns-3/src/ndnSIM/bindings/modulegen__gcc_LP64.py:5638: Warning: exception TypeLookupError(['std::list< std::string > &'],) in wrapper public: retval? ???::GetComponents (params?) const;
  is_const=True)
/home/cona/workspace/ndnsim/ns-3/src/ndnSIM/bindings/modulegen__gcc_LP64.py:5653: Warning: exception TypeLookupError(['std::list< boost::reference_wrapper< std::string const > >'],) in wrapper public: retval? ???::GetSubComponents (params?) const;
  is_const=True)
/home/cona/workspace/ndnsim/ns-3/src/ndnSIM/bindings/modulegen__gcc_LP64.py:5658: Warning: exception TypeLookupError(['std::ostream &'],) in wrapper public: retval? ???::Print (params?) const;
  is_const=True)
/home/cona/workspace/ndnsim/ns-3/src/ndnSIM/bindings/modulegen__gcc_LP64.py:5667: Warning: exception TypeLookupError(['std::_List_iterator< std::string >'],) in wrapper public: retval? ???::begin (params?);
  [])
/home/cona/workspace/ndnsim/ns-3/src/ndnSIM/bindings/modulegen__gcc_LP64.py:5672: Warning: exception TypeLookupError(['std::_List_const_iterator< std::string >'],) in wrapper public: retval? ???::begin (params?) const;
  is_const=True)
/home/cona/workspace/ndnsim/ns-3/src/ndnSIM/bindings/modulegen__gcc_LP64.py:5681: Warning: exception TypeLookupError(['std::_List_iterator< std::string >'],) in wrapper public: retval? ???::end (params?);
  [])
/home/cona/workspace/ndnsim/ns-3/src/ndnSIM/bindings/modulegen__gcc_LP64.py:5686: Warning: exception TypeLookupError(['std::_List_const_iterator< std::string >'],) in wrapper public: retval? ???::end (params?) const;
  is_const=True)
/home/cona/workspace/ndnsim/ns-3/src/ndnSIM/bindings/modulegen__gcc_LP64.py:5741: Warning: exception TypeLookupError(['ns3::Ptr< ns3::NetDevice > &'],) in wrapper <pybindgen.cppmethod.CppConstructor object at 0x3848350>
  cls.add_constructor([param('ns3::Ptr< ns3::Node >', 'node'), param('ns3::Ptr< ns3::NetDevice > const &', 'netDevice')])
/home/cona/workspace/ndnsim/ns-3/src/ndnSIM/bindings/modulegen__gcc_LP64.py:5746: Warning: exception TypeLookupError(['ns3::Callback< void, ns3::Ptr< ns3::ndn::Face >, ns3::Ptr< ns3::Packet const >, ns3::empty, ns3::empty, ns3::empty, ns3::empty, ns3::empty, ns3::empty, ns3::empty >'],) in wrapper public: virtual retval? ???::RegisterProtocolHandler (params?);
  is_virtual=True)
/home/cona/workspace/ndnsim/ns-3/src/ndnSIM/bindings/modulegen__gcc_LP64.py:5751: Warning: exception TypeLookupError(['std::ostream &'],) in wrapper public: virtual retval? ???::Print (params?) const;
  is_const=True, is_virtual=True)
/home/cona/workspace/ndnsim/ns-3/src/ndnSIM/bindings/modulegen__gcc_LP64.py:5834: Warning: exception TypeLookupError(['std::ostream &'],) in wrapper public: virtual retval? ???::Print (params?) const = 0;
  is_pure_virtual=True, is_const=True, is_virtual=True)
/home/cona/workspace/ndnsim/ns-3/src/ndnSIM/bindings/modulegen__gcc_LP64.py:5966: Warning: exception TypeLookupError(['ns3::Callback< ns3::Ptr< ns3::ndn::NetDeviceFace >, ns3::Ptr< ns3::Node >, ns3::Ptr< ns3::ndn::L3Protocol >, ns3::Ptr< ns3::NetDevice >, ns3::empty, ns3::empty, ns3::empty, ns3::empty, ns3::empty, ns3::empty >'],) in wrapper public: retval? ???::AddNetDeviceFaceCreateCallback (params?);
  [param('ns3::TypeId', 'netDeviceType'), param('ns3::Callback< ns3::Ptr< ns3::ndn::NetDeviceFace >, ns3::Ptr< ns3::Node >, ns3::Ptr< ns3::ndn::L3Protocol >, ns3::Ptr< ns3::NetDevice >, ns3::empty, ns3::empty, ns3::empty, ns3::empty, ns3::empty, ns3::empty >', 'callback')])
/home/cona/workspace/ndnsim/ns-3/src/ndnSIM/bindings/modulegen__gcc_LP64.py:6041: Warning: exception TypeLookupError(['ns3::Callback< void, ns3::Ptr< ns3::ndn::Face >, ns3::Ptr< ns3::Packet const >, ns3::empty, ns3::empty, ns3::empty, ns3::empty, ns3::empty, ns3::empty, ns3::empty >'],) in wrapper public: virtual retval? ???::RegisterProtocolHandler (params?);
  is_virtual=True)
/home/cona/workspace/ndnsim/ns-3/src/ndnSIM/bindings/modulegen__gcc_LP64.py:6046: Warning: exception TypeLookupError(['std::ostream &'],) in wrapper public: virtual retval? ???::Print (params?) const;
  is_const=True, is_virtual=True)
/home/cona/workspace/ndnsim/ns-3/src/ndnSIM/bindings/modulegen__gcc_LP64.py:6090: Warning: exception TypeLookupError(['ns3::Ptr< ns3::ndn::Name const > &'],) in wrapper <pybindgen.cppmethod.CppConstructor object at 0x3a41350>
  cls.add_constructor([param('ns3::Ptr< ns3::ndn::Fib >', 'fib'), param('ns3::Ptr< ns3::ndn::Name const > const &', 'prefix')])
/home/cona/workspace/ndnsim/ns-3/src/ndnSIM/bindings/modulegen__gcc_LP64.py:6116: Warning: exception TypeLookupError(['ns3::Ptr< ns3::ndn::Face > &'],) in wrapper public: retval? ???::RemoveFace (params?);
  [param('ns3::Ptr< ns3::ndn::Face > const &', 'face')])
bindings/python/ns3modulegen-modular.py:27: UserWarning: exception TypeLookupError(['boost::multi_index::multi_index_container< ns3::ndn::fib::FaceMetric, boost::multi_index::indexed_by< boost::multi_index::ordered_unique< boost::multi_index::tag< ns3::ndn::fib::i_face, mpl_::na, mpl_::na, mpl_::na, mpl_::na, mpl_::na, mpl_::na, mpl_::na, mpl_::na, mpl_::na, mpl_::na, mpl_::na, mpl_::na, mpl_::na, mpl_::na, mpl_::na, mpl_::na, mpl_::na, mpl_::na, mpl_::na >, boost::multi_index::const_mem_fun< ns3::ndn::fib::FaceMetric, ns3::Ptr< ns3::ndn::Face >, & ( ns3::ndn::fib::FaceMetric::GetFace (  ) const ) >, mpl_::na >, boost::multi_index::ordered_non_unique< boost::multi_index::tag< ns3::ndn::fib::i_metric, mpl_::na, mpl_::na, mpl_::na, mpl_::na, mpl_::na, mpl_::na, mpl_::na, mpl_::na, mpl_::na, mpl_::na, mpl_::na, mpl_::na, mpl_::na, mpl_::na, mpl_::na, mpl_::na, mpl_::na, mpl_::na, mpl_::na >, boost::multi_index::composite_key< ns3::ndn::fib::FaceMetric, boost::multi_index::const_mem_fun< ns3::ndn::fib::FaceMetric, ns3::ndn::fib::FaceMetric::Status, & ( ns3::ndn::fib::FaceMetric::GetStatus (  ) const ) >, boost::multi_index::const_mem_fun< ns3::ndn::fib::FaceMetric, int, & ( ns3::ndn::fib::FaceMetric::GetRoutingCost (  ) const ) >, boost::tuples::null_type, boost::tuples::null_type, boost::tuples::null_type, boost::tuples::null_type, boost::tuples::null_type, boost::tuples::null_type, boost::tuples::null_type, boost::tuples::null_type >, mpl_::na >, boost::multi_index::random_access< boost::multi_index::tag< ns3::ndn::fib::i_nth, mpl_::na, mpl_::na, mpl_::na, mpl_::na, mpl_::na, mpl_::na, mpl_::na, mpl_::na, mpl_::na, mpl_::na, mpl_::na, mpl_::na, mpl_::na, mpl_::na, mpl_::na, mpl_::na, mpl_::na, mpl_::na, mpl_::na > >, mpl_::na, mpl_::na, mpl_::na, mpl_::na, mpl_::na, mpl_::na, mpl_::na, mpl_::na, mpl_::na, mpl_::na, mpl_::na, mpl_::na, mpl_::na, mpl_::na, mpl_::na, mpl_::na, mpl_::na >, std::allocator< ns3::ndn::fib::FaceMetric > >'],) in wrapper None
  warnings.warn("exception %r in wrapper %s" % (exception, wrapper))
/home/cona/workspace/ndnsim/ns-3/src/ndnSIM/bindings/modulegen__gcc_LP64.py:6239: Warning: exception TypeLookupError(['boost::shared_ptr< ns3::ndn::fw::Tag >'],) in wrapper public: retval? ???::AddFwTag (params?);
  [param('boost::shared_ptr< ns3::ndn::fw::Tag >', 'tag')])
/home/cona/workspace/ndnsim/ns-3/src/ndnSIM/bindings/modulegen__gcc_LP64.py:6244: Warning: exception TypeLookupError(['std::_Rb_tree_const_iterator< ns3::ndn::pit::IncomingFace >'],) in wrapper public: virtual retval? ???::AddIncoming (params?);
  is_virtual=True)
/home/cona/workspace/ndnsim/ns-3/src/ndnSIM/bindings/modulegen__gcc_LP64.py:6249: Warning: exception TypeLookupError(['std::_Rb_tree_const_iterator< ns3::ndn::pit::OutgoingFace >'],) in wrapper public: virtual retval? ???::AddOutgoing (params?);
  is_virtual=True)
/home/cona/workspace/ndnsim/ns-3/src/ndnSIM/bindings/modulegen__gcc_LP64.py:6288: Warning: exception TypeLookupError(['std::set< ns3::ndn::pit::IncomingFace > &'],) in wrapper public: retval? ???::GetIncoming (params?) const;
  is_const=True)
/home/cona/workspace/ndnsim/ns-3/src/ndnSIM/bindings/modulegen__gcc_LP64.py:6303: Warning: exception TypeLookupError(['std::set< ns3::ndn::pit::OutgoingFace > &'],) in wrapper public: retval? ???::GetOutgoing (params?) const;
  is_const=True)
/home/cona/workspace/ndnsim/pybindgen/pybindgen/cppclass_typehandlers.py:1098: UserWarning: Returning shared pointers is dangerous!  The C++ API should be redesigned to avoid this situation.
  warnings.warn("Returning shared pointers is dangerous!"
bindings/python/ns3modulegen-modular.py:27: UserWarning: exception CodeGenerationError('ns3::ndn::ContentStore cannot be constructed (have pure virtual methods but no helper class)',) in wrapper <pybindgen.CppClass 'ns3::ndn::ContentStore'>
  warnings.warn("exception %r in wrapper %s" % (exception, wrapper))
bindings/python/ns3modulegen-modular.py:27: UserWarning: exception CodeGenerationError('ns3::ndn::ForwardingStrategy cannot be constructed (class has pure virtual methods)',) in wrapper <pybindgen.CppClass 'ns3::ndn::ForwardingStrategy'>
  warnings.warn("exception %r in wrapper %s" % (exception, wrapper))
bindings/python/ns3modulegen-modular.py:27: UserWarning: exception CodeGenerationError('ns3::ndn::Limits cannot be constructed (class has pure virtual methods)',) in wrapper <pybindgen.CppClass 'ns3::ndn::Limits'>
  warnings.warn("exception %r in wrapper %s" % (exception, wrapper))
bindings/python/ns3modulegen-modular.py:27: UserWarning: exception CodeGenerationError('ns3::ndn::NameChecker cannot be constructed (have pure virtual methods but no helper class)',) in wrapper <pybindgen.CppClass 'ns3::ndn::NameChecker'>
  warnings.warn("exception %r in wrapper %s" % (exception, wrapper))
bindings/python/ns3modulegen-modular.py:27: UserWarning: exception CodeGenerationError('ns3::ndn::Pit cannot be constructed (have pure virtual methods but no helper class)',) in wrapper <pybindgen.CppClass 'ns3::ndn::Pit'>
  warnings.warn("exception %r in wrapper %s" % (exception, wrapper))
bindings/python/ns3modulegen-modular.py:27: UserWarning: exception CodeGenerationError('ns3::ndn::RttEstimator cannot be constructed (class has pure virtual methods)',) in wrapper <pybindgen.CppClass 'ns3::ndn::RttEstimator'>
  warnings.warn("exception %r in wrapper %s" % (exception, wrapper))
bindings/python/ns3modulegen-modular.py:27: UserWarning: exception CodeGenerationError('ns3::SimpleRefCount< ns3::ndn::ContentObject, ns3::Header, ns3::DefaultDeleter<ns3::ndn::ContentObject> > cannot be constructed (have pure virtual methods but no helper class)',) in wrapper <pybindgen.CppClass 'ns3::SimpleRefCount< ns3::ndn::ContentObject, ns3::Header, ns3::DefaultDeleter<ns3::ndn::ContentObject> >'>
  warnings.warn("exception %r in wrapper %s" % (exception, wrapper))
